<?xml version="1.0" encoding="utf-8" standalone="no"?>
<!--This file represents the results of running a test suite-->
<test-results name="D:\Программирование\Epam\DOT.net\Test\Test3\My.Complex\My.Complex.Tests\bin\Debug\My.Complex.Tests.exe" total="6" errors="0" failures="0" not-run="0" inconclusive="0" ignored="0" skipped="0" invalid="0" date="2012-03-15" time="14:22:15">
  <environment nunit-version="2.6.0.12051" clr-version="4.0.30319.239" os-version="Microsoft Windows NT 6.1.7601 Service Pack 1" platform="Win32NT" cwd="D:\Программирование\Epam\DOT.net\Test\Test3\My.Complex\My.Complex.Tests\bin\Debug" machine-name="THUG" user="Thug" user-domain="THUG" />
  <culture-info current-culture="ru-RU" current-uiculture="ru-RU" />
  <test-suite type="Assembly" name="D:\Программирование\Epam\DOT.net\Test\Test3\My.Complex\My.Complex.Tests\bin\Debug\My.Complex.Tests.exe" executed="True" result="Success" success="True" time="1.250" asserts="0">
    <results>
      <test-suite type="Namespace" name="My" executed="True" result="Success" success="True" time="1.204" asserts="0">
        <results>
          <test-suite type="Namespace" name="Complex" executed="True" result="Success" success="True" time="1.203" asserts="0">
            <results>
              <test-suite type="Namespace" name="Tests" executed="True" result="Success" success="True" time="1.203" asserts="0">
                <results>
                  <test-suite type="TestFixture" name="ComplexTest" executed="True" result="Success" success="True" time="1.197" asserts="0">
                    <results>
                      <test-case name="My.Complex.Tests.ComplexTest.Divide" executed="True" result="Success" success="True" time="0.064" asserts="1" />
                      <test-case name="My.Complex.Tests.ComplexTest.DivideByZeroTest" executed="True" result="Success" success="True" time="0.082" asserts="0" />
                      <test-case name="My.Complex.Tests.ComplexTest.Module" executed="True" result="Success" success="True" time="0.028" asserts="1" />
                      <test-case name="My.Complex.Tests.ComplexTest.Multiply" executed="True" result="Success" success="True" time="0.003" asserts="1" />
                      <test-case name="My.Complex.Tests.ComplexTest.Subtract" executed="True" result="Success" success="True" time="0.001" asserts="1" />
                      <test-case name="My.Complex.Tests.ComplexTest.Sum" executed="True" result="Success" success="True" time="0.001" asserts="1" />
                    </results>
                  </test-suite>
                </results>
              </test-suite>
            </results>
          </test-suite>
        </results>
      </test-suite>
    </results>
  </test-suite>
</test-results>