<?xml version="1.0" encoding="UTF-8"?>
<TestRun id="45dcaef5-00c1-46aa-a4b4-3ddfb8d98248" name="vaselOK@VASELOK-ПК 2012-04-04 20:37:09" runUser="vaselOK-ПК\vaselOK" xmlns="http://microsoft.com/schemas/VisualStudio/TeamTest/2010">
  <TestSettings name="Параметры тестирования по умолчанию" id="aaafa221-1437-4cee-9155-a0ff1df6508e">
    <Deployment runDeploymentRoot="vaselOK_VASELOK-ПК 2012-04-04 20_37_09">
      <DeploymentItem filename="F:\учеба\ASP_EPAM\Day6.Workshop\Enumerable\bin\Debug\Enumerable.dll" />
    </Deployment>
    <Execution>
      <TestTypeSpecific />
      <AgentRule name="Execution Agents">
      </AgentRule>
    </Execution>
  </TestSettings>
  <Times creation="2012-04-04T20:37:09.0505588+03:00" queuing="2012-04-04T20:37:09.1465643+03:00" start="2012-04-04T20:37:09.1745659+03:00" finish="2012-04-04T20:37:10.2696285+03:00" />
  <ResultSummary outcome="Failed">
    <Counters total="41" executed="41" passed="35" error="0" failed="6" timeout="0" aborted="0" inconclusive="0" passedButRunAborted="0" notRunnable="0" notExecuted="0" disconnected="0" warning="0" completed="0" inProgress="0" pending="0" />
  </ResultSummary>
  <TestDefinitions>
    <UnitTest name="GetCountOfStrings_Should_Return_Right_Result" storage="f:\учеба\asp_epam\day6.workshop\enumerabletest\bin\debug\enumerabletest.dll" id="045fb746-ba3d-711e-94ba-3ded5d205be1">
      <TestCategory>
        <TestCategoryItem TestCategory="GetCountOfStrings" />
      </TestCategory>
      <Execution id="5fc2594d-f08c-42ae-98d9-29d3caa19e38" />
      <TestMethod codeBase="F:/учеба/ASP_EPAM/Day6.Workshop/EnumerableTest/bin/Debug/EnumerableTest.DLL" adapterTypeName="Microsoft.VisualStudio.TestTools.TestTypes.Unit.UnitTestAdapter, Microsoft.VisualStudio.QualityTools.Tips.UnitTest.Adapter, Version=10.0.0.0, Culture=neutral, PublicKeyToken=b03f5f7f11d50a3a" className="EnumerableTest.TaskTest, EnumerableTest, Version=0.0.0.0, Culture=neutral, PublicKeyToken=null" name="GetCountOfStrings_Should_Return_Right_Result" />
    </UnitTest>
    <UnitTest name="GetNextVersionFromList_Should_Return_Right_Results" storage="f:\учеба\asp_epam\day6.workshop\enumerabletest\bin\debug\enumerabletest.dll" id="b71c9ec6-625b-4e8f-1ec8-f546c24b3cdd">
      <TestCategory>
        <TestCategoryItem TestCategory="GetNextVersionFromList" />
      </TestCategory>
      <Execution id="5d04be7c-deb4-46cb-bd2b-b56735efd5da" />
      <TestMethod codeBase="F:/учеба/ASP_EPAM/Day6.Workshop/EnumerableTest/bin/Debug/EnumerableTest.DLL" adapterTypeName="Microsoft.VisualStudio.TestTools.TestTypes.Unit.UnitTestAdapter, Microsoft.VisualStudio.QualityTools.Tips.UnitTest.Adapter, Version=10.0.0.0, Culture=neutral, PublicKeyToken=b03f5f7f11d50a3a" className="EnumerableTest.TaskTest, EnumerableTest, Version=0.0.0.0, Culture=neutral, PublicKeyToken=null" name="GetNextVersionFromList_Should_Return_Right_Results" />
    </UnitTest>
    <UnitTest name="GetSumOfVectors_Should_Return_Right_Results" storage="f:\учеба\asp_epam\day6.workshop\enumerabletest\bin\debug\enumerabletest.dll" id="cfe08222-f6de-0def-88d5-c5148407d1d3">
      <TestCategory>
        <TestCategoryItem TestCategory="GetSumOfVectors" />
      </TestCategory>
      <Execution id="e6036c5d-177e-437b-9bbc-10a61460786a" />
      <TestMethod codeBase="F:/учеба/ASP_EPAM/Day6.Workshop/EnumerableTest/bin/Debug/EnumerableTest.DLL" adapterTypeName="Microsoft.VisualStudio.TestTools.TestTypes.Unit.UnitTestAdapter, Microsoft.VisualStudio.QualityTools.Tips.UnitTest.Adapter, Version=10.0.0.0, Culture=neutral, PublicKeyToken=b03f5f7f11d50a3a" className="EnumerableTest.TaskTest, EnumerableTest, Version=0.0.0.0, Culture=neutral, PublicKeyToken=null" name="GetSumOfVectors_Should_Return_Right_Results" />
    </UnitTest>
    <UnitTest name="GetPrefixItems_Should_Raise_Exception_If_Prefix_Is_Null" storage="f:\учеба\asp_epam\day6.workshop\enumerabletest\bin\debug\enumerabletest.dll" id="608e8c24-666d-dcf7-c02c-68d28a471684">
      <TestCategory>
        <TestCategoryItem TestCategory="GetPrefixItems" />
      </TestCategory>
      <Execution id="a6c27e35-9885-4efa-9aca-ccd0a628b322" />
      <TestMethod codeBase="F:/учеба/ASP_EPAM/Day6.Workshop/EnumerableTest/bin/Debug/EnumerableTest.DLL" adapterTypeName="Microsoft.VisualStudio.TestTools.TestTypes.Unit.UnitTestAdapter, Microsoft.VisualStudio.QualityTools.Tips.UnitTest.Adapter, Version=10.0.0.0, Culture=neutral, PublicKeyToken=b03f5f7f11d50a3a" className="EnumerableTest.TaskTest, EnumerableTest, Version=0.0.0.0, Culture=neutral, PublicKeyToken=null" name="GetPrefixItems_Should_Raise_Exception_If_Prefix_Is_Null" />
    </UnitTest>
    <UnitTest name="GetCountOfGreaterThen10_Should_Return_Right_Result" storage="f:\учеба\asp_epam\day6.workshop\enumerabletest\bin\debug\enumerabletest.dll" id="1a3ca12f-fd40-063e-1b5e-7b7cacc7a8f9">
      <TestCategory>
        <TestCategoryItem TestCategory="GetCountOfGreaterThen10" />
      </TestCategory>
      <Execution id="1e0d0b6e-9da7-46cb-a97e-78a2820b83ae" />
      <TestMethod codeBase="F:/учеба/ASP_EPAM/Day6.Workshop/EnumerableTest/bin/Debug/EnumerableTest.DLL" adapterTypeName="Microsoft.VisualStudio.TestTools.TestTypes.Unit.UnitTestAdapter, Microsoft.VisualStudio.QualityTools.Tips.UnitTest.Adapter, Version=10.0.0.0, Culture=neutral, PublicKeyToken=b03f5f7f11d50a3a" className="EnumerableTest.TaskTest, EnumerableTest, Version=0.0.0.0, Culture=neutral, PublicKeyToken=null" name="GetCountOfGreaterThen10_Should_Return_Right_Result" />
    </UnitTest>
    <UnitTest name="GetQuarterSales_Should_Return_Right_Results" storage="f:\учеба\asp_epam\day6.workshop\enumerabletest\bin\debug\enumerabletest.dll" id="59cfd53f-f7e3-6314-32be-e4ed7905d52b">
      <TestCategory>
        <TestCategoryItem TestCategory="GetQuarterSales" />
      </TestCategory>
      <Execution id="7126ca72-d9c3-4abd-bee6-a94a9daf40fc" />
      <TestMethod codeBase="F:/учеба/ASP_EPAM/Day6.Workshop/EnumerableTest/bin/Debug/EnumerableTest.DLL" adapterTypeName="Microsoft.VisualStudio.TestTools.TestTypes.Unit.UnitTestAdapter, Microsoft.VisualStudio.QualityTools.Tips.UnitTest.Adapter, Version=10.0.0.0, Culture=neutral, PublicKeyToken=b03f5f7f11d50a3a" className="EnumerableTest.TaskTest, EnumerableTest, Version=0.0.0.0, Culture=neutral, PublicKeyToken=null" name="GetQuarterSales_Should_Return_Right_Results" />
    </UnitTest>
    <UnitTest name="GetProductOfVectors_Should_Return_Right_Results" storage="f:\учеба\asp_epam\day6.workshop\enumerabletest\bin\debug\enumerabletest.dll" id="e24fc1e5-5dfe-c952-0f03-ee2451eb399e">
      <TestCategory>
        <TestCategoryItem TestCategory="GetProductOfVectors" />
      </TestCategory>
      <Execution id="e24f31da-d1bd-49d5-92dc-63971bfd6aff" />
      <TestMethod codeBase="F:/учеба/ASP_EPAM/Day6.Workshop/EnumerableTest/bin/Debug/EnumerableTest.DLL" adapterTypeName="Microsoft.VisualStudio.TestTools.TestTypes.Unit.UnitTestAdapter, Microsoft.VisualStudio.QualityTools.Tips.UnitTest.Adapter, Version=10.0.0.0, Culture=neutral, PublicKeyToken=b03f5f7f11d50a3a" className="EnumerableTest.TaskTest, EnumerableTest, Version=0.0.0.0, Culture=neutral, PublicKeyToken=null" name="GetProductOfVectors_Should_Return_Right_Results" />
    </UnitTest>
    <UnitTest name="GetUsedChars_Should_Return_List_of_Chars" storage="f:\учеба\asp_epam\day6.workshop\enumerabletest\bin\debug\enumerabletest.dll" id="4dae8c9f-c963-a4c7-f99c-6845e83c59e5">
      <TestCategory>
        <TestCategoryItem TestCategory="GetUsedChars" />
      </TestCategory>
      <Execution id="c63e6ead-0676-4060-9a76-7ab0c22b6d33" />
      <TestMethod codeBase="F:/учеба/ASP_EPAM/Day6.Workshop/EnumerableTest/bin/Debug/EnumerableTest.DLL" adapterTypeName="Microsoft.VisualStudio.TestTools.TestTypes.Unit.UnitTestAdapter, Microsoft.VisualStudio.QualityTools.Tips.UnitTest.Adapter, Version=10.0.0.0, Culture=neutral, PublicKeyToken=b03f5f7f11d50a3a" className="EnumerableTest.TaskTest, EnumerableTest, Version=0.0.0.0, Culture=neutral, PublicKeyToken=null" name="GetUsedChars_Should_Return_List_of_Chars" />
    </UnitTest>
    <UnitTest name="GetDigitCharsCount_Should_Return_Number_Of_Digit_Chars" storage="f:\учеба\asp_epam\day6.workshop\enumerabletest\bin\debug\enumerabletest.dll" id="b49786a5-3674-e883-0aa2-b7b8dd7bac3c">
      <TestCategory>
        <TestCategoryItem TestCategory="GetDigitCharsCount" />
      </TestCategory>
      <Execution id="564c196d-db13-4398-8449-46b0eb9db814" />
      <TestMethod codeBase="F:/учеба/ASP_EPAM/Day6.Workshop/EnumerableTest/bin/Debug/EnumerableTest.DLL" adapterTypeName="Microsoft.VisualStudio.TestTools.TestTypes.Unit.UnitTestAdapter, Microsoft.VisualStudio.QualityTools.Tips.UnitTest.Adapter, Version=10.0.0.0, Culture=neutral, PublicKeyToken=b03f5f7f11d50a3a" className="EnumerableTest.TaskTest, EnumerableTest, Version=0.0.0.0, Culture=neutral, PublicKeyToken=null" name="GetDigitCharsCount_Should_Return_Number_Of_Digit_Chars" />
    </UnitTest>
    <UnitTest name="GetSquareSequence_Should_Return_Square_Items" storage="f:\учеба\asp_epam\day6.workshop\enumerabletest\bin\debug\enumerabletest.dll" id="43c72a8d-c049-5b37-79ec-2fc27da8bc8d">
      <TestCategory>
        <TestCategoryItem TestCategory="GetSquareSequence" />
      </TestCategory>
      <Execution id="8e4cec11-72b1-47d0-b4e4-4f8d049cab65" />
      <TestMethod codeBase="F:/учеба/ASP_EPAM/Day6.Workshop/EnumerableTest/bin/Debug/EnumerableTest.DLL" adapterTypeName="Microsoft.VisualStudio.TestTools.TestTypes.Unit.UnitTestAdapter, Microsoft.VisualStudio.QualityTools.Tips.UnitTest.Adapter, Version=10.0.0.0, Culture=neutral, PublicKeyToken=b03f5f7f11d50a3a" className="EnumerableTest.TaskTest, EnumerableTest, Version=0.0.0.0, Culture=neutral, PublicKeyToken=null" name="GetSquareSequence_Should_Return_Square_Items" />
    </UnitTest>
    <UnitTest name="GetPrefixItems_Should_Return_Items_Started_With_Required_Prefix" storage="f:\учеба\asp_epam\day6.workshop\enumerabletest\bin\debug\enumerabletest.dll" id="5b75b77b-328e-1e07-812e-ae5858f99375">
      <TestCategory>
        <TestCategoryItem TestCategory="GetPrefixItems" />
      </TestCategory>
      <Execution id="afb8f9a5-0a75-4030-8a5d-5cd5d28fe30a" />
      <TestMethod codeBase="F:/учеба/ASP_EPAM/Day6.Workshop/EnumerableTest/bin/Debug/EnumerableTest.DLL" adapterTypeName="Microsoft.VisualStudio.TestTools.TestTypes.Unit.UnitTestAdapter, Microsoft.VisualStudio.QualityTools.Tips.UnitTest.Adapter, Version=10.0.0.0, Culture=neutral, PublicKeyToken=b03f5f7f11d50a3a" className="EnumerableTest.TaskTest, EnumerableTest, Version=0.0.0.0, Culture=neutral, PublicKeyToken=null" name="GetPrefixItems_Should_Return_Items_Started_With_Required_Prefix" />
    </UnitTest>
    <UnitTest name="GetFirstNegativeSubsequence_Should_Return_Right_Results" storage="f:\учеба\asp_epam\day6.workshop\enumerabletest\bin\debug\enumerabletest.dll" id="493d7ab6-74be-557c-936e-edf421905239">
      <TestCategory>
        <TestCategoryItem TestCategory="GetFirstNegativeSubsequence" />
      </TestCategory>
      <Execution id="707d963a-739c-4f33-8ee4-7397ec539070" />
      <TestMethod codeBase="F:/учеба/ASP_EPAM/Day6.Workshop/EnumerableTest/bin/Debug/EnumerableTest.DLL" adapterTypeName="Microsoft.VisualStudio.TestTools.TestTypes.Unit.UnitTestAdapter, Microsoft.VisualStudio.QualityTools.Tips.UnitTest.Adapter, Version=10.0.0.0, Culture=neutral, PublicKeyToken=b03f5f7f11d50a3a" className="EnumerableTest.TaskTest, EnumerableTest, Version=0.0.0.0, Culture=neutral, PublicKeyToken=null" name="GetFirstNegativeSubsequence_Should_Return_Right_Results" />
    </UnitTest>
    <UnitTest name="GetCountOfStringsWithMaxLenght_Should_Return_Right_Result" storage="f:\учеба\asp_epam\day6.workshop\enumerabletest\bin\debug\enumerabletest.dll" id="c16c7d47-220f-99a7-bc0c-07aa9bd68b77">
      <TestCategory>
        <TestCategoryItem TestCategory="GetCountOfStringsWithMaxLenght" />
      </TestCategory>
      <Execution id="4865f0d2-21e4-404b-9b11-24c7a7773159" />
      <TestMethod codeBase="F:/учеба/ASP_EPAM/Day6.Workshop/EnumerableTest/bin/Debug/EnumerableTest.DLL" adapterTypeName="Microsoft.VisualStudio.TestTools.TestTypes.Unit.UnitTestAdapter, Microsoft.VisualStudio.QualityTools.Tips.UnitTest.Adapter, Version=10.0.0.0, Culture=neutral, PublicKeyToken=b03f5f7f11d50a3a" className="EnumerableTest.TaskTest, EnumerableTest, Version=0.0.0.0, Culture=neutral, PublicKeyToken=null" name="GetCountOfStringsWithMaxLenght_Should_Return_Right_Result" />
    </UnitTest>
    <UnitTest name="GetPrefixItems_Should_Return_Empty_Sequence_If_No_Items_With_Required_Prefix" storage="f:\учеба\asp_epam\day6.workshop\enumerabletest\bin\debug\enumerabletest.dll" id="11c1deb1-0eef-696f-1bf1-9ebc7303fa37">
      <TestCategory>
        <TestCategoryItem TestCategory="GetPrefixItems" />
      </TestCategory>
      <Execution id="255ebd6d-2214-4f50-9003-2ee96993d73e" />
      <TestMethod codeBase="F:/учеба/ASP_EPAM/Day6.Workshop/EnumerableTest/bin/Debug/EnumerableTest.DLL" adapterTypeName="Microsoft.VisualStudio.TestTools.TestTypes.Unit.UnitTestAdapter, Microsoft.VisualStudio.QualityTools.Tips.UnitTest.Adapter, Version=10.0.0.0, Culture=neutral, PublicKeyToken=b03f5f7f11d50a3a" className="EnumerableTest.TaskTest, EnumerableTest, Version=0.0.0.0, Culture=neutral, PublicKeyToken=null" name="GetPrefixItems_Should_Return_Empty_Sequence_If_No_Items_With_Required_Prefix" />
    </UnitTest>
    <UnitTest name="GetFirstContainsFirst_Should_Return_Right_Result" storage="f:\учеба\asp_epam\day6.workshop\enumerabletest\bin\debug\enumerabletest.dll" id="3e3e5339-fc6a-81ab-04d0-eac57d498273">
      <TestCategory>
        <TestCategoryItem TestCategory="GetFirstContainsFirst" />
      </TestCategory>
      <Execution id="7581dede-a505-4843-899a-97b4e0382448" />
      <TestMethod codeBase="F:/учеба/ASP_EPAM/Day6.Workshop/EnumerableTest/bin/Debug/EnumerableTest.DLL" adapterTypeName="Microsoft.VisualStudio.TestTools.TestTypes.Unit.UnitTestAdapter, Microsoft.VisualStudio.QualityTools.Tips.UnitTest.Adapter, Version=10.0.0.0, Culture=neutral, PublicKeyToken=b03f5f7f11d50a3a" className="EnumerableTest.TaskTest, EnumerableTest, Version=0.0.0.0, Culture=neutral, PublicKeyToken=null" name="GetFirstContainsFirst_Should_Return_Right_Result" />
    </UnitTest>
    <UnitTest name="IsAllStringsAreUppercase_Should_Return_Right_Results" storage="f:\учеба\asp_epam\day6.workshop\enumerabletest\bin\debug\enumerabletest.dll" id="7341c297-c057-8ebe-50ef-d6d392dc16f5">
      <TestCategory>
        <TestCategoryItem TestCategory="IsAllStringsAreUppercase" />
      </TestCategory>
      <Execution id="2269c89b-f110-4477-b0eb-fe06541606d3" />
      <TestMethod codeBase="F:/учеба/ASP_EPAM/Day6.Workshop/EnumerableTest/bin/Debug/EnumerableTest.DLL" adapterTypeName="Microsoft.VisualStudio.TestTools.TestTypes.Unit.UnitTestAdapter, Microsoft.VisualStudio.QualityTools.Tips.UnitTest.Adapter, Version=10.0.0.0, Culture=neutral, PublicKeyToken=b03f5f7f11d50a3a" className="EnumerableTest.TaskTest, EnumerableTest, Version=0.0.0.0, Culture=neutral, PublicKeyToken=null" name="IsAllStringsAreUppercase_Should_Return_Right_Results" />
    </UnitTest>
    <UnitTest name="Get3TopItems_Should_Return_Square_Items" storage="f:\учеба\asp_epam\day6.workshop\enumerabletest\bin\debug\enumerabletest.dll" id="4c54e396-1ddd-c0e2-8cd1-002e6ee61220">
      <TestCategory>
        <TestCategoryItem TestCategory="Get3TopItems" />
      </TestCategory>
      <Execution id="cfcc4ba4-0620-48b0-ad52-ae6d9b7bb899" />
      <TestMethod codeBase="F:/учеба/ASP_EPAM/Day6.Workshop/EnumerableTest/bin/Debug/EnumerableTest.DLL" adapterTypeName="Microsoft.VisualStudio.TestTools.TestTypes.Unit.UnitTestAdapter, Microsoft.VisualStudio.QualityTools.Tips.UnitTest.Adapter, Version=10.0.0.0, Culture=neutral, PublicKeyToken=b03f5f7f11d50a3a" className="EnumerableTest.TaskTest, EnumerableTest, Version=0.0.0.0, Culture=neutral, PublicKeyToken=null" name="Get3TopItems_Should_Return_Square_Items" />
    </UnitTest>
    <UnitTest name="GetCountOfStringsWithLengthEqualsTo3_Should_Return_Right_Result" storage="f:\учеба\asp_epam\day6.workshop\enumerabletest\bin\debug\enumerabletest.dll" id="d46cfb58-bf8e-887e-ce38-565d152e39c9">
      <TestCategory>
        <TestCategoryItem TestCategory="GetCountOfStringsWithLengthEqualsTo3" />
      </TestCategory>
      <Execution id="1e4d9f94-568a-48db-b195-18da8e7bed50" />
      <TestMethod codeBase="F:/учеба/ASP_EPAM/Day6.Workshop/EnumerableTest/bin/Debug/EnumerableTest.DLL" adapterTypeName="Microsoft.VisualStudio.TestTools.TestTypes.Unit.UnitTestAdapter, Microsoft.VisualStudio.QualityTools.Tips.UnitTest.Adapter, Version=10.0.0.0, Culture=neutral, PublicKeyToken=b03f5f7f11d50a3a" className="EnumerableTest.TaskTest, EnumerableTest, Version=0.0.0.0, Culture=neutral, PublicKeyToken=null" name="GetCountOfStringsWithLengthEqualsTo3_Should_Return_Right_Result" />
    </UnitTest>
    <UnitTest name="CombineNumbersAndFruits_Should_Return_Right_Results" storage="f:\учеба\asp_epam\day6.workshop\enumerabletest\bin\debug\enumerabletest.dll" id="4aa0c7c0-5ae9-c68b-8fc7-21a64305d247">
      <TestCategory>
        <TestCategoryItem TestCategory="CombineNumbersAndFruits" />
      </TestCategory>
      <Execution id="439763fb-585a-4886-9d9d-096d00af2f65" />
      <TestMethod codeBase="F:/учеба/ASP_EPAM/Day6.Workshop/EnumerableTest/bin/Debug/EnumerableTest.DLL" adapterTypeName="Microsoft.VisualStudio.TestTools.TestTypes.Unit.UnitTestAdapter, Microsoft.VisualStudio.QualityTools.Tips.UnitTest.Adapter, Version=10.0.0.0, Culture=neutral, PublicKeyToken=b03f5f7f11d50a3a" className="EnumerableTest.TaskTest, EnumerableTest, Version=0.0.0.0, Culture=neutral, PublicKeyToken=null" name="CombineNumbersAndFruits_Should_Return_Right_Results" />
    </UnitTest>
    <UnitTest name="GetStringOfSequence_Should_Return_Right_Results" storage="f:\учеба\asp_epam\day6.workshop\enumerabletest\bin\debug\enumerabletest.dll" id="068a35e1-babe-dd13-85ee-ce6cb79a6f86">
      <TestCategory>
        <TestCategoryItem TestCategory="GetStringOfSequence" />
      </TestCategory>
      <Execution id="fe92a70a-a5cf-468b-a419-81db76f63cba" />
      <TestMethod codeBase="F:/учеба/ASP_EPAM/Day6.Workshop/EnumerableTest/bin/Debug/EnumerableTest.DLL" adapterTypeName="Microsoft.VisualStudio.TestTools.TestTypes.Unit.UnitTestAdapter, Microsoft.VisualStudio.QualityTools.Tips.UnitTest.Adapter, Version=10.0.0.0, Culture=neutral, PublicKeyToken=b03f5f7f11d50a3a" className="EnumerableTest.TaskTest, EnumerableTest, Version=0.0.0.0, Culture=neutral, PublicKeyToken=null" name="GetStringOfSequence_Should_Return_Right_Results" />
    </UnitTest>
    <UnitTest name="GetStringsOnly_Should_Return_Right_Results" storage="f:\учеба\asp_epam\day6.workshop\enumerabletest\bin\debug\enumerabletest.dll" id="e649b2f4-e915-f12f-449b-cca2c13f2de3">
      <TestCategory>
        <TestCategoryItem TestCategory="GetStringsOnly" />
      </TestCategory>
      <Execution id="3adaecad-5d05-4a4b-a518-b7fd381dbd73" />
      <TestMethod codeBase="F:/учеба/ASP_EPAM/Day6.Workshop/EnumerableTest/bin/Debug/EnumerableTest.DLL" adapterTypeName="Microsoft.VisualStudio.TestTools.TestTypes.Unit.UnitTestAdapter, Microsoft.VisualStudio.QualityTools.Tips.UnitTest.Adapter, Version=10.0.0.0, Culture=neutral, PublicKeyToken=b03f5f7f11d50a3a" className="EnumerableTest.TaskTest, EnumerableTest, Version=0.0.0.0, Culture=neutral, PublicKeyToken=null" name="GetStringsOnly_Should_Return_Right_Results" />
    </UnitTest>
    <UnitTest name="GetIEnumerableTypesNames_Should_Return_Right_Results" storage="f:\учеба\asp_epam\day6.workshop\enumerabletest\bin\debug\enumerabletest.dll" id="54bfe939-eff8-e58f-ab02-133227efae85">
      <TestCategory>
        <TestCategoryItem TestCategory="GetIEnumerableTypesNames" />
      </TestCategory>
      <Execution id="f052bb2f-ba97-4570-8046-bdf02ec5917c" />
      <TestMethod codeBase="F:/учеба/ASP_EPAM/Day6.Workshop/EnumerableTest/bin/Debug/EnumerableTest.DLL" adapterTypeName="Microsoft.VisualStudio.TestTools.TestTypes.Unit.UnitTestAdapter, Microsoft.VisualStudio.QualityTools.Tips.UnitTest.Adapter, Version=10.0.0.0, Culture=neutral, PublicKeyToken=b03f5f7f11d50a3a" className="EnumerableTest.TaskTest, EnumerableTest, Version=0.0.0.0, Culture=neutral, PublicKeyToken=null" name="GetIEnumerableTypesNames_Should_Return_Right_Results" />
    </UnitTest>
    <UnitTest name="GetDigitCharsCount_Should_Throw_ArgumentException_If_data_Is_Null" storage="f:\учеба\asp_epam\day6.workshop\enumerabletest\bin\debug\enumerabletest.dll" id="3c334d4c-8dc8-d688-719d-596a1c04a356">
      <TestCategory>
        <TestCategoryItem TestCategory="GetDigitCharsCount" />
      </TestCategory>
      <Execution id="bebf8498-3a87-4fcb-bcfd-52f74beb7170" />
      <TestMethod codeBase="F:/учеба/ASP_EPAM/Day6.Workshop/EnumerableTest/bin/Debug/EnumerableTest.DLL" adapterTypeName="Microsoft.VisualStudio.TestTools.TestTypes.Unit.UnitTestAdapter, Microsoft.VisualStudio.QualityTools.Tips.UnitTest.Adapter, Version=10.0.0.0, Culture=neutral, PublicKeyToken=b03f5f7f11d50a3a" className="EnumerableTest.TaskTest, EnumerableTest, Version=0.0.0.0, Culture=neutral, PublicKeyToken=null" name="GetDigitCharsCount_Should_Throw_ArgumentException_If_data_Is_Null" />
    </UnitTest>
    <UnitTest name="GetUppercaseStrings_Should_Return_Uppercased_Strings" storage="f:\учеба\asp_epam\day6.workshop\enumerabletest\bin\debug\enumerabletest.dll" id="89ecf07f-9a5c-e329-78c4-b63b2fb8e2c9">
      <TestCategory>
        <TestCategoryItem TestCategory="GetUppercaseStrings" />
      </TestCategory>
      <Execution id="031f7bea-9b53-4e02-9ed9-23481ed611a0" />
      <TestMethod codeBase="F:/учеба/ASP_EPAM/Day6.Workshop/EnumerableTest/bin/Debug/EnumerableTest.DLL" adapterTypeName="Microsoft.VisualStudio.TestTools.TestTypes.Unit.UnitTestAdapter, Microsoft.VisualStudio.QualityTools.Tips.UnitTest.Adapter, Version=10.0.0.0, Culture=neutral, PublicKeyToken=b03f5f7f11d50a3a" className="EnumerableTest.TaskTest, EnumerableTest, Version=0.0.0.0, Culture=neutral, PublicKeyToken=null" name="GetUppercaseStrings_Should_Return_Uppercased_Strings" />
    </UnitTest>
    <UnitTest name="GetAverageOfDoubleValues_Should_Return_Right_Results" storage="f:\учеба\asp_epam\day6.workshop\enumerabletest\bin\debug\enumerabletest.dll" id="490f9b19-ece3-4e52-4cc8-91678ac7e694">
      <TestCategory>
        <TestCategoryItem TestCategory="GetAverageOfDoubleValues" />
      </TestCategory>
      <Execution id="5e677c47-911c-4b22-b820-00801936b8a4" />
      <TestMethod codeBase="F:/учеба/ASP_EPAM/Day6.Workshop/EnumerableTest/bin/Debug/EnumerableTest.DLL" adapterTypeName="Microsoft.VisualStudio.TestTools.TestTypes.Unit.UnitTestAdapter, Microsoft.VisualStudio.QualityTools.Tips.UnitTest.Adapter, Version=10.0.0.0, Culture=neutral, PublicKeyToken=b03f5f7f11d50a3a" className="EnumerableTest.TaskTest, EnumerableTest, Version=0.0.0.0, Culture=neutral, PublicKeyToken=null" name="GetAverageOfDoubleValues_Should_Return_Right_Results" />
    </UnitTest>
    <UnitTest name="SortDigitNamesByNumericOrder_Should_Return_Right_Results" storage="f:\учеба\asp_epam\day6.workshop\enumerabletest\bin\debug\enumerabletest.dll" id="c12e3770-66b3-84f2-92aa-d27c4eb76039">
      <TestCategory>
        <TestCategoryItem TestCategory="SortDigitNamesByNumericOrder" />
      </TestCategory>
      <Execution id="1c03bb9d-b0b6-41ba-b7e8-8f6bc1f3cbd0" />
      <TestMethod codeBase="F:/учеба/ASP_EPAM/Day6.Workshop/EnumerableTest/bin/Debug/EnumerableTest.DLL" adapterTypeName="Microsoft.VisualStudio.TestTools.TestTypes.Unit.UnitTestAdapter, Microsoft.VisualStudio.QualityTools.Tips.UnitTest.Adapter, Version=10.0.0.0, Culture=neutral, PublicKeyToken=b03f5f7f11d50a3a" className="EnumerableTest.TaskTest, EnumerableTest, Version=0.0.0.0, Culture=neutral, PublicKeyToken=null" name="SortDigitNamesByNumericOrder_Should_Return_Right_Results" />
    </UnitTest>
    <UnitTest name="GetSpecificEventEntriesCount_Should_Return_Right_Result" storage="f:\учеба\asp_epam\day6.workshop\enumerabletest\bin\debug\enumerabletest.dll" id="4e8e8de7-9b72-0cbc-9ab1-45b0e90ac2f5">
      <TestCategory>
        <TestCategoryItem TestCategory="GetSpecificEventEntriesCount" />
      </TestCategory>
      <Execution id="2bd23d95-86e2-4559-9f57-1c8dd71db851" />
      <TestMethod codeBase="F:/учеба/ASP_EPAM/Day6.Workshop/EnumerableTest/bin/Debug/EnumerableTest.DLL" adapterTypeName="Microsoft.VisualStudio.TestTools.TestTypes.Unit.UnitTestAdapter, Microsoft.VisualStudio.QualityTools.Tips.UnitTest.Adapter, Version=10.0.0.0, Culture=neutral, PublicKeyToken=b03f5f7f11d50a3a" className="EnumerableTest.TaskTest, EnumerableTest, Version=0.0.0.0, Culture=neutral, PublicKeyToken=null" name="GetSpecificEventEntriesCount_Should_Return_Right_Result" />
    </UnitTest>
    <UnitTest name="GetCommonChars_Should_Return_Right_Results" storage="f:\учеба\asp_epam\day6.workshop\enumerabletest\bin\debug\enumerabletest.dll" id="7b6e24df-00d3-a95f-ea51-95c29ba34c7e">
      <TestCategory>
        <TestCategoryItem TestCategory="GetCommonChars" />
      </TestCategory>
      <Execution id="59ac6bc8-0277-4144-9844-97ee76a5014d" />
      <TestMethod codeBase="F:/учеба/ASP_EPAM/Day6.Workshop/EnumerableTest/bin/Debug/EnumerableTest.DLL" adapterTypeName="Microsoft.VisualStudio.TestTools.TestTypes.Unit.UnitTestAdapter, Microsoft.VisualStudio.QualityTools.Tips.UnitTest.Adapter, Version=10.0.0.0, Culture=neutral, PublicKeyToken=b03f5f7f11d50a3a" className="EnumerableTest.TaskTest, EnumerableTest, Version=0.0.0.0, Culture=neutral, PublicKeyToken=null" name="GetCommonChars_Should_Return_Right_Results" />
    </UnitTest>
    <UnitTest name="GetTotalStringsLength_Should_Return_Right_Results" storage="f:\учеба\asp_epam\day6.workshop\enumerabletest\bin\debug\enumerabletest.dll" id="6555c6f9-4be4-2bb5-f66b-17e0ac806335">
      <TestCategory>
        <TestCategoryItem TestCategory="GetTotalStringsLength" />
      </TestCategory>
      <Execution id="6efdb00c-d682-4341-8407-87410544282e" />
      <TestMethod codeBase="F:/учеба/ASP_EPAM/Day6.Workshop/EnumerableTest/bin/Debug/EnumerableTest.DLL" adapterTypeName="Microsoft.VisualStudio.TestTools.TestTypes.Unit.UnitTestAdapter, Microsoft.VisualStudio.QualityTools.Tips.UnitTest.Adapter, Version=10.0.0.0, Culture=neutral, PublicKeyToken=b03f5f7f11d50a3a" className="EnumerableTest.TaskTest, EnumerableTest, Version=0.0.0.0, Culture=neutral, PublicKeyToken=null" name="GetTotalStringsLength_Should_Return_Right_Results" />
    </UnitTest>
    <UnitTest name="GetMissingDigits_Should_Return_Right_Results" storage="f:\учеба\asp_epam\day6.workshop\enumerabletest\bin\debug\enumerabletest.dll" id="4e4e92b1-cb43-4420-f1d2-e3e8be142f10">
      <TestCategory>
        <TestCategoryItem TestCategory="GetMissingDigits" />
      </TestCategory>
      <Execution id="4e284075-1f1e-46f8-9dba-0a24731e4e44" />
      <TestMethod codeBase="F:/учеба/ASP_EPAM/Day6.Workshop/EnumerableTest/bin/Debug/EnumerableTest.DLL" adapterTypeName="Microsoft.VisualStudio.TestTools.TestTypes.Unit.UnitTestAdapter, Microsoft.VisualStudio.QualityTools.Tips.UnitTest.Adapter, Version=10.0.0.0, Culture=neutral, PublicKeyToken=b03f5f7f11d50a3a" className="EnumerableTest.TaskTest, EnumerableTest, Version=0.0.0.0, Culture=neutral, PublicKeyToken=null" name="GetMissingDigits_Should_Return_Right_Results" />
    </UnitTest>
    <UnitTest name="GetMovingSumSequence_Should_Return_Moving_Sum_Items" storage="f:\учеба\asp_epam\day6.workshop\enumerabletest\bin\debug\enumerabletest.dll" id="4c6c3795-2b19-e043-e7e0-26eaee4ec22d">
      <TestCategory>
        <TestCategoryItem TestCategory="GetMovingSumSequence" />
      </TestCategory>
      <Execution id="94180952-7dc0-4a53-9a0b-936217cc2e39" />
      <TestMethod codeBase="F:/учеба/ASP_EPAM/Day6.Workshop/EnumerableTest/bin/Debug/EnumerableTest.DLL" adapterTypeName="Microsoft.VisualStudio.TestTools.TestTypes.Unit.UnitTestAdapter, Microsoft.VisualStudio.QualityTools.Tips.UnitTest.Adapter, Version=10.0.0.0, Culture=neutral, PublicKeyToken=b03f5f7f11d50a3a" className="EnumerableTest.TaskTest, EnumerableTest, Version=0.0.0.0, Culture=neutral, PublicKeyToken=null" name="GetMovingSumSequence_Should_Return_Moving_Sum_Items" />
    </UnitTest>
    <UnitTest name="GetIEnumerableTypesNames_Should_Throw_ArgumentNullException_If_assembly_Is_Null" storage="f:\учеба\asp_epam\day6.workshop\enumerabletest\bin\debug\enumerabletest.dll" id="0771890c-c3d7-dcba-b29b-00cbdda92306">
      <TestCategory>
        <TestCategoryItem TestCategory="GetIEnumerableTypesNames" />
      </TestCategory>
      <Execution id="96857595-f2ab-462f-a557-8ff1baf0ef41" />
      <TestMethod codeBase="F:/учеба/ASP_EPAM/Day6.Workshop/EnumerableTest/bin/Debug/EnumerableTest.DLL" adapterTypeName="Microsoft.VisualStudio.TestTools.TestTypes.Unit.UnitTestAdapter, Microsoft.VisualStudio.QualityTools.Tips.UnitTest.Adapter, Version=10.0.0.0, Culture=neutral, PublicKeyToken=b03f5f7f11d50a3a" className="EnumerableTest.TaskTest, EnumerableTest, Version=0.0.0.0, Culture=neutral, PublicKeyToken=null" name="GetIEnumerableTypesNames_Should_Throw_ArgumentNullException_If_assembly_Is_Null" />
    </UnitTest>
    <UnitTest name="GetStringsLength_Should_Return_Strings_Length" storage="f:\учеба\asp_epam\day6.workshop\enumerabletest\bin\debug\enumerabletest.dll" id="a33a0fd4-ff4b-0e60-b661-e1b89609621a">
      <TestCategory>
        <TestCategoryItem TestCategory="GetStringsLength" />
      </TestCategory>
      <Execution id="02974dd5-02b1-4f42-89ec-33a13852d373" />
      <TestMethod codeBase="F:/учеба/ASP_EPAM/Day6.Workshop/EnumerableTest/bin/Debug/EnumerableTest.DLL" adapterTypeName="Microsoft.VisualStudio.TestTools.TestTypes.Unit.UnitTestAdapter, Microsoft.VisualStudio.QualityTools.Tips.UnitTest.Adapter, Version=10.0.0.0, Culture=neutral, PublicKeyToken=b03f5f7f11d50a3a" className="EnumerableTest.TaskTest, EnumerableTest, Version=0.0.0.0, Culture=neutral, PublicKeyToken=null" name="GetStringsLength_Should_Return_Strings_Length" />
    </UnitTest>
    <UnitTest name="AreNumericListsEqual_Should_Return_Right_Results" storage="f:\учеба\asp_epam\day6.workshop\enumerabletest\bin\debug\enumerabletest.dll" id="d1002e82-3a94-1810-4291-c7e3a753bb07">
      <TestCategory>
        <TestCategoryItem TestCategory="AreNumericListsEqual" />
      </TestCategory>
      <Execution id="9c365954-2b46-4182-892b-fef1eeea4d0e" />
      <TestMethod codeBase="F:/учеба/ASP_EPAM/Day6.Workshop/EnumerableTest/bin/Debug/EnumerableTest.DLL" adapterTypeName="Microsoft.VisualStudio.TestTools.TestTypes.Unit.UnitTestAdapter, Microsoft.VisualStudio.QualityTools.Tips.UnitTest.Adapter, Version=10.0.0.0, Culture=neutral, PublicKeyToken=b03f5f7f11d50a3a" className="EnumerableTest.TaskTest, EnumerableTest, Version=0.0.0.0, Culture=neutral, PublicKeyToken=null" name="AreNumericListsEqual_Should_Return_Right_Results" />
    </UnitTest>
    <UnitTest name="GetEvenItems_Should_Return_EvenItems" storage="f:\учеба\asp_epam\day6.workshop\enumerabletest\bin\debug\enumerabletest.dll" id="e48b642c-09f4-0102-7220-3b8e7ff37c88">
      <TestCategory>
        <TestCategoryItem TestCategory="GetEvenItems" />
      </TestCategory>
      <Execution id="256a141c-48c7-496f-a682-5a44516d25c3" />
      <TestMethod codeBase="F:/учеба/ASP_EPAM/Day6.Workshop/EnumerableTest/bin/Debug/EnumerableTest.DLL" adapterTypeName="Microsoft.VisualStudio.TestTools.TestTypes.Unit.UnitTestAdapter, Microsoft.VisualStudio.QualityTools.Tips.UnitTest.Adapter, Version=10.0.0.0, Culture=neutral, PublicKeyToken=b03f5f7f11d50a3a" className="EnumerableTest.TaskTest, EnumerableTest, Version=0.0.0.0, Culture=neutral, PublicKeyToken=null" name="GetEvenItems_Should_Return_EvenItems" />
    </UnitTest>
    <UnitTest name="GetSumOfAllInts_Should_Return_Right_Results" storage="f:\учеба\asp_epam\day6.workshop\enumerabletest\bin\debug\enumerabletest.dll" id="bc926853-5e8d-4b91-f7a9-538af70e4dc9">
      <TestCategory>
        <TestCategoryItem TestCategory="GetSumOfAllInts" />
      </TestCategory>
      <Execution id="62db79ef-06e1-4d01-8b2d-efb57d7063b7" />
      <TestMethod codeBase="F:/учеба/ASP_EPAM/Day6.Workshop/EnumerableTest/bin/Debug/EnumerableTest.DLL" adapterTypeName="Microsoft.VisualStudio.TestTools.TestTypes.Unit.UnitTestAdapter, Microsoft.VisualStudio.QualityTools.Tips.UnitTest.Adapter, Version=10.0.0.0, Culture=neutral, PublicKeyToken=b03f5f7f11d50a3a" className="EnumerableTest.TaskTest, EnumerableTest, Version=0.0.0.0, Culture=neutral, PublicKeyToken=null" name="GetSumOfAllInts_Should_Return_Right_Results" />
    </UnitTest>
    <UnitTest name="GetEvenItems_Should_Return_Empty_If_Sequence_Length_Is_Less_Than_2" storage="f:\учеба\asp_epam\day6.workshop\enumerabletest\bin\debug\enumerabletest.dll" id="a44f1187-d82a-d56b-ebad-aa457d19da97">
      <TestCategory>
        <TestCategoryItem TestCategory="GetEvenItems" />
      </TestCategory>
      <Execution id="1bc51b21-f32d-4f1d-8817-9c7a3acc90d7" />
      <TestMethod codeBase="F:/учеба/ASP_EPAM/Day6.Workshop/EnumerableTest/bin/Debug/EnumerableTest.DLL" adapterTypeName="Microsoft.VisualStudio.TestTools.TestTypes.Unit.UnitTestAdapter, Microsoft.VisualStudio.QualityTools.Tips.UnitTest.Adapter, Version=10.0.0.0, Culture=neutral, PublicKeyToken=b03f5f7f11d50a3a" className="EnumerableTest.TaskTest, EnumerableTest, Version=0.0.0.0, Culture=neutral, PublicKeyToken=null" name="GetEvenItems_Should_Return_Empty_If_Sequence_Length_Is_Less_Than_2" />
    </UnitTest>
    <UnitTest name="IsSequenceHasNulls_Should_Return_Right_Results" storage="f:\учеба\asp_epam\day6.workshop\enumerabletest\bin\debug\enumerabletest.dll" id="9d4bc957-b6ab-4cff-5705-277f192062d5">
      <TestCategory>
        <TestCategoryItem TestCategory="IsSequenceHasNulls" />
      </TestCategory>
      <Execution id="c256d573-262b-4061-8e0d-a1f58a205689" />
      <TestMethod codeBase="F:/учеба/ASP_EPAM/Day6.Workshop/EnumerableTest/bin/Debug/EnumerableTest.DLL" adapterTypeName="Microsoft.VisualStudio.TestTools.TestTypes.Unit.UnitTestAdapter, Microsoft.VisualStudio.QualityTools.Tips.UnitTest.Adapter, Version=10.0.0.0, Culture=neutral, PublicKeyToken=b03f5f7f11d50a3a" className="EnumerableTest.TaskTest, EnumerableTest, Version=0.0.0.0, Culture=neutral, PublicKeyToken=null" name="IsSequenceHasNulls_Should_Return_Right_Results" />
    </UnitTest>
    <UnitTest name="SortStringsByLengthAndAlphabet_Should_Return_Right_Results" storage="f:\учеба\asp_epam\day6.workshop\enumerabletest\bin\debug\enumerabletest.dll" id="83e0f4f5-fabe-f6d3-a9f0-71b579a2d736">
      <TestCategory>
        <TestCategoryItem TestCategory="SortStringsByLengthAndAlphabet" />
      </TestCategory>
      <Execution id="4cf0d52f-429d-41e2-be9d-b850e39e4921" />
      <TestMethod codeBase="F:/учеба/ASP_EPAM/Day6.Workshop/EnumerableTest/bin/Debug/EnumerableTest.DLL" adapterTypeName="Microsoft.VisualStudio.TestTools.TestTypes.Unit.UnitTestAdapter, Microsoft.VisualStudio.QualityTools.Tips.UnitTest.Adapter, Version=10.0.0.0, Culture=neutral, PublicKeyToken=b03f5f7f11d50a3a" className="EnumerableTest.TaskTest, EnumerableTest, Version=0.0.0.0, Culture=neutral, PublicKeyToken=null" name="SortStringsByLengthAndAlphabet_Should_Return_Right_Results" />
    </UnitTest>
    <UnitTest name="PropagateItemsByPostionIndex_Should_Return_Right_Results" storage="f:\учеба\asp_epam\day6.workshop\enumerabletest\bin\debug\enumerabletest.dll" id="b2ed6984-7457-c58c-2e37-b04fc204b9b6">
      <TestCategory>
        <TestCategoryItem TestCategory="PropagateItemsByPostionIndex" />
      </TestCategory>
      <Execution id="349e1639-be95-4b49-b1ee-7b0e79262d8c" />
      <TestMethod codeBase="F:/учеба/ASP_EPAM/Day6.Workshop/EnumerableTest/bin/Debug/EnumerableTest.DLL" adapterTypeName="Microsoft.VisualStudio.TestTools.TestTypes.Unit.UnitTestAdapter, Microsoft.VisualStudio.QualityTools.Tips.UnitTest.Adapter, Version=10.0.0.0, Culture=neutral, PublicKeyToken=b03f5f7f11d50a3a" className="EnumerableTest.TaskTest, EnumerableTest, Version=0.0.0.0, Culture=neutral, PublicKeyToken=null" name="PropagateItemsByPostionIndex_Should_Return_Right_Results" />
    </UnitTest>
    <UnitTest name="GetAllPairs_Should_Return_Right_Results" storage="f:\учеба\asp_epam\day6.workshop\enumerabletest\bin\debug\enumerabletest.dll" id="3a8fc5d7-2837-2826-9502-b64f8bc69515">
      <TestCategory>
        <TestCategoryItem TestCategory="GetAllPairs" />
      </TestCategory>
      <Execution id="4815fc26-4b8e-46c5-a59e-b7823cd4fd1d" />
      <TestMethod codeBase="F:/учеба/ASP_EPAM/Day6.Workshop/EnumerableTest/bin/Debug/EnumerableTest.DLL" adapterTypeName="Microsoft.VisualStudio.TestTools.TestTypes.Unit.UnitTestAdapter, Microsoft.VisualStudio.QualityTools.Tips.UnitTest.Adapter, Version=10.0.0.0, Culture=neutral, PublicKeyToken=b03f5f7f11d50a3a" className="EnumerableTest.TaskTest, EnumerableTest, Version=0.0.0.0, Culture=neutral, PublicKeyToken=null" name="GetAllPairs_Should_Return_Right_Results" />
    </UnitTest>
  </TestDefinitions>
  <TestLists>
    <TestList name="Отсутствующие в списке результаты" id="8c84fa94-04c1-424b-9868-57a2d4851a1d" />
    <TestList name="Все загруженные результаты" id="19431567-8539-422a-85d7-44ee4e166bda" />
  </TestLists>
  <TestEntries>
    <TestEntry testId="045fb746-ba3d-711e-94ba-3ded5d205be1" executionId="5fc2594d-f08c-42ae-98d9-29d3caa19e38" testListId="8c84fa94-04c1-424b-9868-57a2d4851a1d" />
    <TestEntry testId="068a35e1-babe-dd13-85ee-ce6cb79a6f86" executionId="fe92a70a-a5cf-468b-a419-81db76f63cba" testListId="8c84fa94-04c1-424b-9868-57a2d4851a1d" />
    <TestEntry testId="0771890c-c3d7-dcba-b29b-00cbdda92306" executionId="96857595-f2ab-462f-a557-8ff1baf0ef41" testListId="8c84fa94-04c1-424b-9868-57a2d4851a1d" />
    <TestEntry testId="11c1deb1-0eef-696f-1bf1-9ebc7303fa37" executionId="255ebd6d-2214-4f50-9003-2ee96993d73e" testListId="8c84fa94-04c1-424b-9868-57a2d4851a1d" />
    <TestEntry testId="1a3ca12f-fd40-063e-1b5e-7b7cacc7a8f9" executionId="1e0d0b6e-9da7-46cb-a97e-78a2820b83ae" testListId="8c84fa94-04c1-424b-9868-57a2d4851a1d" />
    <TestEntry testId="3a8fc5d7-2837-2826-9502-b64f8bc69515" executionId="4815fc26-4b8e-46c5-a59e-b7823cd4fd1d" testListId="8c84fa94-04c1-424b-9868-57a2d4851a1d" />
    <TestEntry testId="3c334d4c-8dc8-d688-719d-596a1c04a356" executionId="bebf8498-3a87-4fcb-bcfd-52f74beb7170" testListId="8c84fa94-04c1-424b-9868-57a2d4851a1d" />
    <TestEntry testId="3e3e5339-fc6a-81ab-04d0-eac57d498273" executionId="7581dede-a505-4843-899a-97b4e0382448" testListId="8c84fa94-04c1-424b-9868-57a2d4851a1d" />
    <TestEntry testId="43c72a8d-c049-5b37-79ec-2fc27da8bc8d" executionId="8e4cec11-72b1-47d0-b4e4-4f8d049cab65" testListId="8c84fa94-04c1-424b-9868-57a2d4851a1d" />
    <TestEntry testId="490f9b19-ece3-4e52-4cc8-91678ac7e694" executionId="5e677c47-911c-4b22-b820-00801936b8a4" testListId="8c84fa94-04c1-424b-9868-57a2d4851a1d" />
    <TestEntry testId="493d7ab6-74be-557c-936e-edf421905239" executionId="707d963a-739c-4f33-8ee4-7397ec539070" testListId="8c84fa94-04c1-424b-9868-57a2d4851a1d" />
    <TestEntry testId="4aa0c7c0-5ae9-c68b-8fc7-21a64305d247" executionId="439763fb-585a-4886-9d9d-096d00af2f65" testListId="8c84fa94-04c1-424b-9868-57a2d4851a1d" />
    <TestEntry testId="4c54e396-1ddd-c0e2-8cd1-002e6ee61220" executionId="cfcc4ba4-0620-48b0-ad52-ae6d9b7bb899" testListId="8c84fa94-04c1-424b-9868-57a2d4851a1d" />
    <TestEntry testId="4c6c3795-2b19-e043-e7e0-26eaee4ec22d" executionId="94180952-7dc0-4a53-9a0b-936217cc2e39" testListId="8c84fa94-04c1-424b-9868-57a2d4851a1d" />
    <TestEntry testId="4dae8c9f-c963-a4c7-f99c-6845e83c59e5" executionId="c63e6ead-0676-4060-9a76-7ab0c22b6d33" testListId="8c84fa94-04c1-424b-9868-57a2d4851a1d" />
    <TestEntry testId="4e4e92b1-cb43-4420-f1d2-e3e8be142f10" executionId="4e284075-1f1e-46f8-9dba-0a24731e4e44" testListId="8c84fa94-04c1-424b-9868-57a2d4851a1d" />
    <TestEntry testId="4e8e8de7-9b72-0cbc-9ab1-45b0e90ac2f5" executionId="2bd23d95-86e2-4559-9f57-1c8dd71db851" testListId="8c84fa94-04c1-424b-9868-57a2d4851a1d" />
    <TestEntry testId="54bfe939-eff8-e58f-ab02-133227efae85" executionId="f052bb2f-ba97-4570-8046-bdf02ec5917c" testListId="8c84fa94-04c1-424b-9868-57a2d4851a1d" />
    <TestEntry testId="59cfd53f-f7e3-6314-32be-e4ed7905d52b" executionId="7126ca72-d9c3-4abd-bee6-a94a9daf40fc" testListId="8c84fa94-04c1-424b-9868-57a2d4851a1d" />
    <TestEntry testId="5b75b77b-328e-1e07-812e-ae5858f99375" executionId="afb8f9a5-0a75-4030-8a5d-5cd5d28fe30a" testListId="8c84fa94-04c1-424b-9868-57a2d4851a1d" />
    <TestEntry testId="608e8c24-666d-dcf7-c02c-68d28a471684" executionId="a6c27e35-9885-4efa-9aca-ccd0a628b322" testListId="8c84fa94-04c1-424b-9868-57a2d4851a1d" />
    <TestEntry testId="6555c6f9-4be4-2bb5-f66b-17e0ac806335" executionId="6efdb00c-d682-4341-8407-87410544282e" testListId="8c84fa94-04c1-424b-9868-57a2d4851a1d" />
    <TestEntry testId="7341c297-c057-8ebe-50ef-d6d392dc16f5" executionId="2269c89b-f110-4477-b0eb-fe06541606d3" testListId="8c84fa94-04c1-424b-9868-57a2d4851a1d" />
    <TestEntry testId="7b6e24df-00d3-a95f-ea51-95c29ba34c7e" executionId="59ac6bc8-0277-4144-9844-97ee76a5014d" testListId="8c84fa94-04c1-424b-9868-57a2d4851a1d" />
    <TestEntry testId="83e0f4f5-fabe-f6d3-a9f0-71b579a2d736" executionId="4cf0d52f-429d-41e2-be9d-b850e39e4921" testListId="8c84fa94-04c1-424b-9868-57a2d4851a1d" />
    <TestEntry testId="89ecf07f-9a5c-e329-78c4-b63b2fb8e2c9" executionId="031f7bea-9b53-4e02-9ed9-23481ed611a0" testListId="8c84fa94-04c1-424b-9868-57a2d4851a1d" />
    <TestEntry testId="9d4bc957-b6ab-4cff-5705-277f192062d5" executionId="c256d573-262b-4061-8e0d-a1f58a205689" testListId="8c84fa94-04c1-424b-9868-57a2d4851a1d" />
    <TestEntry testId="a33a0fd4-ff4b-0e60-b661-e1b89609621a" executionId="02974dd5-02b1-4f42-89ec-33a13852d373" testListId="8c84fa94-04c1-424b-9868-57a2d4851a1d" />
    <TestEntry testId="a44f1187-d82a-d56b-ebad-aa457d19da97" executionId="1bc51b21-f32d-4f1d-8817-9c7a3acc90d7" testListId="8c84fa94-04c1-424b-9868-57a2d4851a1d" />
    <TestEntry testId="b2ed6984-7457-c58c-2e37-b04fc204b9b6" executionId="349e1639-be95-4b49-b1ee-7b0e79262d8c" testListId="8c84fa94-04c1-424b-9868-57a2d4851a1d" />
    <TestEntry testId="b49786a5-3674-e883-0aa2-b7b8dd7bac3c" executionId="564c196d-db13-4398-8449-46b0eb9db814" testListId="8c84fa94-04c1-424b-9868-57a2d4851a1d" />
    <TestEntry testId="b71c9ec6-625b-4e8f-1ec8-f546c24b3cdd" executionId="5d04be7c-deb4-46cb-bd2b-b56735efd5da" testListId="8c84fa94-04c1-424b-9868-57a2d4851a1d" />
    <TestEntry testId="bc926853-5e8d-4b91-f7a9-538af70e4dc9" executionId="62db79ef-06e1-4d01-8b2d-efb57d7063b7" testListId="8c84fa94-04c1-424b-9868-57a2d4851a1d" />
    <TestEntry testId="c12e3770-66b3-84f2-92aa-d27c4eb76039" executionId="1c03bb9d-b0b6-41ba-b7e8-8f6bc1f3cbd0" testListId="8c84fa94-04c1-424b-9868-57a2d4851a1d" />
    <TestEntry testId="c16c7d47-220f-99a7-bc0c-07aa9bd68b77" executionId="4865f0d2-21e4-404b-9b11-24c7a7773159" testListId="8c84fa94-04c1-424b-9868-57a2d4851a1d" />
    <TestEntry testId="cfe08222-f6de-0def-88d5-c5148407d1d3" executionId="e6036c5d-177e-437b-9bbc-10a61460786a" testListId="8c84fa94-04c1-424b-9868-57a2d4851a1d" />
    <TestEntry testId="d1002e82-3a94-1810-4291-c7e3a753bb07" executionId="9c365954-2b46-4182-892b-fef1eeea4d0e" testListId="8c84fa94-04c1-424b-9868-57a2d4851a1d" />
    <TestEntry testId="d46cfb58-bf8e-887e-ce38-565d152e39c9" executionId="1e4d9f94-568a-48db-b195-18da8e7bed50" testListId="8c84fa94-04c1-424b-9868-57a2d4851a1d" />
    <TestEntry testId="e24fc1e5-5dfe-c952-0f03-ee2451eb399e" executionId="e24f31da-d1bd-49d5-92dc-63971bfd6aff" testListId="8c84fa94-04c1-424b-9868-57a2d4851a1d" />
    <TestEntry testId="e48b642c-09f4-0102-7220-3b8e7ff37c88" executionId="256a141c-48c7-496f-a682-5a44516d25c3" testListId="8c84fa94-04c1-424b-9868-57a2d4851a1d" />
    <TestEntry testId="e649b2f4-e915-f12f-449b-cca2c13f2de3" executionId="3adaecad-5d05-4a4b-a518-b7fd381dbd73" testListId="8c84fa94-04c1-424b-9868-57a2d4851a1d" />
  </TestEntries>
  <Results>
    <UnitTestResult executionId="5fc2594d-f08c-42ae-98d9-29d3caa19e38" testId="045fb746-ba3d-711e-94ba-3ded5d205be1" testName="GetCountOfStrings_Should_Return_Right_Result" computerName="VASELOK-ПК" duration="00:00:00.5053158" startTime="2012-04-04T20:37:09.1775660+03:00" endTime="2012-04-04T20:37:09.8666055+03:00" testType="13cdc9d9-ddb5-4fa4-a97d-d965ccfc6d4b" outcome="Passed" testListId="8c84fa94-04c1-424b-9868-57a2d4851a1d" relativeResultsDirectory="5fc2594d-f08c-42ae-98d9-29d3caa19e38">
    </UnitTestResult>
    <UnitTestResult executionId="fe92a70a-a5cf-468b-a419-81db76f63cba" testId="068a35e1-babe-dd13-85ee-ce6cb79a6f86" testName="GetStringOfSequence_Should_Return_Right_Results" computerName="VASELOK-ПК" duration="00:00:00.0024156" startTime="2012-04-04T20:37:09.8866066+03:00" endTime="2012-04-04T20:37:09.9046076+03:00" testType="13cdc9d9-ddb5-4fa4-a97d-d965ccfc6d4b" outcome="Passed" testListId="8c84fa94-04c1-424b-9868-57a2d4851a1d" relativeResultsDirectory="fe92a70a-a5cf-468b-a419-81db76f63cba">
    </UnitTestResult>
    <UnitTestResult executionId="96857595-f2ab-462f-a557-8ff1baf0ef41" testId="0771890c-c3d7-dcba-b29b-00cbdda92306" testName="GetIEnumerableTypesNames_Should_Throw_ArgumentNullException_If_assembly_Is_Null" computerName="VASELOK-ПК" duration="00:00:00.0027898" startTime="2012-04-04T20:37:09.9096079+03:00" endTime="2012-04-04T20:37:09.9186084+03:00" testType="13cdc9d9-ddb5-4fa4-a97d-d965ccfc6d4b" outcome="Passed" testListId="8c84fa94-04c1-424b-9868-57a2d4851a1d" relativeResultsDirectory="96857595-f2ab-462f-a557-8ff1baf0ef41">
    </UnitTestResult>
    <UnitTestResult executionId="255ebd6d-2214-4f50-9003-2ee96993d73e" testId="11c1deb1-0eef-696f-1bf1-9ebc7303fa37" testName="GetPrefixItems_Should_Return_Empty_Sequence_If_No_Items_With_Required_Prefix" computerName="VASELOK-ПК" duration="00:00:00.0008937" startTime="2012-04-04T20:37:09.9216086+03:00" endTime="2012-04-04T20:37:09.9286090+03:00" testType="13cdc9d9-ddb5-4fa4-a97d-d965ccfc6d4b" outcome="Passed" testListId="8c84fa94-04c1-424b-9868-57a2d4851a1d" relativeResultsDirectory="255ebd6d-2214-4f50-9003-2ee96993d73e">
    </UnitTestResult>
    <UnitTestResult executionId="1e0d0b6e-9da7-46cb-a97e-78a2820b83ae" testId="1a3ca12f-fd40-063e-1b5e-7b7cacc7a8f9" testName="GetCountOfGreaterThen10_Should_Return_Right_Result" computerName="VASELOK-ПК" duration="00:00:00.0011122" startTime="2012-04-04T20:37:09.9306091+03:00" endTime="2012-04-04T20:37:09.9366095+03:00" testType="13cdc9d9-ddb5-4fa4-a97d-d965ccfc6d4b" outcome="Passed" testListId="8c84fa94-04c1-424b-9868-57a2d4851a1d" relativeResultsDirectory="1e0d0b6e-9da7-46cb-a97e-78a2820b83ae">
    </UnitTestResult>
    <UnitTestResult executionId="4815fc26-4b8e-46c5-a59e-b7823cd4fd1d" testId="3a8fc5d7-2837-2826-9502-b64f8bc69515" testName="GetAllPairs_Should_Return_Right_Results" computerName="VASELOK-ПК" duration="00:00:00.0135477" startTime="2012-04-04T20:37:09.9386096+03:00" endTime="2012-04-04T20:37:09.9566106+03:00" testType="13cdc9d9-ddb5-4fa4-a97d-d965ccfc6d4b" outcome="Failed" testListId="8c84fa94-04c1-424b-9868-57a2d4851a1d" relativeResultsDirectory="4815fc26-4b8e-46c5-a59e-b7823cd4fd1d">
      <Output>
        <ErrorInfo>
          <Message>Метод проверки EnumerableTest.TaskTest.GetAllPairs_Should_Return_Right_Results выдал исключение: System.NotImplementedException: Метод или операция не реализована..</Message>
          <StackTrace>    в EnumerableTask.Task.GetAllPairs(IEnumerable`1 boys, IEnumerable`1 girls) в F:\учеба\ASP_EPAM\Day6.Workshop\Enumerable\Task.cs:строка 728
   в EnumerableTest.TaskTest.GetAllPairsTest(IEnumerable`1 boys, IEnumerable`1 girls, IEnumerable`1 expected, String assertMessage) в F:\учеба\ASP_EPAM\Day6.Workshop\EnumerableTest\TaskTest.cs:строка 1169
   в EnumerableTest.TaskTest.GetAllPairs_Should_Return_Right_Results() в F:\учеба\ASP_EPAM\Day6.Workshop\EnumerableTest\TaskTest.cs:строка 1176
</StackTrace>
        </ErrorInfo>
      </Output>
    </UnitTestResult>
    <UnitTestResult executionId="bebf8498-3a87-4fcb-bcfd-52f74beb7170" testId="3c334d4c-8dc8-d688-719d-596a1c04a356" testName="GetDigitCharsCount_Should_Throw_ArgumentException_If_data_Is_Null" computerName="VASELOK-ПК" duration="00:00:00.0010558" startTime="2012-04-04T20:37:09.9586107+03:00" endTime="2012-04-04T20:37:09.9666112+03:00" testType="13cdc9d9-ddb5-4fa4-a97d-d965ccfc6d4b" outcome="Passed" testListId="8c84fa94-04c1-424b-9868-57a2d4851a1d" relativeResultsDirectory="bebf8498-3a87-4fcb-bcfd-52f74beb7170">
    </UnitTestResult>
    <UnitTestResult executionId="7581dede-a505-4843-899a-97b4e0382448" testId="3e3e5339-fc6a-81ab-04d0-eac57d498273" testName="GetFirstContainsFirst_Should_Return_Right_Result" computerName="VASELOK-ПК" duration="00:00:00.0020684" startTime="2012-04-04T20:37:09.9706114+03:00" endTime="2012-04-04T20:37:09.9766117+03:00" testType="13cdc9d9-ddb5-4fa4-a97d-d965ccfc6d4b" outcome="Failed" testListId="8c84fa94-04c1-424b-9868-57a2d4851a1d" relativeResultsDirectory="7581dede-a505-4843-899a-97b4e0382448">
      <Output>
        <ErrorInfo>
          <Message>Метод проверки EnumerableTest.TaskTest.GetFirstContainsFirst_Should_Return_Right_Result выдал исключение: System.ArgumentNullException: Значение не может быть неопределенным.
Имя параметра: predicate.</Message>
          <StackTrace>    в System.Linq.Enumerable.FirstOrDefault[TSource](IEnumerable`1 source, Func`2 predicate)
   в EnumerableTask.Task.GetFirstContainsFirst(IEnumerable`1 data) в F:\учеба\ASP_EPAM\Day6.Workshop\Enumerable\Task.cs:строка 247
   в EnumerableTest.TaskTest.GetFirstContainsFirstTest(IEnumerable`1 data, String expected, String assertMessage) в F:\учеба\ASP_EPAM\Day6.Workshop\EnumerableTest\TaskTest.cs:строка 381
   в EnumerableTest.TaskTest.GetFirstContainsFirst_Should_Return_Right_Result() в F:\учеба\ASP_EPAM\Day6.Workshop\EnumerableTest\TaskTest.cs:строка 387
</StackTrace>
        </ErrorInfo>
      </Output>
    </UnitTestResult>
    <UnitTestResult executionId="8e4cec11-72b1-47d0-b4e4-4f8d049cab65" testId="43c72a8d-c049-5b37-79ec-2fc27da8bc8d" testName="GetSquareSequence_Should_Return_Square_Items" computerName="VASELOK-ПК" duration="00:00:00.0016771" startTime="2012-04-04T20:37:09.9786119+03:00" endTime="2012-04-04T20:37:09.9846122+03:00" testType="13cdc9d9-ddb5-4fa4-a97d-d965ccfc6d4b" outcome="Passed" testListId="8c84fa94-04c1-424b-9868-57a2d4851a1d" relativeResultsDirectory="8e4cec11-72b1-47d0-b4e4-4f8d049cab65">
    </UnitTestResult>
    <UnitTestResult executionId="5e677c47-911c-4b22-b820-00801936b8a4" testId="490f9b19-ece3-4e52-4cc8-91678ac7e694" testName="GetAverageOfDoubleValues_Should_Return_Right_Results" computerName="VASELOK-ПК" duration="00:00:00.0021839" startTime="2012-04-04T20:37:09.9866123+03:00" endTime="2012-04-04T20:37:09.9946128+03:00" testType="13cdc9d9-ddb5-4fa4-a97d-d965ccfc6d4b" outcome="Failed" testListId="8c84fa94-04c1-424b-9868-57a2d4851a1d" relativeResultsDirectory="5e677c47-911c-4b22-b820-00801936b8a4">
      <Output>
        <ErrorInfo>
          <Message>Метод проверки EnumerableTest.TaskTest.GetAverageOfDoubleValues_Should_Return_Right_Results выдал исключение: System.NotImplementedException: Метод или операция не реализована..</Message>
          <StackTrace>    в EnumerableTask.Task.GetAverageOfDoubleValues(IEnumerable`1 data) в F:\учеба\ASP_EPAM\Day6.Workshop\Enumerable\Task.cs:строка 747
   в EnumerableTest.TaskTest.GetAverageOfDoubleValuesTest(IEnumerable`1 data, Double expected, String assertMessage) в F:\учеба\ASP_EPAM\Day6.Workshop\EnumerableTest\TaskTest.cs:строка 1207
   в EnumerableTest.TaskTest.GetAverageOfDoubleValues_Should_Return_Right_Results() в F:\учеба\ASP_EPAM\Day6.Workshop\EnumerableTest\TaskTest.cs:строка 1214
</StackTrace>
        </ErrorInfo>
      </Output>
    </UnitTestResult>
    <UnitTestResult executionId="707d963a-739c-4f33-8ee4-7397ec539070" testId="493d7ab6-74be-557c-936e-edf421905239" testName="GetFirstNegativeSubsequence_Should_Return_Right_Results" computerName="VASELOK-ПК" duration="00:00:00.0014466" startTime="2012-04-04T20:37:09.9966129+03:00" endTime="2012-04-04T20:37:10.0026132+03:00" testType="13cdc9d9-ddb5-4fa4-a97d-d965ccfc6d4b" outcome="Passed" testListId="8c84fa94-04c1-424b-9868-57a2d4851a1d" relativeResultsDirectory="707d963a-739c-4f33-8ee4-7397ec539070">
    </UnitTestResult>
    <UnitTestResult executionId="439763fb-585a-4886-9d9d-096d00af2f65" testId="4aa0c7c0-5ae9-c68b-8fc7-21a64305d247" testName="CombineNumbersAndFruits_Should_Return_Right_Results" computerName="VASELOK-ПК" duration="00:00:00.0011729" startTime="2012-04-04T20:37:10.0046133+03:00" endTime="2012-04-04T20:37:10.0106137+03:00" testType="13cdc9d9-ddb5-4fa4-a97d-d965ccfc6d4b" outcome="Passed" testListId="8c84fa94-04c1-424b-9868-57a2d4851a1d" relativeResultsDirectory="439763fb-585a-4886-9d9d-096d00af2f65">
    </UnitTestResult>
    <UnitTestResult executionId="cfcc4ba4-0620-48b0-ad52-ae6d9b7bb899" testId="4c54e396-1ddd-c0e2-8cd1-002e6ee61220" testName="Get3TopItems_Should_Return_Square_Items" computerName="VASELOK-ПК" duration="00:00:00.0007517" startTime="2012-04-04T20:37:10.0136139+03:00" endTime="2012-04-04T20:37:10.0186141+03:00" testType="13cdc9d9-ddb5-4fa4-a97d-d965ccfc6d4b" outcome="Passed" testListId="8c84fa94-04c1-424b-9868-57a2d4851a1d" relativeResultsDirectory="cfcc4ba4-0620-48b0-ad52-ae6d9b7bb899">
    </UnitTestResult>
    <UnitTestResult executionId="94180952-7dc0-4a53-9a0b-936217cc2e39" testId="4c6c3795-2b19-e043-e7e0-26eaee4ec22d" testName="GetMovingSumSequence_Should_Return_Moving_Sum_Items" computerName="VASELOK-ПК" duration="00:00:00.0007894" startTime="2012-04-04T20:37:10.0206143+03:00" endTime="2012-04-04T20:37:10.0266146+03:00" testType="13cdc9d9-ddb5-4fa4-a97d-d965ccfc6d4b" outcome="Passed" testListId="8c84fa94-04c1-424b-9868-57a2d4851a1d" relativeResultsDirectory="94180952-7dc0-4a53-9a0b-936217cc2e39">
    </UnitTestResult>
    <UnitTestResult executionId="c63e6ead-0676-4060-9a76-7ab0c22b6d33" testId="4dae8c9f-c963-a4c7-f99c-6845e83c59e5" testName="GetUsedChars_Should_Return_List_of_Chars" computerName="VASELOK-ПК" duration="00:00:00.0025384" startTime="2012-04-04T20:37:10.0286147+03:00" endTime="2012-04-04T20:37:10.0356151+03:00" testType="13cdc9d9-ddb5-4fa4-a97d-d965ccfc6d4b" outcome="Passed" testListId="8c84fa94-04c1-424b-9868-57a2d4851a1d" relativeResultsDirectory="c63e6ead-0676-4060-9a76-7ab0c22b6d33">
    </UnitTestResult>
    <UnitTestResult executionId="4e284075-1f1e-46f8-9dba-0a24731e4e44" testId="4e4e92b1-cb43-4420-f1d2-e3e8be142f10" testName="GetMissingDigits_Should_Return_Right_Results" computerName="VASELOK-ПК" duration="00:00:00.0011537" startTime="2012-04-04T20:37:10.0376152+03:00" endTime="2012-04-04T20:37:10.0446156+03:00" testType="13cdc9d9-ddb5-4fa4-a97d-d965ccfc6d4b" outcome="Passed" testListId="8c84fa94-04c1-424b-9868-57a2d4851a1d" relativeResultsDirectory="4e284075-1f1e-46f8-9dba-0a24731e4e44">
    </UnitTestResult>
    <UnitTestResult executionId="2bd23d95-86e2-4559-9f57-1c8dd71db851" testId="4e8e8de7-9b72-0cbc-9ab1-45b0e90ac2f5" testName="GetSpecificEventEntriesCount_Should_Return_Right_Result" computerName="VASELOK-ПК" duration="00:00:00.0024520" startTime="2012-04-04T20:37:10.0466158+03:00" endTime="2012-04-04T20:37:10.0536162+03:00" testType="13cdc9d9-ddb5-4fa4-a97d-d965ccfc6d4b" outcome="Failed" testListId="8c84fa94-04c1-424b-9868-57a2d4851a1d" relativeResultsDirectory="2bd23d95-86e2-4559-9f57-1c8dd71db851">
      <Output>
        <ErrorInfo>
          <Message>Метод проверки EnumerableTest.TaskTest.GetSpecificEventEntriesCount_Should_Return_Right_Result выдал исключение: System.NotImplementedException: Метод или операция не реализована..</Message>
          <StackTrace>    в EnumerableTask.Task.GetSpecificEventEntriesCount(EventLogEntryType value) в F:\учеба\ASP_EPAM\Day6.Workshop\Enumerable\Task.cs:строка 353
   в EnumerableTest.TaskTest.GetSpecificEventEntriesCount_Should_Return_Right_Result() в F:\учеба\ASP_EPAM\Day6.Workshop\EnumerableTest\TaskTest.cs:строка 531
</StackTrace>
        </ErrorInfo>
      </Output>
    </UnitTestResult>
    <UnitTestResult executionId="f052bb2f-ba97-4570-8046-bdf02ec5917c" testId="54bfe939-eff8-e58f-ab02-133227efae85" testName="GetIEnumerableTypesNames_Should_Return_Right_Results" computerName="VASELOK-ПК" duration="00:00:00.0019256" startTime="2012-04-04T20:37:10.0566163+03:00" endTime="2012-04-04T20:37:10.0636167+03:00" testType="13cdc9d9-ddb5-4fa4-a97d-d965ccfc6d4b" outcome="Failed" testListId="8c84fa94-04c1-424b-9868-57a2d4851a1d" relativeResultsDirectory="f052bb2f-ba97-4570-8046-bdf02ec5917c">
      <Output>
        <ErrorInfo>
          <Message>Метод проверки EnumerableTest.TaskTest.GetIEnumerableTypesNames_Should_Return_Right_Results выдал исключение: System.NotImplementedException: Метод или операция не реализована..</Message>
          <StackTrace>    в EnumerableTask.Task.GetIEnumerableTypesNames(Assembly assembly) в F:\учеба\ASP_EPAM\Day6.Workshop\Enumerable\Task.cs:строка 378
   в EnumerableTest.TaskTest.GetIEnumerableTypesNamesTest(Assembly assembly, String[] expected, String assertMessage) в F:\учеба\ASP_EPAM\Day6.Workshop\EnumerableTest\TaskTest.cs:строка 576
   в EnumerableTest.TaskTest.GetIEnumerableTypesNames_Should_Return_Right_Results() в F:\учеба\ASP_EPAM\Day6.Workshop\EnumerableTest\TaskTest.cs:строка 583
</StackTrace>
        </ErrorInfo>
      </Output>
    </UnitTestResult>
    <UnitTestResult executionId="7126ca72-d9c3-4abd-bee6-a94a9daf40fc" testId="59cfd53f-f7e3-6314-32be-e4ed7905d52b" testName="GetQuarterSales_Should_Return_Right_Results" computerName="VASELOK-ПК" duration="00:00:00.0026833" startTime="2012-04-04T20:37:10.0656168+03:00" endTime="2012-04-04T20:37:10.0726172+03:00" testType="13cdc9d9-ddb5-4fa4-a97d-d965ccfc6d4b" outcome="Failed" testListId="8c84fa94-04c1-424b-9868-57a2d4851a1d" relativeResultsDirectory="7126ca72-d9c3-4abd-bee6-a94a9daf40fc">
      <Output>
        <ErrorInfo>
          <Message>Метод проверки EnumerableTest.TaskTest.GetQuarterSales_Should_Return_Right_Results выдал исключение: System.NotImplementedException: Метод или операция не реализована..</Message>
          <StackTrace>    в EnumerableTask.Task.GetQuarterSales(IEnumerable`1 sales) в F:\учеба\ASP_EPAM\Day6.Workshop\Enumerable\Task.cs:строка 397
   в EnumerableTest.TaskTest.GetQuarterSalesTest(IEnumerable`1 data, Int32[] expected, String assertMessage) в F:\учеба\ASP_EPAM\Day6.Workshop\EnumerableTest\TaskTest.cs:строка 606
   в EnumerableTest.TaskTest.GetQuarterSales_Should_Return_Right_Results() в F:\учеба\ASP_EPAM\Day6.Workshop\EnumerableTest\TaskTest.cs:строка 613
</StackTrace>
        </ErrorInfo>
      </Output>
    </UnitTestResult>
    <UnitTestResult executionId="afb8f9a5-0a75-4030-8a5d-5cd5d28fe30a" testId="5b75b77b-328e-1e07-812e-ae5858f99375" testName="GetPrefixItems_Should_Return_Items_Started_With_Required_Prefix" computerName="VASELOK-ПК" duration="00:00:00.0005371" startTime="2012-04-04T20:37:10.0756174+03:00" endTime="2012-04-04T20:37:10.0816178+03:00" testType="13cdc9d9-ddb5-4fa4-a97d-d965ccfc6d4b" outcome="Passed" testListId="8c84fa94-04c1-424b-9868-57a2d4851a1d" relativeResultsDirectory="afb8f9a5-0a75-4030-8a5d-5cd5d28fe30a">
    </UnitTestResult>
    <UnitTestResult executionId="a6c27e35-9885-4efa-9aca-ccd0a628b322" testId="608e8c24-666d-dcf7-c02c-68d28a471684" testName="GetPrefixItems_Should_Raise_Exception_If_Prefix_Is_Null" computerName="VASELOK-ПК" duration="00:00:00.0006303" startTime="2012-04-04T20:37:10.0836179+03:00" endTime="2012-04-04T20:37:10.0886182+03:00" testType="13cdc9d9-ddb5-4fa4-a97d-d965ccfc6d4b" outcome="Passed" testListId="8c84fa94-04c1-424b-9868-57a2d4851a1d" relativeResultsDirectory="a6c27e35-9885-4efa-9aca-ccd0a628b322">
    </UnitTestResult>
    <UnitTestResult executionId="6efdb00c-d682-4341-8407-87410544282e" testId="6555c6f9-4be4-2bb5-f66b-17e0ac806335" testName="GetTotalStringsLength_Should_Return_Right_Results" computerName="VASELOK-ПК" duration="00:00:00.0009702" startTime="2012-04-04T20:37:10.0906183+03:00" endTime="2012-04-04T20:37:10.0956186+03:00" testType="13cdc9d9-ddb5-4fa4-a97d-d965ccfc6d4b" outcome="Passed" testListId="8c84fa94-04c1-424b-9868-57a2d4851a1d" relativeResultsDirectory="6efdb00c-d682-4341-8407-87410544282e">
    </UnitTestResult>
    <UnitTestResult executionId="2269c89b-f110-4477-b0eb-fe06541606d3" testId="7341c297-c057-8ebe-50ef-d6d392dc16f5" testName="IsAllStringsAreUppercase_Should_Return_Right_Results" computerName="VASELOK-ПК" duration="00:00:00.0010570" startTime="2012-04-04T20:37:10.0976187+03:00" endTime="2012-04-04T20:37:10.1036190+03:00" testType="13cdc9d9-ddb5-4fa4-a97d-d965ccfc6d4b" outcome="Passed" testListId="8c84fa94-04c1-424b-9868-57a2d4851a1d" relativeResultsDirectory="2269c89b-f110-4477-b0eb-fe06541606d3">
    </UnitTestResult>
    <UnitTestResult executionId="59ac6bc8-0277-4144-9844-97ee76a5014d" testId="7b6e24df-00d3-a95f-ea51-95c29ba34c7e" testName="GetCommonChars_Should_Return_Right_Results" computerName="VASELOK-ПК" duration="00:00:00.0009146" startTime="2012-04-04T20:37:10.1066192+03:00" endTime="2012-04-04T20:37:10.1126195+03:00" testType="13cdc9d9-ddb5-4fa4-a97d-d965ccfc6d4b" outcome="Passed" testListId="8c84fa94-04c1-424b-9868-57a2d4851a1d" relativeResultsDirectory="59ac6bc8-0277-4144-9844-97ee76a5014d">
    </UnitTestResult>
    <UnitTestResult executionId="4cf0d52f-429d-41e2-be9d-b850e39e4921" testId="83e0f4f5-fabe-f6d3-a9f0-71b579a2d736" testName="SortStringsByLengthAndAlphabet_Should_Return_Right_Results" computerName="VASELOK-ПК" duration="00:00:00.0009972" startTime="2012-04-04T20:37:10.1146196+03:00" endTime="2012-04-04T20:37:10.1196199+03:00" testType="13cdc9d9-ddb5-4fa4-a97d-d965ccfc6d4b" outcome="Passed" testListId="8c84fa94-04c1-424b-9868-57a2d4851a1d" relativeResultsDirectory="4cf0d52f-429d-41e2-be9d-b850e39e4921">
    </UnitTestResult>
    <UnitTestResult executionId="031f7bea-9b53-4e02-9ed9-23481ed611a0" testId="89ecf07f-9a5c-e329-78c4-b63b2fb8e2c9" testName="GetUppercaseStrings_Should_Return_Uppercased_Strings" computerName="VASELOK-ПК" duration="00:00:00.0009330" startTime="2012-04-04T20:37:10.1216200+03:00" endTime="2012-04-04T20:37:10.1276204+03:00" testType="13cdc9d9-ddb5-4fa4-a97d-d965ccfc6d4b" outcome="Passed" testListId="8c84fa94-04c1-424b-9868-57a2d4851a1d" relativeResultsDirectory="031f7bea-9b53-4e02-9ed9-23481ed611a0">
    </UnitTestResult>
    <UnitTestResult executionId="c256d573-262b-4061-8e0d-a1f58a205689" testId="9d4bc957-b6ab-4cff-5705-277f192062d5" testName="IsSequenceHasNulls_Should_Return_Right_Results" computerName="VASELOK-ПК" duration="00:00:00.0007406" startTime="2012-04-04T20:37:10.1296205+03:00" endTime="2012-04-04T20:37:10.1366209+03:00" testType="13cdc9d9-ddb5-4fa4-a97d-d965ccfc6d4b" outcome="Passed" testListId="8c84fa94-04c1-424b-9868-57a2d4851a1d" relativeResultsDirectory="c256d573-262b-4061-8e0d-a1f58a205689">
    </UnitTestResult>
    <UnitTestResult executionId="02974dd5-02b1-4f42-89ec-33a13852d373" testId="a33a0fd4-ff4b-0e60-b661-e1b89609621a" testName="GetStringsLength_Should_Return_Strings_Length" computerName="VASELOK-ПК" duration="00:00:00.0009792" startTime="2012-04-04T20:37:10.1386210+03:00" endTime="2012-04-04T20:37:10.1446214+03:00" testType="13cdc9d9-ddb5-4fa4-a97d-d965ccfc6d4b" outcome="Passed" testListId="8c84fa94-04c1-424b-9868-57a2d4851a1d" relativeResultsDirectory="02974dd5-02b1-4f42-89ec-33a13852d373">
    </UnitTestResult>
    <UnitTestResult executionId="1bc51b21-f32d-4f1d-8817-9c7a3acc90d7" testId="a44f1187-d82a-d56b-ebad-aa457d19da97" testName="GetEvenItems_Should_Return_Empty_If_Sequence_Length_Is_Less_Than_2" computerName="VASELOK-ПК" duration="00:00:00.0012089" startTime="2012-04-04T20:37:10.1466215+03:00" endTime="2012-04-04T20:37:10.1546219+03:00" testType="13cdc9d9-ddb5-4fa4-a97d-d965ccfc6d4b" outcome="Passed" testListId="8c84fa94-04c1-424b-9868-57a2d4851a1d" relativeResultsDirectory="1bc51b21-f32d-4f1d-8817-9c7a3acc90d7">
    </UnitTestResult>
    <UnitTestResult executionId="349e1639-be95-4b49-b1ee-7b0e79262d8c" testId="b2ed6984-7457-c58c-2e37-b04fc204b9b6" testName="PropagateItemsByPostionIndex_Should_Return_Right_Results" computerName="VASELOK-ПК" duration="00:00:00.0012302" startTime="2012-04-04T20:37:10.1566220+03:00" endTime="2012-04-04T20:37:10.1626224+03:00" testType="13cdc9d9-ddb5-4fa4-a97d-d965ccfc6d4b" outcome="Passed" testListId="8c84fa94-04c1-424b-9868-57a2d4851a1d" relativeResultsDirectory="349e1639-be95-4b49-b1ee-7b0e79262d8c">
    </UnitTestResult>
    <UnitTestResult executionId="564c196d-db13-4398-8449-46b0eb9db814" testId="b49786a5-3674-e883-0aa2-b7b8dd7bac3c" testName="GetDigitCharsCount_Should_Return_Number_Of_Digit_Chars" computerName="VASELOK-ПК" duration="00:00:00.0003686" startTime="2012-04-04T20:37:10.1656226+03:00" endTime="2012-04-04T20:37:10.1706228+03:00" testType="13cdc9d9-ddb5-4fa4-a97d-d965ccfc6d4b" outcome="Passed" testListId="8c84fa94-04c1-424b-9868-57a2d4851a1d" relativeResultsDirectory="564c196d-db13-4398-8449-46b0eb9db814">
    </UnitTestResult>
    <UnitTestResult executionId="5d04be7c-deb4-46cb-bd2b-b56735efd5da" testId="b71c9ec6-625b-4e8f-1ec8-f546c24b3cdd" testName="GetNextVersionFromList_Should_Return_Right_Results" computerName="VASELOK-ПК" duration="00:00:00.0011738" startTime="2012-04-04T20:37:10.1726230+03:00" endTime="2012-04-04T20:37:10.1796234+03:00" testType="13cdc9d9-ddb5-4fa4-a97d-d965ccfc6d4b" outcome="Passed" testListId="8c84fa94-04c1-424b-9868-57a2d4851a1d" relativeResultsDirectory="5d04be7c-deb4-46cb-bd2b-b56735efd5da">
    </UnitTestResult>
    <UnitTestResult executionId="62db79ef-06e1-4d01-8b2d-efb57d7063b7" testId="bc926853-5e8d-4b91-f7a9-538af70e4dc9" testName="GetSumOfAllInts_Should_Return_Right_Results" computerName="VASELOK-ПК" duration="00:00:00.0012529" startTime="2012-04-04T20:37:10.1816235+03:00" endTime="2012-04-04T20:37:10.1876238+03:00" testType="13cdc9d9-ddb5-4fa4-a97d-d965ccfc6d4b" outcome="Passed" testListId="8c84fa94-04c1-424b-9868-57a2d4851a1d" relativeResultsDirectory="62db79ef-06e1-4d01-8b2d-efb57d7063b7">
    </UnitTestResult>
    <UnitTestResult executionId="1c03bb9d-b0b6-41ba-b7e8-8f6bc1f3cbd0" testId="c12e3770-66b3-84f2-92aa-d27c4eb76039" testName="SortDigitNamesByNumericOrder_Should_Return_Right_Results" computerName="VASELOK-ПК" duration="00:00:00.0012452" startTime="2012-04-04T20:37:10.1906240+03:00" endTime="2012-04-04T20:37:10.1966243+03:00" testType="13cdc9d9-ddb5-4fa4-a97d-d965ccfc6d4b" outcome="Passed" testListId="8c84fa94-04c1-424b-9868-57a2d4851a1d" relativeResultsDirectory="1c03bb9d-b0b6-41ba-b7e8-8f6bc1f3cbd0">
    </UnitTestResult>
    <UnitTestResult executionId="4865f0d2-21e4-404b-9b11-24c7a7773159" testId="c16c7d47-220f-99a7-bc0c-07aa9bd68b77" testName="GetCountOfStringsWithMaxLenght_Should_Return_Right_Result" computerName="VASELOK-ПК" duration="00:00:00.0015552" startTime="2012-04-04T20:37:10.1986244+03:00" endTime="2012-04-04T20:37:10.2056248+03:00" testType="13cdc9d9-ddb5-4fa4-a97d-d965ccfc6d4b" outcome="Passed" testListId="8c84fa94-04c1-424b-9868-57a2d4851a1d" relativeResultsDirectory="4865f0d2-21e4-404b-9b11-24c7a7773159">
    </UnitTestResult>
    <UnitTestResult executionId="e6036c5d-177e-437b-9bbc-10a61460786a" testId="cfe08222-f6de-0def-88d5-c5148407d1d3" testName="GetSumOfVectors_Should_Return_Right_Results" computerName="VASELOK-ПК" duration="00:00:00.0013282" startTime="2012-04-04T20:37:10.2086250+03:00" endTime="2012-04-04T20:37:10.2156254+03:00" testType="13cdc9d9-ddb5-4fa4-a97d-d965ccfc6d4b" outcome="Passed" testListId="8c84fa94-04c1-424b-9868-57a2d4851a1d" relativeResultsDirectory="e6036c5d-177e-437b-9bbc-10a61460786a">
    </UnitTestResult>
    <UnitTestResult executionId="9c365954-2b46-4182-892b-fef1eeea4d0e" testId="d1002e82-3a94-1810-4291-c7e3a753bb07" testName="AreNumericListsEqual_Should_Return_Right_Results" computerName="VASELOK-ПК" duration="00:00:00.0014068" startTime="2012-04-04T20:37:10.2176255+03:00" endTime="2012-04-04T20:37:10.2236259+03:00" testType="13cdc9d9-ddb5-4fa4-a97d-d965ccfc6d4b" outcome="Passed" testListId="8c84fa94-04c1-424b-9868-57a2d4851a1d" relativeResultsDirectory="9c365954-2b46-4182-892b-fef1eeea4d0e">
    </UnitTestResult>
    <UnitTestResult executionId="1e4d9f94-568a-48db-b195-18da8e7bed50" testId="d46cfb58-bf8e-887e-ce38-565d152e39c9" testName="GetCountOfStringsWithLengthEqualsTo3_Should_Return_Right_Result" computerName="VASELOK-ПК" duration="00:00:00.0010665" startTime="2012-04-04T20:37:10.2256260+03:00" endTime="2012-04-04T20:37:10.2316263+03:00" testType="13cdc9d9-ddb5-4fa4-a97d-d965ccfc6d4b" outcome="Passed" testListId="8c84fa94-04c1-424b-9868-57a2d4851a1d" relativeResultsDirectory="1e4d9f94-568a-48db-b195-18da8e7bed50">
    </UnitTestResult>
    <UnitTestResult executionId="e24f31da-d1bd-49d5-92dc-63971bfd6aff" testId="e24fc1e5-5dfe-c952-0f03-ee2451eb399e" testName="GetProductOfVectors_Should_Return_Right_Results" computerName="VASELOK-ПК" duration="00:00:00.0009621" startTime="2012-04-04T20:37:10.2336264+03:00" endTime="2012-04-04T20:37:10.2396268+03:00" testType="13cdc9d9-ddb5-4fa4-a97d-d965ccfc6d4b" outcome="Passed" testListId="8c84fa94-04c1-424b-9868-57a2d4851a1d" relativeResultsDirectory="e24f31da-d1bd-49d5-92dc-63971bfd6aff">
    </UnitTestResult>
    <UnitTestResult executionId="256a141c-48c7-496f-a682-5a44516d25c3" testId="e48b642c-09f4-0102-7220-3b8e7ff37c88" testName="GetEvenItems_Should_Return_EvenItems" computerName="VASELOK-ПК" duration="00:00:00.0002544" startTime="2012-04-04T20:37:10.2416269+03:00" endTime="2012-04-04T20:37:10.2476272+03:00" testType="13cdc9d9-ddb5-4fa4-a97d-d965ccfc6d4b" outcome="Passed" testListId="8c84fa94-04c1-424b-9868-57a2d4851a1d" relativeResultsDirectory="256a141c-48c7-496f-a682-5a44516d25c3">
    </UnitTestResult>
    <UnitTestResult executionId="3adaecad-5d05-4a4b-a518-b7fd381dbd73" testId="e649b2f4-e915-f12f-449b-cca2c13f2de3" testName="GetStringsOnly_Should_Return_Right_Results" computerName="VASELOK-ПК" duration="00:00:00.0011062" startTime="2012-04-04T20:37:10.2496274+03:00" endTime="2012-04-04T20:37:10.2556277+03:00" testType="13cdc9d9-ddb5-4fa4-a97d-d965ccfc6d4b" outcome="Passed" testListId="8c84fa94-04c1-424b-9868-57a2d4851a1d" relativeResultsDirectory="3adaecad-5d05-4a4b-a518-b7fd381dbd73">
    </UnitTestResult>
  </Results>
</TestRun>