<?xml version="1.0" encoding="UTF-8"?>
<TestRun id="cebd28ef-32ac-47c3-8212-7ab27049ef03" name="vaselOK@VASELOK-ПК 2012-04-04 20:23:20" runUser="vaselOK-ПК\vaselOK" xmlns="http://microsoft.com/schemas/VisualStudio/TeamTest/2010">
  <TestSettings name="Параметры тестирования по умолчанию" id="476b7142-ca8e-4249-90f2-1b0fb8e017fc">
    <Deployment runDeploymentRoot="vaselOK_VASELOK-ПК 2012-04-04 20_23_20">
      <DeploymentItem filename="F:\учеба\ASP_EPAM\Day6.Workshop\Enumerable\bin\Debug\Enumerable.dll" />
    </Deployment>
    <Execution>
      <TestTypeSpecific />
      <AgentRule name="Execution Agents">
      </AgentRule>
    </Execution>
  </TestSettings>
  <Times creation="2012-04-04T20:23:20.6071745+03:00" queuing="2012-04-04T20:23:20.6971797+03:00" start="2012-04-04T20:23:20.7271814+03:00" finish="2012-04-04T20:23:21.8362448+03:00" />
  <ResultSummary outcome="Failed">
    <Counters total="41" executed="41" passed="33" error="0" failed="8" timeout="0" aborted="0" inconclusive="0" passedButRunAborted="0" notRunnable="0" notExecuted="0" disconnected="0" warning="0" completed="0" inProgress="0" pending="0" />
  </ResultSummary>
  <TestDefinitions>
    <UnitTest name="GetCountOfStrings_Should_Return_Right_Result" storage="f:\учеба\asp_epam\day6.workshop\enumerabletest\bin\debug\enumerabletest.dll" id="045fb746-ba3d-711e-94ba-3ded5d205be1">
      <TestCategory>
        <TestCategoryItem TestCategory="GetCountOfStrings" />
      </TestCategory>
      <Execution id="d6087218-e7f0-444f-9912-10b1f4c0c392" />
      <TestMethod codeBase="F:/учеба/ASP_EPAM/Day6.Workshop/EnumerableTest/bin/Debug/EnumerableTest.DLL" adapterTypeName="Microsoft.VisualStudio.TestTools.TestTypes.Unit.UnitTestAdapter, Microsoft.VisualStudio.QualityTools.Tips.UnitTest.Adapter, Version=10.0.0.0, Culture=neutral, PublicKeyToken=b03f5f7f11d50a3a" className="EnumerableTest.TaskTest, EnumerableTest, Version=0.0.0.0, Culture=neutral, PublicKeyToken=null" name="GetCountOfStrings_Should_Return_Right_Result" />
    </UnitTest>
    <UnitTest name="GetNextVersionFromList_Should_Return_Right_Results" storage="f:\учеба\asp_epam\day6.workshop\enumerabletest\bin\debug\enumerabletest.dll" id="b71c9ec6-625b-4e8f-1ec8-f546c24b3cdd">
      <TestCategory>
        <TestCategoryItem TestCategory="GetNextVersionFromList" />
      </TestCategory>
      <Execution id="f15fd274-4a2e-4caa-a6d6-64d405bbe448" />
      <TestMethod codeBase="F:/учеба/ASP_EPAM/Day6.Workshop/EnumerableTest/bin/Debug/EnumerableTest.DLL" adapterTypeName="Microsoft.VisualStudio.TestTools.TestTypes.Unit.UnitTestAdapter, Microsoft.VisualStudio.QualityTools.Tips.UnitTest.Adapter, Version=10.0.0.0, Culture=neutral, PublicKeyToken=b03f5f7f11d50a3a" className="EnumerableTest.TaskTest, EnumerableTest, Version=0.0.0.0, Culture=neutral, PublicKeyToken=null" name="GetNextVersionFromList_Should_Return_Right_Results" />
    </UnitTest>
    <UnitTest name="GetSumOfVectors_Should_Return_Right_Results" storage="f:\учеба\asp_epam\day6.workshop\enumerabletest\bin\debug\enumerabletest.dll" id="cfe08222-f6de-0def-88d5-c5148407d1d3">
      <TestCategory>
        <TestCategoryItem TestCategory="GetSumOfVectors" />
      </TestCategory>
      <Execution id="9d9704e2-2bee-4e81-8e87-c131bf515ad2" />
      <TestMethod codeBase="F:/учеба/ASP_EPAM/Day6.Workshop/EnumerableTest/bin/Debug/EnumerableTest.DLL" adapterTypeName="Microsoft.VisualStudio.TestTools.TestTypes.Unit.UnitTestAdapter, Microsoft.VisualStudio.QualityTools.Tips.UnitTest.Adapter, Version=10.0.0.0, Culture=neutral, PublicKeyToken=b03f5f7f11d50a3a" className="EnumerableTest.TaskTest, EnumerableTest, Version=0.0.0.0, Culture=neutral, PublicKeyToken=null" name="GetSumOfVectors_Should_Return_Right_Results" />
    </UnitTest>
    <UnitTest name="GetPrefixItems_Should_Raise_Exception_If_Prefix_Is_Null" storage="f:\учеба\asp_epam\day6.workshop\enumerabletest\bin\debug\enumerabletest.dll" id="608e8c24-666d-dcf7-c02c-68d28a471684">
      <TestCategory>
        <TestCategoryItem TestCategory="GetPrefixItems" />
      </TestCategory>
      <Execution id="c92adba5-781e-4c39-9685-8b9d7ba68290" />
      <TestMethod codeBase="F:/учеба/ASP_EPAM/Day6.Workshop/EnumerableTest/bin/Debug/EnumerableTest.DLL" adapterTypeName="Microsoft.VisualStudio.TestTools.TestTypes.Unit.UnitTestAdapter, Microsoft.VisualStudio.QualityTools.Tips.UnitTest.Adapter, Version=10.0.0.0, Culture=neutral, PublicKeyToken=b03f5f7f11d50a3a" className="EnumerableTest.TaskTest, EnumerableTest, Version=0.0.0.0, Culture=neutral, PublicKeyToken=null" name="GetPrefixItems_Should_Raise_Exception_If_Prefix_Is_Null" />
    </UnitTest>
    <UnitTest name="GetCountOfGreaterThen10_Should_Return_Right_Result" storage="f:\учеба\asp_epam\day6.workshop\enumerabletest\bin\debug\enumerabletest.dll" id="1a3ca12f-fd40-063e-1b5e-7b7cacc7a8f9">
      <TestCategory>
        <TestCategoryItem TestCategory="GetCountOfGreaterThen10" />
      </TestCategory>
      <Execution id="72f9678a-54ad-4091-bba9-d81b05be4fa8" />
      <TestMethod codeBase="F:/учеба/ASP_EPAM/Day6.Workshop/EnumerableTest/bin/Debug/EnumerableTest.DLL" adapterTypeName="Microsoft.VisualStudio.TestTools.TestTypes.Unit.UnitTestAdapter, Microsoft.VisualStudio.QualityTools.Tips.UnitTest.Adapter, Version=10.0.0.0, Culture=neutral, PublicKeyToken=b03f5f7f11d50a3a" className="EnumerableTest.TaskTest, EnumerableTest, Version=0.0.0.0, Culture=neutral, PublicKeyToken=null" name="GetCountOfGreaterThen10_Should_Return_Right_Result" />
    </UnitTest>
    <UnitTest name="GetQuarterSales_Should_Return_Right_Results" storage="f:\учеба\asp_epam\day6.workshop\enumerabletest\bin\debug\enumerabletest.dll" id="59cfd53f-f7e3-6314-32be-e4ed7905d52b">
      <TestCategory>
        <TestCategoryItem TestCategory="GetQuarterSales" />
      </TestCategory>
      <Execution id="98a5c8fc-f255-4a2a-b8cc-28b579d5aa1c" />
      <TestMethod codeBase="F:/учеба/ASP_EPAM/Day6.Workshop/EnumerableTest/bin/Debug/EnumerableTest.DLL" adapterTypeName="Microsoft.VisualStudio.TestTools.TestTypes.Unit.UnitTestAdapter, Microsoft.VisualStudio.QualityTools.Tips.UnitTest.Adapter, Version=10.0.0.0, Culture=neutral, PublicKeyToken=b03f5f7f11d50a3a" className="EnumerableTest.TaskTest, EnumerableTest, Version=0.0.0.0, Culture=neutral, PublicKeyToken=null" name="GetQuarterSales_Should_Return_Right_Results" />
    </UnitTest>
    <UnitTest name="GetProductOfVectors_Should_Return_Right_Results" storage="f:\учеба\asp_epam\day6.workshop\enumerabletest\bin\debug\enumerabletest.dll" id="e24fc1e5-5dfe-c952-0f03-ee2451eb399e">
      <TestCategory>
        <TestCategoryItem TestCategory="GetProductOfVectors" />
      </TestCategory>
      <Execution id="f430dedd-821e-419b-a062-6d4607bbd0a4" />
      <TestMethod codeBase="F:/учеба/ASP_EPAM/Day6.Workshop/EnumerableTest/bin/Debug/EnumerableTest.DLL" adapterTypeName="Microsoft.VisualStudio.TestTools.TestTypes.Unit.UnitTestAdapter, Microsoft.VisualStudio.QualityTools.Tips.UnitTest.Adapter, Version=10.0.0.0, Culture=neutral, PublicKeyToken=b03f5f7f11d50a3a" className="EnumerableTest.TaskTest, EnumerableTest, Version=0.0.0.0, Culture=neutral, PublicKeyToken=null" name="GetProductOfVectors_Should_Return_Right_Results" />
    </UnitTest>
    <UnitTest name="GetUsedChars_Should_Return_List_of_Chars" storage="f:\учеба\asp_epam\day6.workshop\enumerabletest\bin\debug\enumerabletest.dll" id="4dae8c9f-c963-a4c7-f99c-6845e83c59e5">
      <TestCategory>
        <TestCategoryItem TestCategory="GetUsedChars" />
      </TestCategory>
      <Execution id="4b3576ce-9255-4a5a-9801-2b8910f86a6e" />
      <TestMethod codeBase="F:/учеба/ASP_EPAM/Day6.Workshop/EnumerableTest/bin/Debug/EnumerableTest.DLL" adapterTypeName="Microsoft.VisualStudio.TestTools.TestTypes.Unit.UnitTestAdapter, Microsoft.VisualStudio.QualityTools.Tips.UnitTest.Adapter, Version=10.0.0.0, Culture=neutral, PublicKeyToken=b03f5f7f11d50a3a" className="EnumerableTest.TaskTest, EnumerableTest, Version=0.0.0.0, Culture=neutral, PublicKeyToken=null" name="GetUsedChars_Should_Return_List_of_Chars" />
    </UnitTest>
    <UnitTest name="GetDigitCharsCount_Should_Return_Number_Of_Digit_Chars" storage="f:\учеба\asp_epam\day6.workshop\enumerabletest\bin\debug\enumerabletest.dll" id="b49786a5-3674-e883-0aa2-b7b8dd7bac3c">
      <TestCategory>
        <TestCategoryItem TestCategory="GetDigitCharsCount" />
      </TestCategory>
      <Execution id="4c2d4ba7-5f71-4442-8d7f-fd03d7ef6c16" />
      <TestMethod codeBase="F:/учеба/ASP_EPAM/Day6.Workshop/EnumerableTest/bin/Debug/EnumerableTest.DLL" adapterTypeName="Microsoft.VisualStudio.TestTools.TestTypes.Unit.UnitTestAdapter, Microsoft.VisualStudio.QualityTools.Tips.UnitTest.Adapter, Version=10.0.0.0, Culture=neutral, PublicKeyToken=b03f5f7f11d50a3a" className="EnumerableTest.TaskTest, EnumerableTest, Version=0.0.0.0, Culture=neutral, PublicKeyToken=null" name="GetDigitCharsCount_Should_Return_Number_Of_Digit_Chars" />
    </UnitTest>
    <UnitTest name="GetSquareSequence_Should_Return_Square_Items" storage="f:\учеба\asp_epam\day6.workshop\enumerabletest\bin\debug\enumerabletest.dll" id="43c72a8d-c049-5b37-79ec-2fc27da8bc8d">
      <TestCategory>
        <TestCategoryItem TestCategory="GetSquareSequence" />
      </TestCategory>
      <Execution id="a72b3fe4-4517-41af-b334-92cc8bcb1ba0" />
      <TestMethod codeBase="F:/учеба/ASP_EPAM/Day6.Workshop/EnumerableTest/bin/Debug/EnumerableTest.DLL" adapterTypeName="Microsoft.VisualStudio.TestTools.TestTypes.Unit.UnitTestAdapter, Microsoft.VisualStudio.QualityTools.Tips.UnitTest.Adapter, Version=10.0.0.0, Culture=neutral, PublicKeyToken=b03f5f7f11d50a3a" className="EnumerableTest.TaskTest, EnumerableTest, Version=0.0.0.0, Culture=neutral, PublicKeyToken=null" name="GetSquareSequence_Should_Return_Square_Items" />
    </UnitTest>
    <UnitTest name="GetPrefixItems_Should_Return_Items_Started_With_Required_Prefix" storage="f:\учеба\asp_epam\day6.workshop\enumerabletest\bin\debug\enumerabletest.dll" id="5b75b77b-328e-1e07-812e-ae5858f99375">
      <TestCategory>
        <TestCategoryItem TestCategory="GetPrefixItems" />
      </TestCategory>
      <Execution id="75d3476d-f938-4f11-87b8-88a3c93a18e6" />
      <TestMethod codeBase="F:/учеба/ASP_EPAM/Day6.Workshop/EnumerableTest/bin/Debug/EnumerableTest.DLL" adapterTypeName="Microsoft.VisualStudio.TestTools.TestTypes.Unit.UnitTestAdapter, Microsoft.VisualStudio.QualityTools.Tips.UnitTest.Adapter, Version=10.0.0.0, Culture=neutral, PublicKeyToken=b03f5f7f11d50a3a" className="EnumerableTest.TaskTest, EnumerableTest, Version=0.0.0.0, Culture=neutral, PublicKeyToken=null" name="GetPrefixItems_Should_Return_Items_Started_With_Required_Prefix" />
    </UnitTest>
    <UnitTest name="GetFirstNegativeSubsequence_Should_Return_Right_Results" storage="f:\учеба\asp_epam\day6.workshop\enumerabletest\bin\debug\enumerabletest.dll" id="493d7ab6-74be-557c-936e-edf421905239">
      <TestCategory>
        <TestCategoryItem TestCategory="GetFirstNegativeSubsequence" />
      </TestCategory>
      <Execution id="f9b9c4c8-8ba1-4bca-82ae-5a591ebc60d3" />
      <TestMethod codeBase="F:/учеба/ASP_EPAM/Day6.Workshop/EnumerableTest/bin/Debug/EnumerableTest.DLL" adapterTypeName="Microsoft.VisualStudio.TestTools.TestTypes.Unit.UnitTestAdapter, Microsoft.VisualStudio.QualityTools.Tips.UnitTest.Adapter, Version=10.0.0.0, Culture=neutral, PublicKeyToken=b03f5f7f11d50a3a" className="EnumerableTest.TaskTest, EnumerableTest, Version=0.0.0.0, Culture=neutral, PublicKeyToken=null" name="GetFirstNegativeSubsequence_Should_Return_Right_Results" />
    </UnitTest>
    <UnitTest name="GetCountOfStringsWithMaxLenght_Should_Return_Right_Result" storage="f:\учеба\asp_epam\day6.workshop\enumerabletest\bin\debug\enumerabletest.dll" id="c16c7d47-220f-99a7-bc0c-07aa9bd68b77">
      <TestCategory>
        <TestCategoryItem TestCategory="GetCountOfStringsWithMaxLenght" />
      </TestCategory>
      <Execution id="a978f224-fb51-476f-82ee-97e8f47f7515" />
      <TestMethod codeBase="F:/учеба/ASP_EPAM/Day6.Workshop/EnumerableTest/bin/Debug/EnumerableTest.DLL" adapterTypeName="Microsoft.VisualStudio.TestTools.TestTypes.Unit.UnitTestAdapter, Microsoft.VisualStudio.QualityTools.Tips.UnitTest.Adapter, Version=10.0.0.0, Culture=neutral, PublicKeyToken=b03f5f7f11d50a3a" className="EnumerableTest.TaskTest, EnumerableTest, Version=0.0.0.0, Culture=neutral, PublicKeyToken=null" name="GetCountOfStringsWithMaxLenght_Should_Return_Right_Result" />
    </UnitTest>
    <UnitTest name="GetPrefixItems_Should_Return_Empty_Sequence_If_No_Items_With_Required_Prefix" storage="f:\учеба\asp_epam\day6.workshop\enumerabletest\bin\debug\enumerabletest.dll" id="11c1deb1-0eef-696f-1bf1-9ebc7303fa37">
      <TestCategory>
        <TestCategoryItem TestCategory="GetPrefixItems" />
      </TestCategory>
      <Execution id="85f1b1b5-ae6c-43d6-8ce6-bbcc609d6ed3" />
      <TestMethod codeBase="F:/учеба/ASP_EPAM/Day6.Workshop/EnumerableTest/bin/Debug/EnumerableTest.DLL" adapterTypeName="Microsoft.VisualStudio.TestTools.TestTypes.Unit.UnitTestAdapter, Microsoft.VisualStudio.QualityTools.Tips.UnitTest.Adapter, Version=10.0.0.0, Culture=neutral, PublicKeyToken=b03f5f7f11d50a3a" className="EnumerableTest.TaskTest, EnumerableTest, Version=0.0.0.0, Culture=neutral, PublicKeyToken=null" name="GetPrefixItems_Should_Return_Empty_Sequence_If_No_Items_With_Required_Prefix" />
    </UnitTest>
    <UnitTest name="GetFirstContainsFirst_Should_Return_Right_Result" storage="f:\учеба\asp_epam\day6.workshop\enumerabletest\bin\debug\enumerabletest.dll" id="3e3e5339-fc6a-81ab-04d0-eac57d498273">
      <TestCategory>
        <TestCategoryItem TestCategory="GetFirstContainsFirst" />
      </TestCategory>
      <Execution id="a5ef051b-37a4-4ff9-acd3-6fcfb98db029" />
      <TestMethod codeBase="F:/учеба/ASP_EPAM/Day6.Workshop/EnumerableTest/bin/Debug/EnumerableTest.DLL" adapterTypeName="Microsoft.VisualStudio.TestTools.TestTypes.Unit.UnitTestAdapter, Microsoft.VisualStudio.QualityTools.Tips.UnitTest.Adapter, Version=10.0.0.0, Culture=neutral, PublicKeyToken=b03f5f7f11d50a3a" className="EnumerableTest.TaskTest, EnumerableTest, Version=0.0.0.0, Culture=neutral, PublicKeyToken=null" name="GetFirstContainsFirst_Should_Return_Right_Result" />
    </UnitTest>
    <UnitTest name="IsAllStringsAreUppercase_Should_Return_Right_Results" storage="f:\учеба\asp_epam\day6.workshop\enumerabletest\bin\debug\enumerabletest.dll" id="7341c297-c057-8ebe-50ef-d6d392dc16f5">
      <TestCategory>
        <TestCategoryItem TestCategory="IsAllStringsAreUppercase" />
      </TestCategory>
      <Execution id="715ed8b8-40be-4466-a87a-bd624de18498" />
      <TestMethod codeBase="F:/учеба/ASP_EPAM/Day6.Workshop/EnumerableTest/bin/Debug/EnumerableTest.DLL" adapterTypeName="Microsoft.VisualStudio.TestTools.TestTypes.Unit.UnitTestAdapter, Microsoft.VisualStudio.QualityTools.Tips.UnitTest.Adapter, Version=10.0.0.0, Culture=neutral, PublicKeyToken=b03f5f7f11d50a3a" className="EnumerableTest.TaskTest, EnumerableTest, Version=0.0.0.0, Culture=neutral, PublicKeyToken=null" name="IsAllStringsAreUppercase_Should_Return_Right_Results" />
    </UnitTest>
    <UnitTest name="Get3TopItems_Should_Return_Square_Items" storage="f:\учеба\asp_epam\day6.workshop\enumerabletest\bin\debug\enumerabletest.dll" id="4c54e396-1ddd-c0e2-8cd1-002e6ee61220">
      <TestCategory>
        <TestCategoryItem TestCategory="Get3TopItems" />
      </TestCategory>
      <Execution id="1295a486-3b7c-4979-a82b-0a79c45d067c" />
      <TestMethod codeBase="F:/учеба/ASP_EPAM/Day6.Workshop/EnumerableTest/bin/Debug/EnumerableTest.DLL" adapterTypeName="Microsoft.VisualStudio.TestTools.TestTypes.Unit.UnitTestAdapter, Microsoft.VisualStudio.QualityTools.Tips.UnitTest.Adapter, Version=10.0.0.0, Culture=neutral, PublicKeyToken=b03f5f7f11d50a3a" className="EnumerableTest.TaskTest, EnumerableTest, Version=0.0.0.0, Culture=neutral, PublicKeyToken=null" name="Get3TopItems_Should_Return_Square_Items" />
    </UnitTest>
    <UnitTest name="GetCountOfStringsWithLengthEqualsTo3_Should_Return_Right_Result" storage="f:\учеба\asp_epam\day6.workshop\enumerabletest\bin\debug\enumerabletest.dll" id="d46cfb58-bf8e-887e-ce38-565d152e39c9">
      <TestCategory>
        <TestCategoryItem TestCategory="GetCountOfStringsWithLengthEqualsTo3" />
      </TestCategory>
      <Execution id="3dcc1fa6-65bb-4572-baaa-20e625a153ab" />
      <TestMethod codeBase="F:/учеба/ASP_EPAM/Day6.Workshop/EnumerableTest/bin/Debug/EnumerableTest.DLL" adapterTypeName="Microsoft.VisualStudio.TestTools.TestTypes.Unit.UnitTestAdapter, Microsoft.VisualStudio.QualityTools.Tips.UnitTest.Adapter, Version=10.0.0.0, Culture=neutral, PublicKeyToken=b03f5f7f11d50a3a" className="EnumerableTest.TaskTest, EnumerableTest, Version=0.0.0.0, Culture=neutral, PublicKeyToken=null" name="GetCountOfStringsWithLengthEqualsTo3_Should_Return_Right_Result" />
    </UnitTest>
    <UnitTest name="CombineNumbersAndFruits_Should_Return_Right_Results" storage="f:\учеба\asp_epam\day6.workshop\enumerabletest\bin\debug\enumerabletest.dll" id="4aa0c7c0-5ae9-c68b-8fc7-21a64305d247">
      <TestCategory>
        <TestCategoryItem TestCategory="CombineNumbersAndFruits" />
      </TestCategory>
      <Execution id="4118686e-c0b9-4c1d-bd25-7e79c14239a2" />
      <TestMethod codeBase="F:/учеба/ASP_EPAM/Day6.Workshop/EnumerableTest/bin/Debug/EnumerableTest.DLL" adapterTypeName="Microsoft.VisualStudio.TestTools.TestTypes.Unit.UnitTestAdapter, Microsoft.VisualStudio.QualityTools.Tips.UnitTest.Adapter, Version=10.0.0.0, Culture=neutral, PublicKeyToken=b03f5f7f11d50a3a" className="EnumerableTest.TaskTest, EnumerableTest, Version=0.0.0.0, Culture=neutral, PublicKeyToken=null" name="CombineNumbersAndFruits_Should_Return_Right_Results" />
    </UnitTest>
    <UnitTest name="GetStringOfSequence_Should_Return_Right_Results" storage="f:\учеба\asp_epam\day6.workshop\enumerabletest\bin\debug\enumerabletest.dll" id="068a35e1-babe-dd13-85ee-ce6cb79a6f86">
      <TestCategory>
        <TestCategoryItem TestCategory="GetStringOfSequence" />
      </TestCategory>
      <Execution id="d9ee88e3-d641-450e-b6aa-c042fdd6ce11" />
      <TestMethod codeBase="F:/учеба/ASP_EPAM/Day6.Workshop/EnumerableTest/bin/Debug/EnumerableTest.DLL" adapterTypeName="Microsoft.VisualStudio.TestTools.TestTypes.Unit.UnitTestAdapter, Microsoft.VisualStudio.QualityTools.Tips.UnitTest.Adapter, Version=10.0.0.0, Culture=neutral, PublicKeyToken=b03f5f7f11d50a3a" className="EnumerableTest.TaskTest, EnumerableTest, Version=0.0.0.0, Culture=neutral, PublicKeyToken=null" name="GetStringOfSequence_Should_Return_Right_Results" />
    </UnitTest>
    <UnitTest name="GetStringsOnly_Should_Return_Right_Results" storage="f:\учеба\asp_epam\day6.workshop\enumerabletest\bin\debug\enumerabletest.dll" id="e649b2f4-e915-f12f-449b-cca2c13f2de3">
      <TestCategory>
        <TestCategoryItem TestCategory="GetStringsOnly" />
      </TestCategory>
      <Execution id="8d40a63f-da02-4a1b-8f4b-3720990abb41" />
      <TestMethod codeBase="F:/учеба/ASP_EPAM/Day6.Workshop/EnumerableTest/bin/Debug/EnumerableTest.DLL" adapterTypeName="Microsoft.VisualStudio.TestTools.TestTypes.Unit.UnitTestAdapter, Microsoft.VisualStudio.QualityTools.Tips.UnitTest.Adapter, Version=10.0.0.0, Culture=neutral, PublicKeyToken=b03f5f7f11d50a3a" className="EnumerableTest.TaskTest, EnumerableTest, Version=0.0.0.0, Culture=neutral, PublicKeyToken=null" name="GetStringsOnly_Should_Return_Right_Results" />
    </UnitTest>
    <UnitTest name="GetIEnumerableTypesNames_Should_Return_Right_Results" storage="f:\учеба\asp_epam\day6.workshop\enumerabletest\bin\debug\enumerabletest.dll" id="54bfe939-eff8-e58f-ab02-133227efae85">
      <TestCategory>
        <TestCategoryItem TestCategory="GetIEnumerableTypesNames" />
      </TestCategory>
      <Execution id="679da5a3-1cb8-4d8b-a257-b729cb650ae9" />
      <TestMethod codeBase="F:/учеба/ASP_EPAM/Day6.Workshop/EnumerableTest/bin/Debug/EnumerableTest.DLL" adapterTypeName="Microsoft.VisualStudio.TestTools.TestTypes.Unit.UnitTestAdapter, Microsoft.VisualStudio.QualityTools.Tips.UnitTest.Adapter, Version=10.0.0.0, Culture=neutral, PublicKeyToken=b03f5f7f11d50a3a" className="EnumerableTest.TaskTest, EnumerableTest, Version=0.0.0.0, Culture=neutral, PublicKeyToken=null" name="GetIEnumerableTypesNames_Should_Return_Right_Results" />
    </UnitTest>
    <UnitTest name="GetDigitCharsCount_Should_Throw_ArgumentException_If_data_Is_Null" storage="f:\учеба\asp_epam\day6.workshop\enumerabletest\bin\debug\enumerabletest.dll" id="3c334d4c-8dc8-d688-719d-596a1c04a356">
      <TestCategory>
        <TestCategoryItem TestCategory="GetDigitCharsCount" />
      </TestCategory>
      <Execution id="c5c757f5-9dd0-4e0e-bdbc-f02f7c67e70e" />
      <TestMethod codeBase="F:/учеба/ASP_EPAM/Day6.Workshop/EnumerableTest/bin/Debug/EnumerableTest.DLL" adapterTypeName="Microsoft.VisualStudio.TestTools.TestTypes.Unit.UnitTestAdapter, Microsoft.VisualStudio.QualityTools.Tips.UnitTest.Adapter, Version=10.0.0.0, Culture=neutral, PublicKeyToken=b03f5f7f11d50a3a" className="EnumerableTest.TaskTest, EnumerableTest, Version=0.0.0.0, Culture=neutral, PublicKeyToken=null" name="GetDigitCharsCount_Should_Throw_ArgumentException_If_data_Is_Null" />
    </UnitTest>
    <UnitTest name="GetUppercaseStrings_Should_Return_Uppercased_Strings" storage="f:\учеба\asp_epam\day6.workshop\enumerabletest\bin\debug\enumerabletest.dll" id="89ecf07f-9a5c-e329-78c4-b63b2fb8e2c9">
      <TestCategory>
        <TestCategoryItem TestCategory="GetUppercaseStrings" />
      </TestCategory>
      <Execution id="e5501203-ecdf-4344-a14b-f4994bbec6f6" />
      <TestMethod codeBase="F:/учеба/ASP_EPAM/Day6.Workshop/EnumerableTest/bin/Debug/EnumerableTest.DLL" adapterTypeName="Microsoft.VisualStudio.TestTools.TestTypes.Unit.UnitTestAdapter, Microsoft.VisualStudio.QualityTools.Tips.UnitTest.Adapter, Version=10.0.0.0, Culture=neutral, PublicKeyToken=b03f5f7f11d50a3a" className="EnumerableTest.TaskTest, EnumerableTest, Version=0.0.0.0, Culture=neutral, PublicKeyToken=null" name="GetUppercaseStrings_Should_Return_Uppercased_Strings" />
    </UnitTest>
    <UnitTest name="GetAverageOfDoubleValues_Should_Return_Right_Results" storage="f:\учеба\asp_epam\day6.workshop\enumerabletest\bin\debug\enumerabletest.dll" id="490f9b19-ece3-4e52-4cc8-91678ac7e694">
      <TestCategory>
        <TestCategoryItem TestCategory="GetAverageOfDoubleValues" />
      </TestCategory>
      <Execution id="acd4a4b5-c821-41a9-998e-851108c0cb5e" />
      <TestMethod codeBase="F:/учеба/ASP_EPAM/Day6.Workshop/EnumerableTest/bin/Debug/EnumerableTest.DLL" adapterTypeName="Microsoft.VisualStudio.TestTools.TestTypes.Unit.UnitTestAdapter, Microsoft.VisualStudio.QualityTools.Tips.UnitTest.Adapter, Version=10.0.0.0, Culture=neutral, PublicKeyToken=b03f5f7f11d50a3a" className="EnumerableTest.TaskTest, EnumerableTest, Version=0.0.0.0, Culture=neutral, PublicKeyToken=null" name="GetAverageOfDoubleValues_Should_Return_Right_Results" />
    </UnitTest>
    <UnitTest name="SortDigitNamesByNumericOrder_Should_Return_Right_Results" storage="f:\учеба\asp_epam\day6.workshop\enumerabletest\bin\debug\enumerabletest.dll" id="c12e3770-66b3-84f2-92aa-d27c4eb76039">
      <TestCategory>
        <TestCategoryItem TestCategory="SortDigitNamesByNumericOrder" />
      </TestCategory>
      <Execution id="3e3792c0-3eb8-440a-8e35-2e12cdfbfecf" />
      <TestMethod codeBase="F:/учеба/ASP_EPAM/Day6.Workshop/EnumerableTest/bin/Debug/EnumerableTest.DLL" adapterTypeName="Microsoft.VisualStudio.TestTools.TestTypes.Unit.UnitTestAdapter, Microsoft.VisualStudio.QualityTools.Tips.UnitTest.Adapter, Version=10.0.0.0, Culture=neutral, PublicKeyToken=b03f5f7f11d50a3a" className="EnumerableTest.TaskTest, EnumerableTest, Version=0.0.0.0, Culture=neutral, PublicKeyToken=null" name="SortDigitNamesByNumericOrder_Should_Return_Right_Results" />
    </UnitTest>
    <UnitTest name="GetSpecificEventEntriesCount_Should_Return_Right_Result" storage="f:\учеба\asp_epam\day6.workshop\enumerabletest\bin\debug\enumerabletest.dll" id="4e8e8de7-9b72-0cbc-9ab1-45b0e90ac2f5">
      <TestCategory>
        <TestCategoryItem TestCategory="GetSpecificEventEntriesCount" />
      </TestCategory>
      <Execution id="bff02b18-e0ba-46d2-8990-2172f6b3b999" />
      <TestMethod codeBase="F:/учеба/ASP_EPAM/Day6.Workshop/EnumerableTest/bin/Debug/EnumerableTest.DLL" adapterTypeName="Microsoft.VisualStudio.TestTools.TestTypes.Unit.UnitTestAdapter, Microsoft.VisualStudio.QualityTools.Tips.UnitTest.Adapter, Version=10.0.0.0, Culture=neutral, PublicKeyToken=b03f5f7f11d50a3a" className="EnumerableTest.TaskTest, EnumerableTest, Version=0.0.0.0, Culture=neutral, PublicKeyToken=null" name="GetSpecificEventEntriesCount_Should_Return_Right_Result" />
    </UnitTest>
    <UnitTest name="GetCommonChars_Should_Return_Right_Results" storage="f:\учеба\asp_epam\day6.workshop\enumerabletest\bin\debug\enumerabletest.dll" id="7b6e24df-00d3-a95f-ea51-95c29ba34c7e">
      <TestCategory>
        <TestCategoryItem TestCategory="GetCommonChars" />
      </TestCategory>
      <Execution id="a1bf6bdd-5526-4f08-9d35-f7de7eee988a" />
      <TestMethod codeBase="F:/учеба/ASP_EPAM/Day6.Workshop/EnumerableTest/bin/Debug/EnumerableTest.DLL" adapterTypeName="Microsoft.VisualStudio.TestTools.TestTypes.Unit.UnitTestAdapter, Microsoft.VisualStudio.QualityTools.Tips.UnitTest.Adapter, Version=10.0.0.0, Culture=neutral, PublicKeyToken=b03f5f7f11d50a3a" className="EnumerableTest.TaskTest, EnumerableTest, Version=0.0.0.0, Culture=neutral, PublicKeyToken=null" name="GetCommonChars_Should_Return_Right_Results" />
    </UnitTest>
    <UnitTest name="GetTotalStringsLength_Should_Return_Right_Results" storage="f:\учеба\asp_epam\day6.workshop\enumerabletest\bin\debug\enumerabletest.dll" id="6555c6f9-4be4-2bb5-f66b-17e0ac806335">
      <TestCategory>
        <TestCategoryItem TestCategory="GetTotalStringsLength" />
      </TestCategory>
      <Execution id="d1a730b2-1b34-46c6-90b8-e9b8775ce63c" />
      <TestMethod codeBase="F:/учеба/ASP_EPAM/Day6.Workshop/EnumerableTest/bin/Debug/EnumerableTest.DLL" adapterTypeName="Microsoft.VisualStudio.TestTools.TestTypes.Unit.UnitTestAdapter, Microsoft.VisualStudio.QualityTools.Tips.UnitTest.Adapter, Version=10.0.0.0, Culture=neutral, PublicKeyToken=b03f5f7f11d50a3a" className="EnumerableTest.TaskTest, EnumerableTest, Version=0.0.0.0, Culture=neutral, PublicKeyToken=null" name="GetTotalStringsLength_Should_Return_Right_Results" />
    </UnitTest>
    <UnitTest name="GetMissingDigits_Should_Return_Right_Results" storage="f:\учеба\asp_epam\day6.workshop\enumerabletest\bin\debug\enumerabletest.dll" id="4e4e92b1-cb43-4420-f1d2-e3e8be142f10">
      <TestCategory>
        <TestCategoryItem TestCategory="GetMissingDigits" />
      </TestCategory>
      <Execution id="3cb8ac91-37e6-4c6d-a147-fe39de80cf86" />
      <TestMethod codeBase="F:/учеба/ASP_EPAM/Day6.Workshop/EnumerableTest/bin/Debug/EnumerableTest.DLL" adapterTypeName="Microsoft.VisualStudio.TestTools.TestTypes.Unit.UnitTestAdapter, Microsoft.VisualStudio.QualityTools.Tips.UnitTest.Adapter, Version=10.0.0.0, Culture=neutral, PublicKeyToken=b03f5f7f11d50a3a" className="EnumerableTest.TaskTest, EnumerableTest, Version=0.0.0.0, Culture=neutral, PublicKeyToken=null" name="GetMissingDigits_Should_Return_Right_Results" />
    </UnitTest>
    <UnitTest name="GetMovingSumSequence_Should_Return_Moving_Sum_Items" storage="f:\учеба\asp_epam\day6.workshop\enumerabletest\bin\debug\enumerabletest.dll" id="4c6c3795-2b19-e043-e7e0-26eaee4ec22d">
      <TestCategory>
        <TestCategoryItem TestCategory="GetMovingSumSequence" />
      </TestCategory>
      <Execution id="18e549ab-820a-4bc2-b90f-2cd6e62ca55f" />
      <TestMethod codeBase="F:/учеба/ASP_EPAM/Day6.Workshop/EnumerableTest/bin/Debug/EnumerableTest.DLL" adapterTypeName="Microsoft.VisualStudio.TestTools.TestTypes.Unit.UnitTestAdapter, Microsoft.VisualStudio.QualityTools.Tips.UnitTest.Adapter, Version=10.0.0.0, Culture=neutral, PublicKeyToken=b03f5f7f11d50a3a" className="EnumerableTest.TaskTest, EnumerableTest, Version=0.0.0.0, Culture=neutral, PublicKeyToken=null" name="GetMovingSumSequence_Should_Return_Moving_Sum_Items" />
    </UnitTest>
    <UnitTest name="GetIEnumerableTypesNames_Should_Throw_ArgumentNullException_If_assembly_Is_Null" storage="f:\учеба\asp_epam\day6.workshop\enumerabletest\bin\debug\enumerabletest.dll" id="0771890c-c3d7-dcba-b29b-00cbdda92306">
      <TestCategory>
        <TestCategoryItem TestCategory="GetIEnumerableTypesNames" />
      </TestCategory>
      <Execution id="ce81366d-b17b-4a00-a9a8-e863fa0df9d2" />
      <TestMethod codeBase="F:/учеба/ASP_EPAM/Day6.Workshop/EnumerableTest/bin/Debug/EnumerableTest.DLL" adapterTypeName="Microsoft.VisualStudio.TestTools.TestTypes.Unit.UnitTestAdapter, Microsoft.VisualStudio.QualityTools.Tips.UnitTest.Adapter, Version=10.0.0.0, Culture=neutral, PublicKeyToken=b03f5f7f11d50a3a" className="EnumerableTest.TaskTest, EnumerableTest, Version=0.0.0.0, Culture=neutral, PublicKeyToken=null" name="GetIEnumerableTypesNames_Should_Throw_ArgumentNullException_If_assembly_Is_Null" />
    </UnitTest>
    <UnitTest name="GetStringsLength_Should_Return_Strings_Length" storage="f:\учеба\asp_epam\day6.workshop\enumerabletest\bin\debug\enumerabletest.dll" id="a33a0fd4-ff4b-0e60-b661-e1b89609621a">
      <TestCategory>
        <TestCategoryItem TestCategory="GetStringsLength" />
      </TestCategory>
      <Execution id="4f135f52-e31e-4559-856a-fdf305efd59a" />
      <TestMethod codeBase="F:/учеба/ASP_EPAM/Day6.Workshop/EnumerableTest/bin/Debug/EnumerableTest.DLL" adapterTypeName="Microsoft.VisualStudio.TestTools.TestTypes.Unit.UnitTestAdapter, Microsoft.VisualStudio.QualityTools.Tips.UnitTest.Adapter, Version=10.0.0.0, Culture=neutral, PublicKeyToken=b03f5f7f11d50a3a" className="EnumerableTest.TaskTest, EnumerableTest, Version=0.0.0.0, Culture=neutral, PublicKeyToken=null" name="GetStringsLength_Should_Return_Strings_Length" />
    </UnitTest>
    <UnitTest name="AreNumericListsEqual_Should_Return_Right_Results" storage="f:\учеба\asp_epam\day6.workshop\enumerabletest\bin\debug\enumerabletest.dll" id="d1002e82-3a94-1810-4291-c7e3a753bb07">
      <TestCategory>
        <TestCategoryItem TestCategory="AreNumericListsEqual" />
      </TestCategory>
      <Execution id="0df60f64-f7a5-4fe4-b36e-09a89cbda431" />
      <TestMethod codeBase="F:/учеба/ASP_EPAM/Day6.Workshop/EnumerableTest/bin/Debug/EnumerableTest.DLL" adapterTypeName="Microsoft.VisualStudio.TestTools.TestTypes.Unit.UnitTestAdapter, Microsoft.VisualStudio.QualityTools.Tips.UnitTest.Adapter, Version=10.0.0.0, Culture=neutral, PublicKeyToken=b03f5f7f11d50a3a" className="EnumerableTest.TaskTest, EnumerableTest, Version=0.0.0.0, Culture=neutral, PublicKeyToken=null" name="AreNumericListsEqual_Should_Return_Right_Results" />
    </UnitTest>
    <UnitTest name="GetEvenItems_Should_Return_EvenItems" storage="f:\учеба\asp_epam\day6.workshop\enumerabletest\bin\debug\enumerabletest.dll" id="e48b642c-09f4-0102-7220-3b8e7ff37c88">
      <TestCategory>
        <TestCategoryItem TestCategory="GetEvenItems" />
      </TestCategory>
      <Execution id="6b82cf23-b70b-40fe-89bc-aed94093d019" />
      <TestMethod codeBase="F:/учеба/ASP_EPAM/Day6.Workshop/EnumerableTest/bin/Debug/EnumerableTest.DLL" adapterTypeName="Microsoft.VisualStudio.TestTools.TestTypes.Unit.UnitTestAdapter, Microsoft.VisualStudio.QualityTools.Tips.UnitTest.Adapter, Version=10.0.0.0, Culture=neutral, PublicKeyToken=b03f5f7f11d50a3a" className="EnumerableTest.TaskTest, EnumerableTest, Version=0.0.0.0, Culture=neutral, PublicKeyToken=null" name="GetEvenItems_Should_Return_EvenItems" />
    </UnitTest>
    <UnitTest name="GetSumOfAllInts_Should_Return_Right_Results" storage="f:\учеба\asp_epam\day6.workshop\enumerabletest\bin\debug\enumerabletest.dll" id="bc926853-5e8d-4b91-f7a9-538af70e4dc9">
      <TestCategory>
        <TestCategoryItem TestCategory="GetSumOfAllInts" />
      </TestCategory>
      <Execution id="abac63b9-6b4b-4b1c-b712-1107bb65e49a" />
      <TestMethod codeBase="F:/учеба/ASP_EPAM/Day6.Workshop/EnumerableTest/bin/Debug/EnumerableTest.DLL" adapterTypeName="Microsoft.VisualStudio.TestTools.TestTypes.Unit.UnitTestAdapter, Microsoft.VisualStudio.QualityTools.Tips.UnitTest.Adapter, Version=10.0.0.0, Culture=neutral, PublicKeyToken=b03f5f7f11d50a3a" className="EnumerableTest.TaskTest, EnumerableTest, Version=0.0.0.0, Culture=neutral, PublicKeyToken=null" name="GetSumOfAllInts_Should_Return_Right_Results" />
    </UnitTest>
    <UnitTest name="GetEvenItems_Should_Return_Empty_If_Sequence_Length_Is_Less_Than_2" storage="f:\учеба\asp_epam\day6.workshop\enumerabletest\bin\debug\enumerabletest.dll" id="a44f1187-d82a-d56b-ebad-aa457d19da97">
      <TestCategory>
        <TestCategoryItem TestCategory="GetEvenItems" />
      </TestCategory>
      <Execution id="e03aa81b-a6ae-48ef-b862-4c69bf193998" />
      <TestMethod codeBase="F:/учеба/ASP_EPAM/Day6.Workshop/EnumerableTest/bin/Debug/EnumerableTest.DLL" adapterTypeName="Microsoft.VisualStudio.TestTools.TestTypes.Unit.UnitTestAdapter, Microsoft.VisualStudio.QualityTools.Tips.UnitTest.Adapter, Version=10.0.0.0, Culture=neutral, PublicKeyToken=b03f5f7f11d50a3a" className="EnumerableTest.TaskTest, EnumerableTest, Version=0.0.0.0, Culture=neutral, PublicKeyToken=null" name="GetEvenItems_Should_Return_Empty_If_Sequence_Length_Is_Less_Than_2" />
    </UnitTest>
    <UnitTest name="IsSequenceHasNulls_Should_Return_Right_Results" storage="f:\учеба\asp_epam\day6.workshop\enumerabletest\bin\debug\enumerabletest.dll" id="9d4bc957-b6ab-4cff-5705-277f192062d5">
      <TestCategory>
        <TestCategoryItem TestCategory="IsSequenceHasNulls" />
      </TestCategory>
      <Execution id="0c0ab696-b3f2-4c0f-b640-b9d0994d1793" />
      <TestMethod codeBase="F:/учеба/ASP_EPAM/Day6.Workshop/EnumerableTest/bin/Debug/EnumerableTest.DLL" adapterTypeName="Microsoft.VisualStudio.TestTools.TestTypes.Unit.UnitTestAdapter, Microsoft.VisualStudio.QualityTools.Tips.UnitTest.Adapter, Version=10.0.0.0, Culture=neutral, PublicKeyToken=b03f5f7f11d50a3a" className="EnumerableTest.TaskTest, EnumerableTest, Version=0.0.0.0, Culture=neutral, PublicKeyToken=null" name="IsSequenceHasNulls_Should_Return_Right_Results" />
    </UnitTest>
    <UnitTest name="SortStringsByLengthAndAlphabet_Should_Return_Right_Results" storage="f:\учеба\asp_epam\day6.workshop\enumerabletest\bin\debug\enumerabletest.dll" id="83e0f4f5-fabe-f6d3-a9f0-71b579a2d736">
      <TestCategory>
        <TestCategoryItem TestCategory="SortStringsByLengthAndAlphabet" />
      </TestCategory>
      <Execution id="01fb825f-48ad-4973-b725-b362416bc137" />
      <TestMethod codeBase="F:/учеба/ASP_EPAM/Day6.Workshop/EnumerableTest/bin/Debug/EnumerableTest.DLL" adapterTypeName="Microsoft.VisualStudio.TestTools.TestTypes.Unit.UnitTestAdapter, Microsoft.VisualStudio.QualityTools.Tips.UnitTest.Adapter, Version=10.0.0.0, Culture=neutral, PublicKeyToken=b03f5f7f11d50a3a" className="EnumerableTest.TaskTest, EnumerableTest, Version=0.0.0.0, Culture=neutral, PublicKeyToken=null" name="SortStringsByLengthAndAlphabet_Should_Return_Right_Results" />
    </UnitTest>
    <UnitTest name="PropagateItemsByPostionIndex_Should_Return_Right_Results" storage="f:\учеба\asp_epam\day6.workshop\enumerabletest\bin\debug\enumerabletest.dll" id="b2ed6984-7457-c58c-2e37-b04fc204b9b6">
      <TestCategory>
        <TestCategoryItem TestCategory="PropagateItemsByPostionIndex" />
      </TestCategory>
      <Execution id="bb37f6f4-ccae-4f4e-9459-febdb8246f85" />
      <TestMethod codeBase="F:/учеба/ASP_EPAM/Day6.Workshop/EnumerableTest/bin/Debug/EnumerableTest.DLL" adapterTypeName="Microsoft.VisualStudio.TestTools.TestTypes.Unit.UnitTestAdapter, Microsoft.VisualStudio.QualityTools.Tips.UnitTest.Adapter, Version=10.0.0.0, Culture=neutral, PublicKeyToken=b03f5f7f11d50a3a" className="EnumerableTest.TaskTest, EnumerableTest, Version=0.0.0.0, Culture=neutral, PublicKeyToken=null" name="PropagateItemsByPostionIndex_Should_Return_Right_Results" />
    </UnitTest>
    <UnitTest name="GetAllPairs_Should_Return_Right_Results" storage="f:\учеба\asp_epam\day6.workshop\enumerabletest\bin\debug\enumerabletest.dll" id="3a8fc5d7-2837-2826-9502-b64f8bc69515">
      <TestCategory>
        <TestCategoryItem TestCategory="GetAllPairs" />
      </TestCategory>
      <Execution id="561fb440-c804-405a-9875-d05056efba3e" />
      <TestMethod codeBase="F:/учеба/ASP_EPAM/Day6.Workshop/EnumerableTest/bin/Debug/EnumerableTest.DLL" adapterTypeName="Microsoft.VisualStudio.TestTools.TestTypes.Unit.UnitTestAdapter, Microsoft.VisualStudio.QualityTools.Tips.UnitTest.Adapter, Version=10.0.0.0, Culture=neutral, PublicKeyToken=b03f5f7f11d50a3a" className="EnumerableTest.TaskTest, EnumerableTest, Version=0.0.0.0, Culture=neutral, PublicKeyToken=null" name="GetAllPairs_Should_Return_Right_Results" />
    </UnitTest>
  </TestDefinitions>
  <TestLists>
    <TestList name="Отсутствующие в списке результаты" id="8c84fa94-04c1-424b-9868-57a2d4851a1d" />
    <TestList name="Все загруженные результаты" id="19431567-8539-422a-85d7-44ee4e166bda" />
  </TestLists>
  <TestEntries>
    <TestEntry testId="045fb746-ba3d-711e-94ba-3ded5d205be1" executionId="d6087218-e7f0-444f-9912-10b1f4c0c392" testListId="8c84fa94-04c1-424b-9868-57a2d4851a1d" />
    <TestEntry testId="068a35e1-babe-dd13-85ee-ce6cb79a6f86" executionId="d9ee88e3-d641-450e-b6aa-c042fdd6ce11" testListId="8c84fa94-04c1-424b-9868-57a2d4851a1d" />
    <TestEntry testId="0771890c-c3d7-dcba-b29b-00cbdda92306" executionId="ce81366d-b17b-4a00-a9a8-e863fa0df9d2" testListId="8c84fa94-04c1-424b-9868-57a2d4851a1d" />
    <TestEntry testId="11c1deb1-0eef-696f-1bf1-9ebc7303fa37" executionId="85f1b1b5-ae6c-43d6-8ce6-bbcc609d6ed3" testListId="8c84fa94-04c1-424b-9868-57a2d4851a1d" />
    <TestEntry testId="1a3ca12f-fd40-063e-1b5e-7b7cacc7a8f9" executionId="72f9678a-54ad-4091-bba9-d81b05be4fa8" testListId="8c84fa94-04c1-424b-9868-57a2d4851a1d" />
    <TestEntry testId="3a8fc5d7-2837-2826-9502-b64f8bc69515" executionId="561fb440-c804-405a-9875-d05056efba3e" testListId="8c84fa94-04c1-424b-9868-57a2d4851a1d" />
    <TestEntry testId="3c334d4c-8dc8-d688-719d-596a1c04a356" executionId="c5c757f5-9dd0-4e0e-bdbc-f02f7c67e70e" testListId="8c84fa94-04c1-424b-9868-57a2d4851a1d" />
    <TestEntry testId="3e3e5339-fc6a-81ab-04d0-eac57d498273" executionId="a5ef051b-37a4-4ff9-acd3-6fcfb98db029" testListId="8c84fa94-04c1-424b-9868-57a2d4851a1d" />
    <TestEntry testId="43c72a8d-c049-5b37-79ec-2fc27da8bc8d" executionId="a72b3fe4-4517-41af-b334-92cc8bcb1ba0" testListId="8c84fa94-04c1-424b-9868-57a2d4851a1d" />
    <TestEntry testId="490f9b19-ece3-4e52-4cc8-91678ac7e694" executionId="acd4a4b5-c821-41a9-998e-851108c0cb5e" testListId="8c84fa94-04c1-424b-9868-57a2d4851a1d" />
    <TestEntry testId="493d7ab6-74be-557c-936e-edf421905239" executionId="f9b9c4c8-8ba1-4bca-82ae-5a591ebc60d3" testListId="8c84fa94-04c1-424b-9868-57a2d4851a1d" />
    <TestEntry testId="4aa0c7c0-5ae9-c68b-8fc7-21a64305d247" executionId="4118686e-c0b9-4c1d-bd25-7e79c14239a2" testListId="8c84fa94-04c1-424b-9868-57a2d4851a1d" />
    <TestEntry testId="4c54e396-1ddd-c0e2-8cd1-002e6ee61220" executionId="1295a486-3b7c-4979-a82b-0a79c45d067c" testListId="8c84fa94-04c1-424b-9868-57a2d4851a1d" />
    <TestEntry testId="4c6c3795-2b19-e043-e7e0-26eaee4ec22d" executionId="18e549ab-820a-4bc2-b90f-2cd6e62ca55f" testListId="8c84fa94-04c1-424b-9868-57a2d4851a1d" />
    <TestEntry testId="4dae8c9f-c963-a4c7-f99c-6845e83c59e5" executionId="4b3576ce-9255-4a5a-9801-2b8910f86a6e" testListId="8c84fa94-04c1-424b-9868-57a2d4851a1d" />
    <TestEntry testId="4e4e92b1-cb43-4420-f1d2-e3e8be142f10" executionId="3cb8ac91-37e6-4c6d-a147-fe39de80cf86" testListId="8c84fa94-04c1-424b-9868-57a2d4851a1d" />
    <TestEntry testId="4e8e8de7-9b72-0cbc-9ab1-45b0e90ac2f5" executionId="bff02b18-e0ba-46d2-8990-2172f6b3b999" testListId="8c84fa94-04c1-424b-9868-57a2d4851a1d" />
    <TestEntry testId="54bfe939-eff8-e58f-ab02-133227efae85" executionId="679da5a3-1cb8-4d8b-a257-b729cb650ae9" testListId="8c84fa94-04c1-424b-9868-57a2d4851a1d" />
    <TestEntry testId="59cfd53f-f7e3-6314-32be-e4ed7905d52b" executionId="98a5c8fc-f255-4a2a-b8cc-28b579d5aa1c" testListId="8c84fa94-04c1-424b-9868-57a2d4851a1d" />
    <TestEntry testId="5b75b77b-328e-1e07-812e-ae5858f99375" executionId="75d3476d-f938-4f11-87b8-88a3c93a18e6" testListId="8c84fa94-04c1-424b-9868-57a2d4851a1d" />
    <TestEntry testId="608e8c24-666d-dcf7-c02c-68d28a471684" executionId="c92adba5-781e-4c39-9685-8b9d7ba68290" testListId="8c84fa94-04c1-424b-9868-57a2d4851a1d" />
    <TestEntry testId="6555c6f9-4be4-2bb5-f66b-17e0ac806335" executionId="d1a730b2-1b34-46c6-90b8-e9b8775ce63c" testListId="8c84fa94-04c1-424b-9868-57a2d4851a1d" />
    <TestEntry testId="7341c297-c057-8ebe-50ef-d6d392dc16f5" executionId="715ed8b8-40be-4466-a87a-bd624de18498" testListId="8c84fa94-04c1-424b-9868-57a2d4851a1d" />
    <TestEntry testId="7b6e24df-00d3-a95f-ea51-95c29ba34c7e" executionId="a1bf6bdd-5526-4f08-9d35-f7de7eee988a" testListId="8c84fa94-04c1-424b-9868-57a2d4851a1d" />
    <TestEntry testId="83e0f4f5-fabe-f6d3-a9f0-71b579a2d736" executionId="01fb825f-48ad-4973-b725-b362416bc137" testListId="8c84fa94-04c1-424b-9868-57a2d4851a1d" />
    <TestEntry testId="89ecf07f-9a5c-e329-78c4-b63b2fb8e2c9" executionId="e5501203-ecdf-4344-a14b-f4994bbec6f6" testListId="8c84fa94-04c1-424b-9868-57a2d4851a1d" />
    <TestEntry testId="9d4bc957-b6ab-4cff-5705-277f192062d5" executionId="0c0ab696-b3f2-4c0f-b640-b9d0994d1793" testListId="8c84fa94-04c1-424b-9868-57a2d4851a1d" />
    <TestEntry testId="a33a0fd4-ff4b-0e60-b661-e1b89609621a" executionId="4f135f52-e31e-4559-856a-fdf305efd59a" testListId="8c84fa94-04c1-424b-9868-57a2d4851a1d" />
    <TestEntry testId="a44f1187-d82a-d56b-ebad-aa457d19da97" executionId="e03aa81b-a6ae-48ef-b862-4c69bf193998" testListId="8c84fa94-04c1-424b-9868-57a2d4851a1d" />
    <TestEntry testId="b2ed6984-7457-c58c-2e37-b04fc204b9b6" executionId="bb37f6f4-ccae-4f4e-9459-febdb8246f85" testListId="8c84fa94-04c1-424b-9868-57a2d4851a1d" />
    <TestEntry testId="b49786a5-3674-e883-0aa2-b7b8dd7bac3c" executionId="4c2d4ba7-5f71-4442-8d7f-fd03d7ef6c16" testListId="8c84fa94-04c1-424b-9868-57a2d4851a1d" />
    <TestEntry testId="b71c9ec6-625b-4e8f-1ec8-f546c24b3cdd" executionId="f15fd274-4a2e-4caa-a6d6-64d405bbe448" testListId="8c84fa94-04c1-424b-9868-57a2d4851a1d" />
    <TestEntry testId="bc926853-5e8d-4b91-f7a9-538af70e4dc9" executionId="abac63b9-6b4b-4b1c-b712-1107bb65e49a" testListId="8c84fa94-04c1-424b-9868-57a2d4851a1d" />
    <TestEntry testId="c12e3770-66b3-84f2-92aa-d27c4eb76039" executionId="3e3792c0-3eb8-440a-8e35-2e12cdfbfecf" testListId="8c84fa94-04c1-424b-9868-57a2d4851a1d" />
    <TestEntry testId="c16c7d47-220f-99a7-bc0c-07aa9bd68b77" executionId="a978f224-fb51-476f-82ee-97e8f47f7515" testListId="8c84fa94-04c1-424b-9868-57a2d4851a1d" />
    <TestEntry testId="cfe08222-f6de-0def-88d5-c5148407d1d3" executionId="9d9704e2-2bee-4e81-8e87-c131bf515ad2" testListId="8c84fa94-04c1-424b-9868-57a2d4851a1d" />
    <TestEntry testId="d1002e82-3a94-1810-4291-c7e3a753bb07" executionId="0df60f64-f7a5-4fe4-b36e-09a89cbda431" testListId="8c84fa94-04c1-424b-9868-57a2d4851a1d" />
    <TestEntry testId="d46cfb58-bf8e-887e-ce38-565d152e39c9" executionId="3dcc1fa6-65bb-4572-baaa-20e625a153ab" testListId="8c84fa94-04c1-424b-9868-57a2d4851a1d" />
    <TestEntry testId="e24fc1e5-5dfe-c952-0f03-ee2451eb399e" executionId="f430dedd-821e-419b-a062-6d4607bbd0a4" testListId="8c84fa94-04c1-424b-9868-57a2d4851a1d" />
    <TestEntry testId="e48b642c-09f4-0102-7220-3b8e7ff37c88" executionId="6b82cf23-b70b-40fe-89bc-aed94093d019" testListId="8c84fa94-04c1-424b-9868-57a2d4851a1d" />
    <TestEntry testId="e649b2f4-e915-f12f-449b-cca2c13f2de3" executionId="8d40a63f-da02-4a1b-8f4b-3720990abb41" testListId="8c84fa94-04c1-424b-9868-57a2d4851a1d" />
  </TestEntries>
  <Results>
    <UnitTestResult executionId="d6087218-e7f0-444f-9912-10b1f4c0c392" testId="045fb746-ba3d-711e-94ba-3ded5d205be1" testName="GetCountOfStrings_Should_Return_Right_Result" computerName="VASELOK-ПК" duration="00:00:00.5170093" startTime="2012-04-04T20:23:20.7301816+03:00" endTime="2012-04-04T20:23:21.4652236+03:00" testType="13cdc9d9-ddb5-4fa4-a97d-d965ccfc6d4b" outcome="Passed" testListId="8c84fa94-04c1-424b-9868-57a2d4851a1d" relativeResultsDirectory="d6087218-e7f0-444f-9912-10b1f4c0c392">
    </UnitTestResult>
    <UnitTestResult executionId="d9ee88e3-d641-450e-b6aa-c042fdd6ce11" testId="068a35e1-babe-dd13-85ee-ce6cb79a6f86" testName="GetStringOfSequence_Should_Return_Right_Results" computerName="VASELOK-ПК" duration="00:00:00.0024840" startTime="2012-04-04T20:23:21.4672237+03:00" endTime="2012-04-04T20:23:21.4752242+03:00" testType="13cdc9d9-ddb5-4fa4-a97d-d965ccfc6d4b" outcome="Passed" testListId="8c84fa94-04c1-424b-9868-57a2d4851a1d" relativeResultsDirectory="d9ee88e3-d641-450e-b6aa-c042fdd6ce11">
    </UnitTestResult>
    <UnitTestResult executionId="ce81366d-b17b-4a00-a9a8-e863fa0df9d2" testId="0771890c-c3d7-dcba-b29b-00cbdda92306" testName="GetIEnumerableTypesNames_Should_Throw_ArgumentNullException_If_assembly_Is_Null" computerName="VASELOK-ПК" duration="00:00:00.0028569" startTime="2012-04-04T20:23:21.4782243+03:00" endTime="2012-04-04T20:23:21.4862248+03:00" testType="13cdc9d9-ddb5-4fa4-a97d-d965ccfc6d4b" outcome="Passed" testListId="8c84fa94-04c1-424b-9868-57a2d4851a1d" relativeResultsDirectory="ce81366d-b17b-4a00-a9a8-e863fa0df9d2">
    </UnitTestResult>
    <UnitTestResult executionId="85f1b1b5-ae6c-43d6-8ce6-bbcc609d6ed3" testId="11c1deb1-0eef-696f-1bf1-9ebc7303fa37" testName="GetPrefixItems_Should_Return_Empty_Sequence_If_No_Items_With_Required_Prefix" computerName="VASELOK-ПК" duration="00:00:00.0012426" startTime="2012-04-04T20:23:21.4872249+03:00" endTime="2012-04-04T20:23:21.4942253+03:00" testType="13cdc9d9-ddb5-4fa4-a97d-d965ccfc6d4b" outcome="Passed" testListId="8c84fa94-04c1-424b-9868-57a2d4851a1d" relativeResultsDirectory="85f1b1b5-ae6c-43d6-8ce6-bbcc609d6ed3">
    </UnitTestResult>
    <UnitTestResult executionId="72f9678a-54ad-4091-bba9-d81b05be4fa8" testId="1a3ca12f-fd40-063e-1b5e-7b7cacc7a8f9" testName="GetCountOfGreaterThen10_Should_Return_Right_Result" computerName="VASELOK-ПК" duration="00:00:00.0007560" startTime="2012-04-04T20:23:21.4972254+03:00" endTime="2012-04-04T20:23:21.5052259+03:00" testType="13cdc9d9-ddb5-4fa4-a97d-d965ccfc6d4b" outcome="Passed" testListId="8c84fa94-04c1-424b-9868-57a2d4851a1d" relativeResultsDirectory="72f9678a-54ad-4091-bba9-d81b05be4fa8">
    </UnitTestResult>
    <UnitTestResult executionId="561fb440-c804-405a-9875-d05056efba3e" testId="3a8fc5d7-2837-2826-9502-b64f8bc69515" testName="GetAllPairs_Should_Return_Right_Results" computerName="VASELOK-ПК" duration="00:00:00.0123366" startTime="2012-04-04T20:23:21.5082261+03:00" endTime="2012-04-04T20:23:21.5262271+03:00" testType="13cdc9d9-ddb5-4fa4-a97d-d965ccfc6d4b" outcome="Failed" testListId="8c84fa94-04c1-424b-9868-57a2d4851a1d" relativeResultsDirectory="561fb440-c804-405a-9875-d05056efba3e">
      <Output>
        <ErrorInfo>
          <Message>Метод проверки EnumerableTest.TaskTest.GetAllPairs_Should_Return_Right_Results выдал исключение: System.NotImplementedException: Метод или операция не реализована..</Message>
          <StackTrace>    в EnumerableTask.Task.GetAllPairs(IEnumerable`1 boys, IEnumerable`1 girls) в F:\учеба\ASP_EPAM\Day6.Workshop\Enumerable\Task.cs:строка 722
   в EnumerableTest.TaskTest.GetAllPairsTest(IEnumerable`1 boys, IEnumerable`1 girls, IEnumerable`1 expected, String assertMessage) в F:\учеба\ASP_EPAM\Day6.Workshop\EnumerableTest\TaskTest.cs:строка 1169
   в EnumerableTest.TaskTest.GetAllPairs_Should_Return_Right_Results() в F:\учеба\ASP_EPAM\Day6.Workshop\EnumerableTest\TaskTest.cs:строка 1176
</StackTrace>
        </ErrorInfo>
      </Output>
    </UnitTestResult>
    <UnitTestResult executionId="c5c757f5-9dd0-4e0e-bdbc-f02f7c67e70e" testId="3c334d4c-8dc8-d688-719d-596a1c04a356" testName="GetDigitCharsCount_Should_Throw_ArgumentException_If_data_Is_Null" computerName="VASELOK-ПК" duration="00:00:00.0008629" startTime="2012-04-04T20:23:21.5292273+03:00" endTime="2012-04-04T20:23:21.5352276+03:00" testType="13cdc9d9-ddb5-4fa4-a97d-d965ccfc6d4b" outcome="Passed" testListId="8c84fa94-04c1-424b-9868-57a2d4851a1d" relativeResultsDirectory="c5c757f5-9dd0-4e0e-bdbc-f02f7c67e70e">
    </UnitTestResult>
    <UnitTestResult executionId="a5ef051b-37a4-4ff9-acd3-6fcfb98db029" testId="3e3e5339-fc6a-81ab-04d0-eac57d498273" testName="GetFirstContainsFirst_Should_Return_Right_Result" computerName="VASELOK-ПК" duration="00:00:00.0024421" startTime="2012-04-04T20:23:21.5382278+03:00" endTime="2012-04-04T20:23:21.5462282+03:00" testType="13cdc9d9-ddb5-4fa4-a97d-d965ccfc6d4b" outcome="Failed" testListId="8c84fa94-04c1-424b-9868-57a2d4851a1d" relativeResultsDirectory="a5ef051b-37a4-4ff9-acd3-6fcfb98db029">
      <Output>
        <ErrorInfo>
          <Message>Метод проверки EnumerableTest.TaskTest.GetFirstContainsFirst_Should_Return_Right_Result выдал исключение: System.ArgumentNullException: Значение не может быть неопределенным.
Имя параметра: predicate.</Message>
          <StackTrace>    в System.Linq.Enumerable.FirstOrDefault[TSource](IEnumerable`1 source, Func`2 predicate)
   в EnumerableTask.Task.GetFirstContainsFirst(IEnumerable`1 data) в F:\учеба\ASP_EPAM\Day6.Workshop\Enumerable\Task.cs:строка 247
   в EnumerableTest.TaskTest.GetFirstContainsFirstTest(IEnumerable`1 data, String expected, String assertMessage) в F:\учеба\ASP_EPAM\Day6.Workshop\EnumerableTest\TaskTest.cs:строка 381
   в EnumerableTest.TaskTest.GetFirstContainsFirst_Should_Return_Right_Result() в F:\учеба\ASP_EPAM\Day6.Workshop\EnumerableTest\TaskTest.cs:строка 387
</StackTrace>
        </ErrorInfo>
      </Output>
    </UnitTestResult>
    <UnitTestResult executionId="a72b3fe4-4517-41af-b334-92cc8bcb1ba0" testId="43c72a8d-c049-5b37-79ec-2fc27da8bc8d" testName="GetSquareSequence_Should_Return_Square_Items" computerName="VASELOK-ПК" duration="00:00:00.0013277" startTime="2012-04-04T20:23:21.5512285+03:00" endTime="2012-04-04T20:23:21.5582289+03:00" testType="13cdc9d9-ddb5-4fa4-a97d-d965ccfc6d4b" outcome="Passed" testListId="8c84fa94-04c1-424b-9868-57a2d4851a1d" relativeResultsDirectory="a72b3fe4-4517-41af-b334-92cc8bcb1ba0">
    </UnitTestResult>
    <UnitTestResult executionId="acd4a4b5-c821-41a9-998e-851108c0cb5e" testId="490f9b19-ece3-4e52-4cc8-91678ac7e694" testName="GetAverageOfDoubleValues_Should_Return_Right_Results" computerName="VASELOK-ПК" duration="00:00:00.0018165" startTime="2012-04-04T20:23:21.5632292+03:00" endTime="2012-04-04T20:23:21.5692296+03:00" testType="13cdc9d9-ddb5-4fa4-a97d-d965ccfc6d4b" outcome="Failed" testListId="8c84fa94-04c1-424b-9868-57a2d4851a1d" relativeResultsDirectory="acd4a4b5-c821-41a9-998e-851108c0cb5e">
      <Output>
        <ErrorInfo>
          <Message>Метод проверки EnumerableTest.TaskTest.GetAverageOfDoubleValues_Should_Return_Right_Results выдал исключение: System.NotImplementedException: Метод или операция не реализована..</Message>
          <StackTrace>    в EnumerableTask.Task.GetAverageOfDoubleValues(IEnumerable`1 data) в F:\учеба\ASP_EPAM\Day6.Workshop\Enumerable\Task.cs:строка 741
   в EnumerableTest.TaskTest.GetAverageOfDoubleValuesTest(IEnumerable`1 data, Double expected, String assertMessage) в F:\учеба\ASP_EPAM\Day6.Workshop\EnumerableTest\TaskTest.cs:строка 1207
   в EnumerableTest.TaskTest.GetAverageOfDoubleValues_Should_Return_Right_Results() в F:\учеба\ASP_EPAM\Day6.Workshop\EnumerableTest\TaskTest.cs:строка 1214
</StackTrace>
        </ErrorInfo>
      </Output>
    </UnitTestResult>
    <UnitTestResult executionId="f9b9c4c8-8ba1-4bca-82ae-5a591ebc60d3" testId="493d7ab6-74be-557c-936e-edf421905239" testName="GetFirstNegativeSubsequence_Should_Return_Right_Results" computerName="VASELOK-ПК" duration="00:00:00.0017789" startTime="2012-04-04T20:23:21.5712297+03:00" endTime="2012-04-04T20:23:21.5782301+03:00" testType="13cdc9d9-ddb5-4fa4-a97d-d965ccfc6d4b" outcome="Passed" testListId="8c84fa94-04c1-424b-9868-57a2d4851a1d" relativeResultsDirectory="f9b9c4c8-8ba1-4bca-82ae-5a591ebc60d3">
    </UnitTestResult>
    <UnitTestResult executionId="4118686e-c0b9-4c1d-bd25-7e79c14239a2" testId="4aa0c7c0-5ae9-c68b-8fc7-21a64305d247" testName="CombineNumbersAndFruits_Should_Return_Right_Results" computerName="VASELOK-ПК" duration="00:00:00.0012845" startTime="2012-04-04T20:23:21.5802302+03:00" endTime="2012-04-04T20:23:21.5872306+03:00" testType="13cdc9d9-ddb5-4fa4-a97d-d965ccfc6d4b" outcome="Passed" testListId="8c84fa94-04c1-424b-9868-57a2d4851a1d" relativeResultsDirectory="4118686e-c0b9-4c1d-bd25-7e79c14239a2">
    </UnitTestResult>
    <UnitTestResult executionId="1295a486-3b7c-4979-a82b-0a79c45d067c" testId="4c54e396-1ddd-c0e2-8cd1-002e6ee61220" testName="Get3TopItems_Should_Return_Square_Items" computerName="VASELOK-ПК" duration="00:00:00.0007380" startTime="2012-04-04T20:23:21.5902308+03:00" endTime="2012-04-04T20:23:21.5952310+03:00" testType="13cdc9d9-ddb5-4fa4-a97d-d965ccfc6d4b" outcome="Passed" testListId="8c84fa94-04c1-424b-9868-57a2d4851a1d" relativeResultsDirectory="1295a486-3b7c-4979-a82b-0a79c45d067c">
    </UnitTestResult>
    <UnitTestResult executionId="18e549ab-820a-4bc2-b90f-2cd6e62ca55f" testId="4c6c3795-2b19-e043-e7e0-26eaee4ec22d" testName="GetMovingSumSequence_Should_Return_Moving_Sum_Items" computerName="VASELOK-ПК" duration="00:00:00.0011002" startTime="2012-04-04T20:23:21.5972312+03:00" endTime="2012-04-04T20:23:21.6032315+03:00" testType="13cdc9d9-ddb5-4fa4-a97d-d965ccfc6d4b" outcome="Passed" testListId="8c84fa94-04c1-424b-9868-57a2d4851a1d" relativeResultsDirectory="18e549ab-820a-4bc2-b90f-2cd6e62ca55f">
    </UnitTestResult>
    <UnitTestResult executionId="4b3576ce-9255-4a5a-9801-2b8910f86a6e" testId="4dae8c9f-c963-a4c7-f99c-6845e83c59e5" testName="GetUsedChars_Should_Return_List_of_Chars" computerName="VASELOK-ПК" duration="00:00:00.0025136" startTime="2012-04-04T20:23:21.6052316+03:00" endTime="2012-04-04T20:23:21.6132321+03:00" testType="13cdc9d9-ddb5-4fa4-a97d-d965ccfc6d4b" outcome="Passed" testListId="8c84fa94-04c1-424b-9868-57a2d4851a1d" relativeResultsDirectory="4b3576ce-9255-4a5a-9801-2b8910f86a6e">
    </UnitTestResult>
    <UnitTestResult executionId="3cb8ac91-37e6-4c6d-a147-fe39de80cf86" testId="4e4e92b1-cb43-4420-f1d2-e3e8be142f10" testName="GetMissingDigits_Should_Return_Right_Results" computerName="VASELOK-ПК" duration="00:00:00.0011896" startTime="2012-04-04T20:23:21.6152322+03:00" endTime="2012-04-04T20:23:21.6212325+03:00" testType="13cdc9d9-ddb5-4fa4-a97d-d965ccfc6d4b" outcome="Passed" testListId="8c84fa94-04c1-424b-9868-57a2d4851a1d" relativeResultsDirectory="3cb8ac91-37e6-4c6d-a147-fe39de80cf86">
    </UnitTestResult>
    <UnitTestResult executionId="bff02b18-e0ba-46d2-8990-2172f6b3b999" testId="4e8e8de7-9b72-0cbc-9ab1-45b0e90ac2f5" testName="GetSpecificEventEntriesCount_Should_Return_Right_Result" computerName="VASELOK-ПК" duration="00:00:00.0022343" startTime="2012-04-04T20:23:21.6232326+03:00" endTime="2012-04-04T20:23:21.6302330+03:00" testType="13cdc9d9-ddb5-4fa4-a97d-d965ccfc6d4b" outcome="Failed" testListId="8c84fa94-04c1-424b-9868-57a2d4851a1d" relativeResultsDirectory="bff02b18-e0ba-46d2-8990-2172f6b3b999">
      <Output>
        <ErrorInfo>
          <Message>Метод проверки EnumerableTest.TaskTest.GetSpecificEventEntriesCount_Should_Return_Right_Result выдал исключение: System.NotImplementedException: Метод или операция не реализована..</Message>
          <StackTrace>    в EnumerableTask.Task.GetSpecificEventEntriesCount(EventLogEntryType value) в F:\учеба\ASP_EPAM\Day6.Workshop\Enumerable\Task.cs:строка 353
   в EnumerableTest.TaskTest.GetSpecificEventEntriesCount_Should_Return_Right_Result() в F:\учеба\ASP_EPAM\Day6.Workshop\EnumerableTest\TaskTest.cs:строка 531
</StackTrace>
        </ErrorInfo>
      </Output>
    </UnitTestResult>
    <UnitTestResult executionId="679da5a3-1cb8-4d8b-a257-b729cb650ae9" testId="54bfe939-eff8-e58f-ab02-133227efae85" testName="GetIEnumerableTypesNames_Should_Return_Right_Results" computerName="VASELOK-ПК" duration="00:00:00.0020055" startTime="2012-04-04T20:23:21.6322332+03:00" endTime="2012-04-04T20:23:21.6392336+03:00" testType="13cdc9d9-ddb5-4fa4-a97d-d965ccfc6d4b" outcome="Failed" testListId="8c84fa94-04c1-424b-9868-57a2d4851a1d" relativeResultsDirectory="679da5a3-1cb8-4d8b-a257-b729cb650ae9">
      <Output>
        <ErrorInfo>
          <Message>Метод проверки EnumerableTest.TaskTest.GetIEnumerableTypesNames_Should_Return_Right_Results выдал исключение: System.NotImplementedException: Метод или операция не реализована..</Message>
          <StackTrace>    в EnumerableTask.Task.GetIEnumerableTypesNames(Assembly assembly) в F:\учеба\ASP_EPAM\Day6.Workshop\Enumerable\Task.cs:строка 378
   в EnumerableTest.TaskTest.GetIEnumerableTypesNamesTest(Assembly assembly, String[] expected, String assertMessage) в F:\учеба\ASP_EPAM\Day6.Workshop\EnumerableTest\TaskTest.cs:строка 576
   в EnumerableTest.TaskTest.GetIEnumerableTypesNames_Should_Return_Right_Results() в F:\учеба\ASP_EPAM\Day6.Workshop\EnumerableTest\TaskTest.cs:строка 583
</StackTrace>
        </ErrorInfo>
      </Output>
    </UnitTestResult>
    <UnitTestResult executionId="98a5c8fc-f255-4a2a-b8cc-28b579d5aa1c" testId="59cfd53f-f7e3-6314-32be-e4ed7905d52b" testName="GetQuarterSales_Should_Return_Right_Results" computerName="VASELOK-ПК" duration="00:00:00.0026611" startTime="2012-04-04T20:23:21.6412337+03:00" endTime="2012-04-04T20:23:21.6482341+03:00" testType="13cdc9d9-ddb5-4fa4-a97d-d965ccfc6d4b" outcome="Failed" testListId="8c84fa94-04c1-424b-9868-57a2d4851a1d" relativeResultsDirectory="98a5c8fc-f255-4a2a-b8cc-28b579d5aa1c">
      <Output>
        <ErrorInfo>
          <Message>Метод проверки EnumerableTest.TaskTest.GetQuarterSales_Should_Return_Right_Results выдал исключение: System.NotImplementedException: Метод или операция не реализована..</Message>
          <StackTrace>    в EnumerableTask.Task.GetQuarterSales(IEnumerable`1 sales) в F:\учеба\ASP_EPAM\Day6.Workshop\Enumerable\Task.cs:строка 397
   в EnumerableTest.TaskTest.GetQuarterSalesTest(IEnumerable`1 data, Int32[] expected, String assertMessage) в F:\учеба\ASP_EPAM\Day6.Workshop\EnumerableTest\TaskTest.cs:строка 606
   в EnumerableTest.TaskTest.GetQuarterSales_Should_Return_Right_Results() в F:\учеба\ASP_EPAM\Day6.Workshop\EnumerableTest\TaskTest.cs:строка 613
</StackTrace>
        </ErrorInfo>
      </Output>
    </UnitTestResult>
    <UnitTestResult executionId="75d3476d-f938-4f11-87b8-88a3c93a18e6" testId="5b75b77b-328e-1e07-812e-ae5858f99375" testName="GetPrefixItems_Should_Return_Items_Started_With_Required_Prefix" computerName="VASELOK-ПК" duration="00:00:00.0005379" startTime="2012-04-04T20:23:21.6502342+03:00" endTime="2012-04-04T20:23:21.6562345+03:00" testType="13cdc9d9-ddb5-4fa4-a97d-d965ccfc6d4b" outcome="Passed" testListId="8c84fa94-04c1-424b-9868-57a2d4851a1d" relativeResultsDirectory="75d3476d-f938-4f11-87b8-88a3c93a18e6">
    </UnitTestResult>
    <UnitTestResult executionId="c92adba5-781e-4c39-9685-8b9d7ba68290" testId="608e8c24-666d-dcf7-c02c-68d28a471684" testName="GetPrefixItems_Should_Raise_Exception_If_Prefix_Is_Null" computerName="VASELOK-ПК" duration="00:00:00.0006298" startTime="2012-04-04T20:23:21.6582346+03:00" endTime="2012-04-04T20:23:21.6632349+03:00" testType="13cdc9d9-ddb5-4fa4-a97d-d965ccfc6d4b" outcome="Passed" testListId="8c84fa94-04c1-424b-9868-57a2d4851a1d" relativeResultsDirectory="c92adba5-781e-4c39-9685-8b9d7ba68290">
    </UnitTestResult>
    <UnitTestResult executionId="d1a730b2-1b34-46c6-90b8-e9b8775ce63c" testId="6555c6f9-4be4-2bb5-f66b-17e0ac806335" testName="GetTotalStringsLength_Should_Return_Right_Results" computerName="VASELOK-ПК" duration="00:00:00.0007226" startTime="2012-04-04T20:23:21.6652350+03:00" endTime="2012-04-04T20:23:21.6702353+03:00" testType="13cdc9d9-ddb5-4fa4-a97d-d965ccfc6d4b" outcome="Passed" testListId="8c84fa94-04c1-424b-9868-57a2d4851a1d" relativeResultsDirectory="d1a730b2-1b34-46c6-90b8-e9b8775ce63c">
    </UnitTestResult>
    <UnitTestResult executionId="715ed8b8-40be-4466-a87a-bd624de18498" testId="7341c297-c057-8ebe-50ef-d6d392dc16f5" testName="IsAllStringsAreUppercase_Should_Return_Right_Results" computerName="VASELOK-ПК" duration="00:00:00.0007684" startTime="2012-04-04T20:23:21.6722354+03:00" endTime="2012-04-04T20:23:21.6772357+03:00" testType="13cdc9d9-ddb5-4fa4-a97d-d965ccfc6d4b" outcome="Passed" testListId="8c84fa94-04c1-424b-9868-57a2d4851a1d" relativeResultsDirectory="715ed8b8-40be-4466-a87a-bd624de18498">
    </UnitTestResult>
    <UnitTestResult executionId="a1bf6bdd-5526-4f08-9d35-f7de7eee988a" testId="7b6e24df-00d3-a95f-ea51-95c29ba34c7e" testName="GetCommonChars_Should_Return_Right_Results" computerName="VASELOK-ПК" duration="00:00:00.0012422" startTime="2012-04-04T20:23:21.6792358+03:00" endTime="2012-04-04T20:23:21.6852362+03:00" testType="13cdc9d9-ddb5-4fa4-a97d-d965ccfc6d4b" outcome="Passed" testListId="8c84fa94-04c1-424b-9868-57a2d4851a1d" relativeResultsDirectory="a1bf6bdd-5526-4f08-9d35-f7de7eee988a">
    </UnitTestResult>
    <UnitTestResult executionId="01fb825f-48ad-4973-b725-b362416bc137" testId="83e0f4f5-fabe-f6d3-a9f0-71b579a2d736" testName="SortStringsByLengthAndAlphabet_Should_Return_Right_Results" computerName="VASELOK-ПК" duration="00:00:00.0010878" startTime="2012-04-04T20:23:21.6862362+03:00" endTime="2012-04-04T20:23:21.6922366+03:00" testType="13cdc9d9-ddb5-4fa4-a97d-d965ccfc6d4b" outcome="Passed" testListId="8c84fa94-04c1-424b-9868-57a2d4851a1d" relativeResultsDirectory="01fb825f-48ad-4973-b725-b362416bc137">
    </UnitTestResult>
    <UnitTestResult executionId="e5501203-ecdf-4344-a14b-f4994bbec6f6" testId="89ecf07f-9a5c-e329-78c4-b63b2fb8e2c9" testName="GetUppercaseStrings_Should_Return_Uppercased_Strings" computerName="VASELOK-ПК" duration="00:00:00.0007513" startTime="2012-04-04T20:23:21.6932366+03:00" endTime="2012-04-04T20:23:21.6982369+03:00" testType="13cdc9d9-ddb5-4fa4-a97d-d965ccfc6d4b" outcome="Passed" testListId="8c84fa94-04c1-424b-9868-57a2d4851a1d" relativeResultsDirectory="e5501203-ecdf-4344-a14b-f4994bbec6f6">
    </UnitTestResult>
    <UnitTestResult executionId="0c0ab696-b3f2-4c0f-b640-b9d0994d1793" testId="9d4bc957-b6ab-4cff-5705-277f192062d5" testName="IsSequenceHasNulls_Should_Return_Right_Results" computerName="VASELOK-ПК" duration="00:00:00.0007359" startTime="2012-04-04T20:23:21.7002370+03:00" endTime="2012-04-04T20:23:21.7072374+03:00" testType="13cdc9d9-ddb5-4fa4-a97d-d965ccfc6d4b" outcome="Passed" testListId="8c84fa94-04c1-424b-9868-57a2d4851a1d" relativeResultsDirectory="0c0ab696-b3f2-4c0f-b640-b9d0994d1793">
    </UnitTestResult>
    <UnitTestResult executionId="4f135f52-e31e-4559-856a-fdf305efd59a" testId="a33a0fd4-ff4b-0e60-b661-e1b89609621a" testName="GetStringsLength_Should_Return_Strings_Length" computerName="VASELOK-ПК" duration="00:00:00.0007868" startTime="2012-04-04T20:23:21.7092376+03:00" endTime="2012-04-04T20:23:21.7152379+03:00" testType="13cdc9d9-ddb5-4fa4-a97d-d965ccfc6d4b" outcome="Passed" testListId="8c84fa94-04c1-424b-9868-57a2d4851a1d" relativeResultsDirectory="4f135f52-e31e-4559-856a-fdf305efd59a">
    </UnitTestResult>
    <UnitTestResult executionId="e03aa81b-a6ae-48ef-b862-4c69bf193998" testId="a44f1187-d82a-d56b-ebad-aa457d19da97" testName="GetEvenItems_Should_Return_Empty_If_Sequence_Length_Is_Less_Than_2" computerName="VASELOK-ПК" duration="00:00:00.0011669" startTime="2012-04-04T20:23:21.7172380+03:00" endTime="2012-04-04T20:23:21.7232384+03:00" testType="13cdc9d9-ddb5-4fa4-a97d-d965ccfc6d4b" outcome="Passed" testListId="8c84fa94-04c1-424b-9868-57a2d4851a1d" relativeResultsDirectory="e03aa81b-a6ae-48ef-b862-4c69bf193998">
    </UnitTestResult>
    <UnitTestResult executionId="bb37f6f4-ccae-4f4e-9459-febdb8246f85" testId="b2ed6984-7457-c58c-2e37-b04fc204b9b6" testName="PropagateItemsByPostionIndex_Should_Return_Right_Results" computerName="VASELOK-ПК" duration="00:00:00.0009822" startTime="2012-04-04T20:23:21.7252385+03:00" endTime="2012-04-04T20:23:21.7322389+03:00" testType="13cdc9d9-ddb5-4fa4-a97d-d965ccfc6d4b" outcome="Passed" testListId="8c84fa94-04c1-424b-9868-57a2d4851a1d" relativeResultsDirectory="bb37f6f4-ccae-4f4e-9459-febdb8246f85">
    </UnitTestResult>
    <UnitTestResult executionId="4c2d4ba7-5f71-4442-8d7f-fd03d7ef6c16" testId="b49786a5-3674-e883-0aa2-b7b8dd7bac3c" testName="GetDigitCharsCount_Should_Return_Number_Of_Digit_Chars" computerName="VASELOK-ПК" duration="00:00:00.0003232" startTime="2012-04-04T20:23:21.7332389+03:00" endTime="2012-04-04T20:23:21.7392393+03:00" testType="13cdc9d9-ddb5-4fa4-a97d-d965ccfc6d4b" outcome="Passed" testListId="8c84fa94-04c1-424b-9868-57a2d4851a1d" relativeResultsDirectory="4c2d4ba7-5f71-4442-8d7f-fd03d7ef6c16">
    </UnitTestResult>
    <UnitTestResult executionId="f15fd274-4a2e-4caa-a6d6-64d405bbe448" testId="b71c9ec6-625b-4e8f-1ec8-f546c24b3cdd" testName="GetNextVersionFromList_Should_Return_Right_Results" computerName="VASELOK-ПК" duration="00:00:00.0010053" startTime="2012-04-04T20:23:21.7412394+03:00" endTime="2012-04-04T20:23:21.7482398+03:00" testType="13cdc9d9-ddb5-4fa4-a97d-d965ccfc6d4b" outcome="Passed" testListId="8c84fa94-04c1-424b-9868-57a2d4851a1d" relativeResultsDirectory="f15fd274-4a2e-4caa-a6d6-64d405bbe448">
    </UnitTestResult>
    <UnitTestResult executionId="abac63b9-6b4b-4b1c-b712-1107bb65e49a" testId="bc926853-5e8d-4b91-f7a9-538af70e4dc9" testName="GetSumOfAllInts_Should_Return_Right_Results" computerName="VASELOK-ПК" duration="00:00:00.0008355" startTime="2012-04-04T20:23:21.7502399+03:00" endTime="2012-04-04T20:23:21.7562403+03:00" testType="13cdc9d9-ddb5-4fa4-a97d-d965ccfc6d4b" outcome="Passed" testListId="8c84fa94-04c1-424b-9868-57a2d4851a1d" relativeResultsDirectory="abac63b9-6b4b-4b1c-b712-1107bb65e49a">
    </UnitTestResult>
    <UnitTestResult executionId="3e3792c0-3eb8-440a-8e35-2e12cdfbfecf" testId="c12e3770-66b3-84f2-92aa-d27c4eb76039" testName="SortDigitNamesByNumericOrder_Should_Return_Right_Results" computerName="VASELOK-ПК" duration="00:00:00.0010613" startTime="2012-04-04T20:23:21.7582404+03:00" endTime="2012-04-04T20:23:21.7632407+03:00" testType="13cdc9d9-ddb5-4fa4-a97d-d965ccfc6d4b" outcome="Passed" testListId="8c84fa94-04c1-424b-9868-57a2d4851a1d" relativeResultsDirectory="3e3792c0-3eb8-440a-8e35-2e12cdfbfecf">
    </UnitTestResult>
    <UnitTestResult executionId="a978f224-fb51-476f-82ee-97e8f47f7515" testId="c16c7d47-220f-99a7-bc0c-07aa9bd68b77" testName="GetCountOfStringsWithMaxLenght_Should_Return_Right_Result" computerName="VASELOK-ПК" duration="00:00:00.0013307" startTime="2012-04-04T20:23:21.7652408+03:00" endTime="2012-04-04T20:23:21.7722412+03:00" testType="13cdc9d9-ddb5-4fa4-a97d-d965ccfc6d4b" outcome="Passed" testListId="8c84fa94-04c1-424b-9868-57a2d4851a1d" relativeResultsDirectory="a978f224-fb51-476f-82ee-97e8f47f7515">
    </UnitTestResult>
    <UnitTestResult executionId="9d9704e2-2bee-4e81-8e87-c131bf515ad2" testId="cfe08222-f6de-0def-88d5-c5148407d1d3" testName="GetSumOfVectors_Should_Return_Right_Results" computerName="VASELOK-ПК" duration="00:00:00.0025815" startTime="2012-04-04T20:23:21.7742413+03:00" endTime="2012-04-04T20:23:21.7822417+03:00" testType="13cdc9d9-ddb5-4fa4-a97d-d965ccfc6d4b" outcome="Failed" testListId="8c84fa94-04c1-424b-9868-57a2d4851a1d" relativeResultsDirectory="9d9704e2-2bee-4e81-8e87-c131bf515ad2">
      <Output>
        <ErrorInfo>
          <Message>Метод проверки EnumerableTest.TaskTest.GetSumOfVectors_Should_Return_Right_Results выдал исключение: System.NotImplementedException: Метод или операция не реализована..</Message>
          <StackTrace>    в EnumerableTask.Task.GetSumOfVectors(IEnumerable`1 vector1, IEnumerable`1 vector2) в F:\учеба\ASP_EPAM\Day6.Workshop\Enumerable\Task.cs:строка 683
   в EnumerableTest.TaskTest.GetSumOfVectorsTest(IEnumerable`1 v1, IEnumerable`1 v2, IEnumerable`1 expected, String assertMessage) в F:\учеба\ASP_EPAM\Day6.Workshop\EnumerableTest\TaskTest.cs:строка 1106
   в EnumerableTest.TaskTest.GetSumOfVectors_Should_Return_Right_Results() в F:\учеба\ASP_EPAM\Day6.Workshop\EnumerableTest\TaskTest.cs:строка 1113
</StackTrace>
        </ErrorInfo>
      </Output>
    </UnitTestResult>
    <UnitTestResult executionId="0df60f64-f7a5-4fe4-b36e-09a89cbda431" testId="d1002e82-3a94-1810-4291-c7e3a753bb07" testName="AreNumericListsEqual_Should_Return_Right_Results" computerName="VASELOK-ПК" duration="00:00:00.0013320" startTime="2012-04-04T20:23:21.7842419+03:00" endTime="2012-04-04T20:23:21.7902422+03:00" testType="13cdc9d9-ddb5-4fa4-a97d-d965ccfc6d4b" outcome="Passed" testListId="8c84fa94-04c1-424b-9868-57a2d4851a1d" relativeResultsDirectory="0df60f64-f7a5-4fe4-b36e-09a89cbda431">
    </UnitTestResult>
    <UnitTestResult executionId="3dcc1fa6-65bb-4572-baaa-20e625a153ab" testId="d46cfb58-bf8e-887e-ce38-565d152e39c9" testName="GetCountOfStringsWithLengthEqualsTo3_Should_Return_Right_Result" computerName="VASELOK-ПК" duration="00:00:00.0007590" startTime="2012-04-04T20:23:21.7922423+03:00" endTime="2012-04-04T20:23:21.7982427+03:00" testType="13cdc9d9-ddb5-4fa4-a97d-d965ccfc6d4b" outcome="Passed" testListId="8c84fa94-04c1-424b-9868-57a2d4851a1d" relativeResultsDirectory="3dcc1fa6-65bb-4572-baaa-20e625a153ab">
    </UnitTestResult>
    <UnitTestResult executionId="f430dedd-821e-419b-a062-6d4607bbd0a4" testId="e24fc1e5-5dfe-c952-0f03-ee2451eb399e" testName="GetProductOfVectors_Should_Return_Right_Results" computerName="VASELOK-ПК" duration="00:00:00.0021526" startTime="2012-04-04T20:23:21.8002428+03:00" endTime="2012-04-04T20:23:21.8062431+03:00" testType="13cdc9d9-ddb5-4fa4-a97d-d965ccfc6d4b" outcome="Failed" testListId="8c84fa94-04c1-424b-9868-57a2d4851a1d" relativeResultsDirectory="f430dedd-821e-419b-a062-6d4607bbd0a4">
      <Output>
        <ErrorInfo>
          <Message>Метод проверки EnumerableTest.TaskTest.GetProductOfVectors_Should_Return_Right_Results выдал исключение: System.NotImplementedException: Метод или операция не реализована..</Message>
          <StackTrace>    в EnumerableTask.Task.GetProductOfVectors(IEnumerable`1 vector1, IEnumerable`1 vector2) в F:\учеба\ASP_EPAM\Day6.Workshop\Enumerable\Task.cs:строка 702
   в EnumerableTest.TaskTest.GetProductOfVectorsTest(IEnumerable`1 v1, IEnumerable`1 v2, Int32 expected, String assertMessage) в F:\учеба\ASP_EPAM\Day6.Workshop\EnumerableTest\TaskTest.cs:строка 1138
   в EnumerableTest.TaskTest.GetProductOfVectors_Should_Return_Right_Results() в F:\учеба\ASP_EPAM\Day6.Workshop\EnumerableTest\TaskTest.cs:строка 1145
</StackTrace>
        </ErrorInfo>
      </Output>
    </UnitTestResult>
    <UnitTestResult executionId="6b82cf23-b70b-40fe-89bc-aed94093d019" testId="e48b642c-09f4-0102-7220-3b8e7ff37c88" testName="GetEvenItems_Should_Return_EvenItems" computerName="VASELOK-ПК" duration="00:00:00.0003061" startTime="2012-04-04T20:23:21.8082432+03:00" endTime="2012-04-04T20:23:21.8142436+03:00" testType="13cdc9d9-ddb5-4fa4-a97d-d965ccfc6d4b" outcome="Passed" testListId="8c84fa94-04c1-424b-9868-57a2d4851a1d" relativeResultsDirectory="6b82cf23-b70b-40fe-89bc-aed94093d019">
    </UnitTestResult>
    <UnitTestResult executionId="8d40a63f-da02-4a1b-8f4b-3720990abb41" testId="e649b2f4-e915-f12f-449b-cca2c13f2de3" testName="GetStringsOnly_Should_Return_Right_Results" computerName="VASELOK-ПК" duration="00:00:00.0011067" startTime="2012-04-04T20:23:21.8152436+03:00" endTime="2012-04-04T20:23:21.8222440+03:00" testType="13cdc9d9-ddb5-4fa4-a97d-d965ccfc6d4b" outcome="Passed" testListId="8c84fa94-04c1-424b-9868-57a2d4851a1d" relativeResultsDirectory="8d40a63f-da02-4a1b-8f4b-3720990abb41">
    </UnitTestResult>
  </Results>
</TestRun>