<?xml version="1.0" encoding="UTF-8"?>
<TestRun id="8fcdc495-7f69-401f-8084-4461ab2ecc64" name="vaselOK@VASELOK-ПК 2012-04-04 20:24:46" runUser="vaselOK-ПК\vaselOK" xmlns="http://microsoft.com/schemas/VisualStudio/TeamTest/2010">
  <TestSettings name="Параметры тестирования по умолчанию" id="f61c6cef-6c01-4310-a114-7c374282540a">
    <Deployment runDeploymentRoot="vaselOK_VASELOK-ПК 2012-04-04 20_24_46">
      <DeploymentItem filename="F:\учеба\ASP_EPAM\Day6.Workshop\Enumerable\bin\Debug\Enumerable.dll" />
    </Deployment>
    <Execution>
      <TestTypeSpecific />
      <AgentRule name="Execution Agents">
      </AgentRule>
    </Execution>
  </TestSettings>
  <Times creation="2012-04-04T20:24:46.0710628+03:00" queuing="2012-04-04T20:24:46.1670683+03:00" start="2012-04-04T20:24:46.1850693+03:00" finish="2012-04-04T20:24:47.2771318+03:00" />
  <ResultSummary outcome="Failed">
    <Counters total="41" executed="41" passed="32" error="0" failed="9" timeout="0" aborted="0" inconclusive="0" passedButRunAborted="0" notRunnable="0" notExecuted="0" disconnected="0" warning="0" completed="0" inProgress="0" pending="0" />
  </ResultSummary>
  <TestDefinitions>
    <UnitTest name="GetCountOfStrings_Should_Return_Right_Result" storage="f:\учеба\asp_epam\day6.workshop\enumerabletest\bin\debug\enumerabletest.dll" id="045fb746-ba3d-711e-94ba-3ded5d205be1">
      <TestCategory>
        <TestCategoryItem TestCategory="GetCountOfStrings" />
      </TestCategory>
      <Execution id="33ad1b2d-a772-4c4f-9f29-b11f1c500642" />
      <TestMethod codeBase="F:/учеба/ASP_EPAM/Day6.Workshop/EnumerableTest/bin/Debug/EnumerableTest.DLL" adapterTypeName="Microsoft.VisualStudio.TestTools.TestTypes.Unit.UnitTestAdapter, Microsoft.VisualStudio.QualityTools.Tips.UnitTest.Adapter, Version=10.0.0.0, Culture=neutral, PublicKeyToken=b03f5f7f11d50a3a" className="EnumerableTest.TaskTest, EnumerableTest, Version=0.0.0.0, Culture=neutral, PublicKeyToken=null" name="GetCountOfStrings_Should_Return_Right_Result" />
    </UnitTest>
    <UnitTest name="GetNextVersionFromList_Should_Return_Right_Results" storage="f:\учеба\asp_epam\day6.workshop\enumerabletest\bin\debug\enumerabletest.dll" id="b71c9ec6-625b-4e8f-1ec8-f546c24b3cdd">
      <TestCategory>
        <TestCategoryItem TestCategory="GetNextVersionFromList" />
      </TestCategory>
      <Execution id="778bd9da-5a35-4246-b305-241365247c48" />
      <TestMethod codeBase="F:/учеба/ASP_EPAM/Day6.Workshop/EnumerableTest/bin/Debug/EnumerableTest.DLL" adapterTypeName="Microsoft.VisualStudio.TestTools.TestTypes.Unit.UnitTestAdapter, Microsoft.VisualStudio.QualityTools.Tips.UnitTest.Adapter, Version=10.0.0.0, Culture=neutral, PublicKeyToken=b03f5f7f11d50a3a" className="EnumerableTest.TaskTest, EnumerableTest, Version=0.0.0.0, Culture=neutral, PublicKeyToken=null" name="GetNextVersionFromList_Should_Return_Right_Results" />
    </UnitTest>
    <UnitTest name="GetSumOfVectors_Should_Return_Right_Results" storage="f:\учеба\asp_epam\day6.workshop\enumerabletest\bin\debug\enumerabletest.dll" id="cfe08222-f6de-0def-88d5-c5148407d1d3">
      <TestCategory>
        <TestCategoryItem TestCategory="GetSumOfVectors" />
      </TestCategory>
      <Execution id="bfc8498d-84a8-4c3d-b876-c3f5f2ebdcbd" />
      <TestMethod codeBase="F:/учеба/ASP_EPAM/Day6.Workshop/EnumerableTest/bin/Debug/EnumerableTest.DLL" adapterTypeName="Microsoft.VisualStudio.TestTools.TestTypes.Unit.UnitTestAdapter, Microsoft.VisualStudio.QualityTools.Tips.UnitTest.Adapter, Version=10.0.0.0, Culture=neutral, PublicKeyToken=b03f5f7f11d50a3a" className="EnumerableTest.TaskTest, EnumerableTest, Version=0.0.0.0, Culture=neutral, PublicKeyToken=null" name="GetSumOfVectors_Should_Return_Right_Results" />
    </UnitTest>
    <UnitTest name="GetPrefixItems_Should_Raise_Exception_If_Prefix_Is_Null" storage="f:\учеба\asp_epam\day6.workshop\enumerabletest\bin\debug\enumerabletest.dll" id="608e8c24-666d-dcf7-c02c-68d28a471684">
      <TestCategory>
        <TestCategoryItem TestCategory="GetPrefixItems" />
      </TestCategory>
      <Execution id="47fa0f13-4e7e-475a-b615-18b54bfe0d4a" />
      <TestMethod codeBase="F:/учеба/ASP_EPAM/Day6.Workshop/EnumerableTest/bin/Debug/EnumerableTest.DLL" adapterTypeName="Microsoft.VisualStudio.TestTools.TestTypes.Unit.UnitTestAdapter, Microsoft.VisualStudio.QualityTools.Tips.UnitTest.Adapter, Version=10.0.0.0, Culture=neutral, PublicKeyToken=b03f5f7f11d50a3a" className="EnumerableTest.TaskTest, EnumerableTest, Version=0.0.0.0, Culture=neutral, PublicKeyToken=null" name="GetPrefixItems_Should_Raise_Exception_If_Prefix_Is_Null" />
    </UnitTest>
    <UnitTest name="GetCountOfGreaterThen10_Should_Return_Right_Result" storage="f:\учеба\asp_epam\day6.workshop\enumerabletest\bin\debug\enumerabletest.dll" id="1a3ca12f-fd40-063e-1b5e-7b7cacc7a8f9">
      <TestCategory>
        <TestCategoryItem TestCategory="GetCountOfGreaterThen10" />
      </TestCategory>
      <Execution id="e81dfab1-7768-4aff-93b3-f6c89eb018c1" />
      <TestMethod codeBase="F:/учеба/ASP_EPAM/Day6.Workshop/EnumerableTest/bin/Debug/EnumerableTest.DLL" adapterTypeName="Microsoft.VisualStudio.TestTools.TestTypes.Unit.UnitTestAdapter, Microsoft.VisualStudio.QualityTools.Tips.UnitTest.Adapter, Version=10.0.0.0, Culture=neutral, PublicKeyToken=b03f5f7f11d50a3a" className="EnumerableTest.TaskTest, EnumerableTest, Version=0.0.0.0, Culture=neutral, PublicKeyToken=null" name="GetCountOfGreaterThen10_Should_Return_Right_Result" />
    </UnitTest>
    <UnitTest name="GetQuarterSales_Should_Return_Right_Results" storage="f:\учеба\asp_epam\day6.workshop\enumerabletest\bin\debug\enumerabletest.dll" id="59cfd53f-f7e3-6314-32be-e4ed7905d52b">
      <TestCategory>
        <TestCategoryItem TestCategory="GetQuarterSales" />
      </TestCategory>
      <Execution id="e7f7b5c8-fc70-4b92-99a7-633e775fb22c" />
      <TestMethod codeBase="F:/учеба/ASP_EPAM/Day6.Workshop/EnumerableTest/bin/Debug/EnumerableTest.DLL" adapterTypeName="Microsoft.VisualStudio.TestTools.TestTypes.Unit.UnitTestAdapter, Microsoft.VisualStudio.QualityTools.Tips.UnitTest.Adapter, Version=10.0.0.0, Culture=neutral, PublicKeyToken=b03f5f7f11d50a3a" className="EnumerableTest.TaskTest, EnumerableTest, Version=0.0.0.0, Culture=neutral, PublicKeyToken=null" name="GetQuarterSales_Should_Return_Right_Results" />
    </UnitTest>
    <UnitTest name="GetProductOfVectors_Should_Return_Right_Results" storage="f:\учеба\asp_epam\day6.workshop\enumerabletest\bin\debug\enumerabletest.dll" id="e24fc1e5-5dfe-c952-0f03-ee2451eb399e">
      <TestCategory>
        <TestCategoryItem TestCategory="GetProductOfVectors" />
      </TestCategory>
      <Execution id="dd26ccde-0017-460e-9940-537dc07a6cdf" />
      <TestMethod codeBase="F:/учеба/ASP_EPAM/Day6.Workshop/EnumerableTest/bin/Debug/EnumerableTest.DLL" adapterTypeName="Microsoft.VisualStudio.TestTools.TestTypes.Unit.UnitTestAdapter, Microsoft.VisualStudio.QualityTools.Tips.UnitTest.Adapter, Version=10.0.0.0, Culture=neutral, PublicKeyToken=b03f5f7f11d50a3a" className="EnumerableTest.TaskTest, EnumerableTest, Version=0.0.0.0, Culture=neutral, PublicKeyToken=null" name="GetProductOfVectors_Should_Return_Right_Results" />
    </UnitTest>
    <UnitTest name="GetUsedChars_Should_Return_List_of_Chars" storage="f:\учеба\asp_epam\day6.workshop\enumerabletest\bin\debug\enumerabletest.dll" id="4dae8c9f-c963-a4c7-f99c-6845e83c59e5">
      <TestCategory>
        <TestCategoryItem TestCategory="GetUsedChars" />
      </TestCategory>
      <Execution id="234753a5-dab1-483f-ba45-5c047eba7fac" />
      <TestMethod codeBase="F:/учеба/ASP_EPAM/Day6.Workshop/EnumerableTest/bin/Debug/EnumerableTest.DLL" adapterTypeName="Microsoft.VisualStudio.TestTools.TestTypes.Unit.UnitTestAdapter, Microsoft.VisualStudio.QualityTools.Tips.UnitTest.Adapter, Version=10.0.0.0, Culture=neutral, PublicKeyToken=b03f5f7f11d50a3a" className="EnumerableTest.TaskTest, EnumerableTest, Version=0.0.0.0, Culture=neutral, PublicKeyToken=null" name="GetUsedChars_Should_Return_List_of_Chars" />
    </UnitTest>
    <UnitTest name="GetDigitCharsCount_Should_Return_Number_Of_Digit_Chars" storage="f:\учеба\asp_epam\day6.workshop\enumerabletest\bin\debug\enumerabletest.dll" id="b49786a5-3674-e883-0aa2-b7b8dd7bac3c">
      <TestCategory>
        <TestCategoryItem TestCategory="GetDigitCharsCount" />
      </TestCategory>
      <Execution id="b9439964-0f9c-421f-b249-494ec56fdb27" />
      <TestMethod codeBase="F:/учеба/ASP_EPAM/Day6.Workshop/EnumerableTest/bin/Debug/EnumerableTest.DLL" adapterTypeName="Microsoft.VisualStudio.TestTools.TestTypes.Unit.UnitTestAdapter, Microsoft.VisualStudio.QualityTools.Tips.UnitTest.Adapter, Version=10.0.0.0, Culture=neutral, PublicKeyToken=b03f5f7f11d50a3a" className="EnumerableTest.TaskTest, EnumerableTest, Version=0.0.0.0, Culture=neutral, PublicKeyToken=null" name="GetDigitCharsCount_Should_Return_Number_Of_Digit_Chars" />
    </UnitTest>
    <UnitTest name="GetSquareSequence_Should_Return_Square_Items" storage="f:\учеба\asp_epam\day6.workshop\enumerabletest\bin\debug\enumerabletest.dll" id="43c72a8d-c049-5b37-79ec-2fc27da8bc8d">
      <TestCategory>
        <TestCategoryItem TestCategory="GetSquareSequence" />
      </TestCategory>
      <Execution id="172fbd6a-565b-47af-93c4-d199ced51d5c" />
      <TestMethod codeBase="F:/учеба/ASP_EPAM/Day6.Workshop/EnumerableTest/bin/Debug/EnumerableTest.DLL" adapterTypeName="Microsoft.VisualStudio.TestTools.TestTypes.Unit.UnitTestAdapter, Microsoft.VisualStudio.QualityTools.Tips.UnitTest.Adapter, Version=10.0.0.0, Culture=neutral, PublicKeyToken=b03f5f7f11d50a3a" className="EnumerableTest.TaskTest, EnumerableTest, Version=0.0.0.0, Culture=neutral, PublicKeyToken=null" name="GetSquareSequence_Should_Return_Square_Items" />
    </UnitTest>
    <UnitTest name="GetPrefixItems_Should_Return_Items_Started_With_Required_Prefix" storage="f:\учеба\asp_epam\day6.workshop\enumerabletest\bin\debug\enumerabletest.dll" id="5b75b77b-328e-1e07-812e-ae5858f99375">
      <TestCategory>
        <TestCategoryItem TestCategory="GetPrefixItems" />
      </TestCategory>
      <Execution id="2a003786-59b3-4025-a2a3-d7807b6018b5" />
      <TestMethod codeBase="F:/учеба/ASP_EPAM/Day6.Workshop/EnumerableTest/bin/Debug/EnumerableTest.DLL" adapterTypeName="Microsoft.VisualStudio.TestTools.TestTypes.Unit.UnitTestAdapter, Microsoft.VisualStudio.QualityTools.Tips.UnitTest.Adapter, Version=10.0.0.0, Culture=neutral, PublicKeyToken=b03f5f7f11d50a3a" className="EnumerableTest.TaskTest, EnumerableTest, Version=0.0.0.0, Culture=neutral, PublicKeyToken=null" name="GetPrefixItems_Should_Return_Items_Started_With_Required_Prefix" />
    </UnitTest>
    <UnitTest name="GetFirstNegativeSubsequence_Should_Return_Right_Results" storage="f:\учеба\asp_epam\day6.workshop\enumerabletest\bin\debug\enumerabletest.dll" id="493d7ab6-74be-557c-936e-edf421905239">
      <TestCategory>
        <TestCategoryItem TestCategory="GetFirstNegativeSubsequence" />
      </TestCategory>
      <Execution id="506d6aa7-97ea-4a55-9202-f90a3ca148a9" />
      <TestMethod codeBase="F:/учеба/ASP_EPAM/Day6.Workshop/EnumerableTest/bin/Debug/EnumerableTest.DLL" adapterTypeName="Microsoft.VisualStudio.TestTools.TestTypes.Unit.UnitTestAdapter, Microsoft.VisualStudio.QualityTools.Tips.UnitTest.Adapter, Version=10.0.0.0, Culture=neutral, PublicKeyToken=b03f5f7f11d50a3a" className="EnumerableTest.TaskTest, EnumerableTest, Version=0.0.0.0, Culture=neutral, PublicKeyToken=null" name="GetFirstNegativeSubsequence_Should_Return_Right_Results" />
    </UnitTest>
    <UnitTest name="GetCountOfStringsWithMaxLenght_Should_Return_Right_Result" storage="f:\учеба\asp_epam\day6.workshop\enumerabletest\bin\debug\enumerabletest.dll" id="c16c7d47-220f-99a7-bc0c-07aa9bd68b77">
      <TestCategory>
        <TestCategoryItem TestCategory="GetCountOfStringsWithMaxLenght" />
      </TestCategory>
      <Execution id="4ab676d1-5cd5-46e6-a439-cfcc48e047e5" />
      <TestMethod codeBase="F:/учеба/ASP_EPAM/Day6.Workshop/EnumerableTest/bin/Debug/EnumerableTest.DLL" adapterTypeName="Microsoft.VisualStudio.TestTools.TestTypes.Unit.UnitTestAdapter, Microsoft.VisualStudio.QualityTools.Tips.UnitTest.Adapter, Version=10.0.0.0, Culture=neutral, PublicKeyToken=b03f5f7f11d50a3a" className="EnumerableTest.TaskTest, EnumerableTest, Version=0.0.0.0, Culture=neutral, PublicKeyToken=null" name="GetCountOfStringsWithMaxLenght_Should_Return_Right_Result" />
    </UnitTest>
    <UnitTest name="GetPrefixItems_Should_Return_Empty_Sequence_If_No_Items_With_Required_Prefix" storage="f:\учеба\asp_epam\day6.workshop\enumerabletest\bin\debug\enumerabletest.dll" id="11c1deb1-0eef-696f-1bf1-9ebc7303fa37">
      <TestCategory>
        <TestCategoryItem TestCategory="GetPrefixItems" />
      </TestCategory>
      <Execution id="8597ae51-7347-41d2-ab5c-6651bb86f103" />
      <TestMethod codeBase="F:/учеба/ASP_EPAM/Day6.Workshop/EnumerableTest/bin/Debug/EnumerableTest.DLL" adapterTypeName="Microsoft.VisualStudio.TestTools.TestTypes.Unit.UnitTestAdapter, Microsoft.VisualStudio.QualityTools.Tips.UnitTest.Adapter, Version=10.0.0.0, Culture=neutral, PublicKeyToken=b03f5f7f11d50a3a" className="EnumerableTest.TaskTest, EnumerableTest, Version=0.0.0.0, Culture=neutral, PublicKeyToken=null" name="GetPrefixItems_Should_Return_Empty_Sequence_If_No_Items_With_Required_Prefix" />
    </UnitTest>
    <UnitTest name="GetFirstContainsFirst_Should_Return_Right_Result" storage="f:\учеба\asp_epam\day6.workshop\enumerabletest\bin\debug\enumerabletest.dll" id="3e3e5339-fc6a-81ab-04d0-eac57d498273">
      <TestCategory>
        <TestCategoryItem TestCategory="GetFirstContainsFirst" />
      </TestCategory>
      <Execution id="b647925b-f8c8-43c1-a0c1-7f243dfe1710" />
      <TestMethod codeBase="F:/учеба/ASP_EPAM/Day6.Workshop/EnumerableTest/bin/Debug/EnumerableTest.DLL" adapterTypeName="Microsoft.VisualStudio.TestTools.TestTypes.Unit.UnitTestAdapter, Microsoft.VisualStudio.QualityTools.Tips.UnitTest.Adapter, Version=10.0.0.0, Culture=neutral, PublicKeyToken=b03f5f7f11d50a3a" className="EnumerableTest.TaskTest, EnumerableTest, Version=0.0.0.0, Culture=neutral, PublicKeyToken=null" name="GetFirstContainsFirst_Should_Return_Right_Result" />
    </UnitTest>
    <UnitTest name="IsAllStringsAreUppercase_Should_Return_Right_Results" storage="f:\учеба\asp_epam\day6.workshop\enumerabletest\bin\debug\enumerabletest.dll" id="7341c297-c057-8ebe-50ef-d6d392dc16f5">
      <TestCategory>
        <TestCategoryItem TestCategory="IsAllStringsAreUppercase" />
      </TestCategory>
      <Execution id="763dd13c-ba75-4250-bcef-f1575a953902" />
      <TestMethod codeBase="F:/учеба/ASP_EPAM/Day6.Workshop/EnumerableTest/bin/Debug/EnumerableTest.DLL" adapterTypeName="Microsoft.VisualStudio.TestTools.TestTypes.Unit.UnitTestAdapter, Microsoft.VisualStudio.QualityTools.Tips.UnitTest.Adapter, Version=10.0.0.0, Culture=neutral, PublicKeyToken=b03f5f7f11d50a3a" className="EnumerableTest.TaskTest, EnumerableTest, Version=0.0.0.0, Culture=neutral, PublicKeyToken=null" name="IsAllStringsAreUppercase_Should_Return_Right_Results" />
    </UnitTest>
    <UnitTest name="Get3TopItems_Should_Return_Square_Items" storage="f:\учеба\asp_epam\day6.workshop\enumerabletest\bin\debug\enumerabletest.dll" id="4c54e396-1ddd-c0e2-8cd1-002e6ee61220">
      <TestCategory>
        <TestCategoryItem TestCategory="Get3TopItems" />
      </TestCategory>
      <Execution id="bfc2ba92-b3b7-4ca3-93d1-a6a8b9ac088d" />
      <TestMethod codeBase="F:/учеба/ASP_EPAM/Day6.Workshop/EnumerableTest/bin/Debug/EnumerableTest.DLL" adapterTypeName="Microsoft.VisualStudio.TestTools.TestTypes.Unit.UnitTestAdapter, Microsoft.VisualStudio.QualityTools.Tips.UnitTest.Adapter, Version=10.0.0.0, Culture=neutral, PublicKeyToken=b03f5f7f11d50a3a" className="EnumerableTest.TaskTest, EnumerableTest, Version=0.0.0.0, Culture=neutral, PublicKeyToken=null" name="Get3TopItems_Should_Return_Square_Items" />
    </UnitTest>
    <UnitTest name="GetCountOfStringsWithLengthEqualsTo3_Should_Return_Right_Result" storage="f:\учеба\asp_epam\day6.workshop\enumerabletest\bin\debug\enumerabletest.dll" id="d46cfb58-bf8e-887e-ce38-565d152e39c9">
      <TestCategory>
        <TestCategoryItem TestCategory="GetCountOfStringsWithLengthEqualsTo3" />
      </TestCategory>
      <Execution id="5814a259-1ef4-4f46-a015-4cf334d925b9" />
      <TestMethod codeBase="F:/учеба/ASP_EPAM/Day6.Workshop/EnumerableTest/bin/Debug/EnumerableTest.DLL" adapterTypeName="Microsoft.VisualStudio.TestTools.TestTypes.Unit.UnitTestAdapter, Microsoft.VisualStudio.QualityTools.Tips.UnitTest.Adapter, Version=10.0.0.0, Culture=neutral, PublicKeyToken=b03f5f7f11d50a3a" className="EnumerableTest.TaskTest, EnumerableTest, Version=0.0.0.0, Culture=neutral, PublicKeyToken=null" name="GetCountOfStringsWithLengthEqualsTo3_Should_Return_Right_Result" />
    </UnitTest>
    <UnitTest name="CombineNumbersAndFruits_Should_Return_Right_Results" storage="f:\учеба\asp_epam\day6.workshop\enumerabletest\bin\debug\enumerabletest.dll" id="4aa0c7c0-5ae9-c68b-8fc7-21a64305d247">
      <TestCategory>
        <TestCategoryItem TestCategory="CombineNumbersAndFruits" />
      </TestCategory>
      <Execution id="92fddf56-27ce-466a-8d0c-98770e05683f" />
      <TestMethod codeBase="F:/учеба/ASP_EPAM/Day6.Workshop/EnumerableTest/bin/Debug/EnumerableTest.DLL" adapterTypeName="Microsoft.VisualStudio.TestTools.TestTypes.Unit.UnitTestAdapter, Microsoft.VisualStudio.QualityTools.Tips.UnitTest.Adapter, Version=10.0.0.0, Culture=neutral, PublicKeyToken=b03f5f7f11d50a3a" className="EnumerableTest.TaskTest, EnumerableTest, Version=0.0.0.0, Culture=neutral, PublicKeyToken=null" name="CombineNumbersAndFruits_Should_Return_Right_Results" />
    </UnitTest>
    <UnitTest name="GetStringOfSequence_Should_Return_Right_Results" storage="f:\учеба\asp_epam\day6.workshop\enumerabletest\bin\debug\enumerabletest.dll" id="068a35e1-babe-dd13-85ee-ce6cb79a6f86">
      <TestCategory>
        <TestCategoryItem TestCategory="GetStringOfSequence" />
      </TestCategory>
      <Execution id="c51b2426-4db9-4b76-8448-78106db1e0b5" />
      <TestMethod codeBase="F:/учеба/ASP_EPAM/Day6.Workshop/EnumerableTest/bin/Debug/EnumerableTest.DLL" adapterTypeName="Microsoft.VisualStudio.TestTools.TestTypes.Unit.UnitTestAdapter, Microsoft.VisualStudio.QualityTools.Tips.UnitTest.Adapter, Version=10.0.0.0, Culture=neutral, PublicKeyToken=b03f5f7f11d50a3a" className="EnumerableTest.TaskTest, EnumerableTest, Version=0.0.0.0, Culture=neutral, PublicKeyToken=null" name="GetStringOfSequence_Should_Return_Right_Results" />
    </UnitTest>
    <UnitTest name="GetStringsOnly_Should_Return_Right_Results" storage="f:\учеба\asp_epam\day6.workshop\enumerabletest\bin\debug\enumerabletest.dll" id="e649b2f4-e915-f12f-449b-cca2c13f2de3">
      <TestCategory>
        <TestCategoryItem TestCategory="GetStringsOnly" />
      </TestCategory>
      <Execution id="79987057-56b6-40ca-ad0e-12667ab73f8f" />
      <TestMethod codeBase="F:/учеба/ASP_EPAM/Day6.Workshop/EnumerableTest/bin/Debug/EnumerableTest.DLL" adapterTypeName="Microsoft.VisualStudio.TestTools.TestTypes.Unit.UnitTestAdapter, Microsoft.VisualStudio.QualityTools.Tips.UnitTest.Adapter, Version=10.0.0.0, Culture=neutral, PublicKeyToken=b03f5f7f11d50a3a" className="EnumerableTest.TaskTest, EnumerableTest, Version=0.0.0.0, Culture=neutral, PublicKeyToken=null" name="GetStringsOnly_Should_Return_Right_Results" />
    </UnitTest>
    <UnitTest name="GetIEnumerableTypesNames_Should_Return_Right_Results" storage="f:\учеба\asp_epam\day6.workshop\enumerabletest\bin\debug\enumerabletest.dll" id="54bfe939-eff8-e58f-ab02-133227efae85">
      <TestCategory>
        <TestCategoryItem TestCategory="GetIEnumerableTypesNames" />
      </TestCategory>
      <Execution id="759da2b4-feb1-457a-9eb8-99dd31062e6d" />
      <TestMethod codeBase="F:/учеба/ASP_EPAM/Day6.Workshop/EnumerableTest/bin/Debug/EnumerableTest.DLL" adapterTypeName="Microsoft.VisualStudio.TestTools.TestTypes.Unit.UnitTestAdapter, Microsoft.VisualStudio.QualityTools.Tips.UnitTest.Adapter, Version=10.0.0.0, Culture=neutral, PublicKeyToken=b03f5f7f11d50a3a" className="EnumerableTest.TaskTest, EnumerableTest, Version=0.0.0.0, Culture=neutral, PublicKeyToken=null" name="GetIEnumerableTypesNames_Should_Return_Right_Results" />
    </UnitTest>
    <UnitTest name="GetDigitCharsCount_Should_Throw_ArgumentException_If_data_Is_Null" storage="f:\учеба\asp_epam\day6.workshop\enumerabletest\bin\debug\enumerabletest.dll" id="3c334d4c-8dc8-d688-719d-596a1c04a356">
      <TestCategory>
        <TestCategoryItem TestCategory="GetDigitCharsCount" />
      </TestCategory>
      <Execution id="03b2321c-982f-4697-9416-46da712ca7c9" />
      <TestMethod codeBase="F:/учеба/ASP_EPAM/Day6.Workshop/EnumerableTest/bin/Debug/EnumerableTest.DLL" adapterTypeName="Microsoft.VisualStudio.TestTools.TestTypes.Unit.UnitTestAdapter, Microsoft.VisualStudio.QualityTools.Tips.UnitTest.Adapter, Version=10.0.0.0, Culture=neutral, PublicKeyToken=b03f5f7f11d50a3a" className="EnumerableTest.TaskTest, EnumerableTest, Version=0.0.0.0, Culture=neutral, PublicKeyToken=null" name="GetDigitCharsCount_Should_Throw_ArgumentException_If_data_Is_Null" />
    </UnitTest>
    <UnitTest name="GetUppercaseStrings_Should_Return_Uppercased_Strings" storage="f:\учеба\asp_epam\day6.workshop\enumerabletest\bin\debug\enumerabletest.dll" id="89ecf07f-9a5c-e329-78c4-b63b2fb8e2c9">
      <TestCategory>
        <TestCategoryItem TestCategory="GetUppercaseStrings" />
      </TestCategory>
      <Execution id="f0931453-4aac-40f0-ad75-3a0502ccf9d8" />
      <TestMethod codeBase="F:/учеба/ASP_EPAM/Day6.Workshop/EnumerableTest/bin/Debug/EnumerableTest.DLL" adapterTypeName="Microsoft.VisualStudio.TestTools.TestTypes.Unit.UnitTestAdapter, Microsoft.VisualStudio.QualityTools.Tips.UnitTest.Adapter, Version=10.0.0.0, Culture=neutral, PublicKeyToken=b03f5f7f11d50a3a" className="EnumerableTest.TaskTest, EnumerableTest, Version=0.0.0.0, Culture=neutral, PublicKeyToken=null" name="GetUppercaseStrings_Should_Return_Uppercased_Strings" />
    </UnitTest>
    <UnitTest name="GetAverageOfDoubleValues_Should_Return_Right_Results" storage="f:\учеба\asp_epam\day6.workshop\enumerabletest\bin\debug\enumerabletest.dll" id="490f9b19-ece3-4e52-4cc8-91678ac7e694">
      <TestCategory>
        <TestCategoryItem TestCategory="GetAverageOfDoubleValues" />
      </TestCategory>
      <Execution id="ab7e7b8a-8395-4969-a747-5a93cdb370a7" />
      <TestMethod codeBase="F:/учеба/ASP_EPAM/Day6.Workshop/EnumerableTest/bin/Debug/EnumerableTest.DLL" adapterTypeName="Microsoft.VisualStudio.TestTools.TestTypes.Unit.UnitTestAdapter, Microsoft.VisualStudio.QualityTools.Tips.UnitTest.Adapter, Version=10.0.0.0, Culture=neutral, PublicKeyToken=b03f5f7f11d50a3a" className="EnumerableTest.TaskTest, EnumerableTest, Version=0.0.0.0, Culture=neutral, PublicKeyToken=null" name="GetAverageOfDoubleValues_Should_Return_Right_Results" />
    </UnitTest>
    <UnitTest name="SortDigitNamesByNumericOrder_Should_Return_Right_Results" storage="f:\учеба\asp_epam\day6.workshop\enumerabletest\bin\debug\enumerabletest.dll" id="c12e3770-66b3-84f2-92aa-d27c4eb76039">
      <TestCategory>
        <TestCategoryItem TestCategory="SortDigitNamesByNumericOrder" />
      </TestCategory>
      <Execution id="43ca6f53-6803-4e81-9727-de8ab3df9459" />
      <TestMethod codeBase="F:/учеба/ASP_EPAM/Day6.Workshop/EnumerableTest/bin/Debug/EnumerableTest.DLL" adapterTypeName="Microsoft.VisualStudio.TestTools.TestTypes.Unit.UnitTestAdapter, Microsoft.VisualStudio.QualityTools.Tips.UnitTest.Adapter, Version=10.0.0.0, Culture=neutral, PublicKeyToken=b03f5f7f11d50a3a" className="EnumerableTest.TaskTest, EnumerableTest, Version=0.0.0.0, Culture=neutral, PublicKeyToken=null" name="SortDigitNamesByNumericOrder_Should_Return_Right_Results" />
    </UnitTest>
    <UnitTest name="GetSpecificEventEntriesCount_Should_Return_Right_Result" storage="f:\учеба\asp_epam\day6.workshop\enumerabletest\bin\debug\enumerabletest.dll" id="4e8e8de7-9b72-0cbc-9ab1-45b0e90ac2f5">
      <TestCategory>
        <TestCategoryItem TestCategory="GetSpecificEventEntriesCount" />
      </TestCategory>
      <Execution id="78c34925-145a-4fac-acaf-a09f05c47781" />
      <TestMethod codeBase="F:/учеба/ASP_EPAM/Day6.Workshop/EnumerableTest/bin/Debug/EnumerableTest.DLL" adapterTypeName="Microsoft.VisualStudio.TestTools.TestTypes.Unit.UnitTestAdapter, Microsoft.VisualStudio.QualityTools.Tips.UnitTest.Adapter, Version=10.0.0.0, Culture=neutral, PublicKeyToken=b03f5f7f11d50a3a" className="EnumerableTest.TaskTest, EnumerableTest, Version=0.0.0.0, Culture=neutral, PublicKeyToken=null" name="GetSpecificEventEntriesCount_Should_Return_Right_Result" />
    </UnitTest>
    <UnitTest name="GetCommonChars_Should_Return_Right_Results" storage="f:\учеба\asp_epam\day6.workshop\enumerabletest\bin\debug\enumerabletest.dll" id="7b6e24df-00d3-a95f-ea51-95c29ba34c7e">
      <TestCategory>
        <TestCategoryItem TestCategory="GetCommonChars" />
      </TestCategory>
      <Execution id="2ad3fa33-c31e-4200-bcf5-29cd7d14172d" />
      <TestMethod codeBase="F:/учеба/ASP_EPAM/Day6.Workshop/EnumerableTest/bin/Debug/EnumerableTest.DLL" adapterTypeName="Microsoft.VisualStudio.TestTools.TestTypes.Unit.UnitTestAdapter, Microsoft.VisualStudio.QualityTools.Tips.UnitTest.Adapter, Version=10.0.0.0, Culture=neutral, PublicKeyToken=b03f5f7f11d50a3a" className="EnumerableTest.TaskTest, EnumerableTest, Version=0.0.0.0, Culture=neutral, PublicKeyToken=null" name="GetCommonChars_Should_Return_Right_Results" />
    </UnitTest>
    <UnitTest name="GetTotalStringsLength_Should_Return_Right_Results" storage="f:\учеба\asp_epam\day6.workshop\enumerabletest\bin\debug\enumerabletest.dll" id="6555c6f9-4be4-2bb5-f66b-17e0ac806335">
      <TestCategory>
        <TestCategoryItem TestCategory="GetTotalStringsLength" />
      </TestCategory>
      <Execution id="fc67a367-bfe4-419b-8997-cdffafa5bed0" />
      <TestMethod codeBase="F:/учеба/ASP_EPAM/Day6.Workshop/EnumerableTest/bin/Debug/EnumerableTest.DLL" adapterTypeName="Microsoft.VisualStudio.TestTools.TestTypes.Unit.UnitTestAdapter, Microsoft.VisualStudio.QualityTools.Tips.UnitTest.Adapter, Version=10.0.0.0, Culture=neutral, PublicKeyToken=b03f5f7f11d50a3a" className="EnumerableTest.TaskTest, EnumerableTest, Version=0.0.0.0, Culture=neutral, PublicKeyToken=null" name="GetTotalStringsLength_Should_Return_Right_Results" />
    </UnitTest>
    <UnitTest name="GetMissingDigits_Should_Return_Right_Results" storage="f:\учеба\asp_epam\day6.workshop\enumerabletest\bin\debug\enumerabletest.dll" id="4e4e92b1-cb43-4420-f1d2-e3e8be142f10">
      <TestCategory>
        <TestCategoryItem TestCategory="GetMissingDigits" />
      </TestCategory>
      <Execution id="ba8d4d18-b444-466c-83b9-c5446990bc2a" />
      <TestMethod codeBase="F:/учеба/ASP_EPAM/Day6.Workshop/EnumerableTest/bin/Debug/EnumerableTest.DLL" adapterTypeName="Microsoft.VisualStudio.TestTools.TestTypes.Unit.UnitTestAdapter, Microsoft.VisualStudio.QualityTools.Tips.UnitTest.Adapter, Version=10.0.0.0, Culture=neutral, PublicKeyToken=b03f5f7f11d50a3a" className="EnumerableTest.TaskTest, EnumerableTest, Version=0.0.0.0, Culture=neutral, PublicKeyToken=null" name="GetMissingDigits_Should_Return_Right_Results" />
    </UnitTest>
    <UnitTest name="GetMovingSumSequence_Should_Return_Moving_Sum_Items" storage="f:\учеба\asp_epam\day6.workshop\enumerabletest\bin\debug\enumerabletest.dll" id="4c6c3795-2b19-e043-e7e0-26eaee4ec22d">
      <TestCategory>
        <TestCategoryItem TestCategory="GetMovingSumSequence" />
      </TestCategory>
      <Execution id="f3722907-b105-41b9-96e0-c326e4f54357" />
      <TestMethod codeBase="F:/учеба/ASP_EPAM/Day6.Workshop/EnumerableTest/bin/Debug/EnumerableTest.DLL" adapterTypeName="Microsoft.VisualStudio.TestTools.TestTypes.Unit.UnitTestAdapter, Microsoft.VisualStudio.QualityTools.Tips.UnitTest.Adapter, Version=10.0.0.0, Culture=neutral, PublicKeyToken=b03f5f7f11d50a3a" className="EnumerableTest.TaskTest, EnumerableTest, Version=0.0.0.0, Culture=neutral, PublicKeyToken=null" name="GetMovingSumSequence_Should_Return_Moving_Sum_Items" />
    </UnitTest>
    <UnitTest name="GetIEnumerableTypesNames_Should_Throw_ArgumentNullException_If_assembly_Is_Null" storage="f:\учеба\asp_epam\day6.workshop\enumerabletest\bin\debug\enumerabletest.dll" id="0771890c-c3d7-dcba-b29b-00cbdda92306">
      <TestCategory>
        <TestCategoryItem TestCategory="GetIEnumerableTypesNames" />
      </TestCategory>
      <Execution id="e867f0f6-4941-47be-85a0-8e0ef1c085ce" />
      <TestMethod codeBase="F:/учеба/ASP_EPAM/Day6.Workshop/EnumerableTest/bin/Debug/EnumerableTest.DLL" adapterTypeName="Microsoft.VisualStudio.TestTools.TestTypes.Unit.UnitTestAdapter, Microsoft.VisualStudio.QualityTools.Tips.UnitTest.Adapter, Version=10.0.0.0, Culture=neutral, PublicKeyToken=b03f5f7f11d50a3a" className="EnumerableTest.TaskTest, EnumerableTest, Version=0.0.0.0, Culture=neutral, PublicKeyToken=null" name="GetIEnumerableTypesNames_Should_Throw_ArgumentNullException_If_assembly_Is_Null" />
    </UnitTest>
    <UnitTest name="GetStringsLength_Should_Return_Strings_Length" storage="f:\учеба\asp_epam\day6.workshop\enumerabletest\bin\debug\enumerabletest.dll" id="a33a0fd4-ff4b-0e60-b661-e1b89609621a">
      <TestCategory>
        <TestCategoryItem TestCategory="GetStringsLength" />
      </TestCategory>
      <Execution id="ac9d143b-9a37-4b57-94f9-8e020ea8dc71" />
      <TestMethod codeBase="F:/учеба/ASP_EPAM/Day6.Workshop/EnumerableTest/bin/Debug/EnumerableTest.DLL" adapterTypeName="Microsoft.VisualStudio.TestTools.TestTypes.Unit.UnitTestAdapter, Microsoft.VisualStudio.QualityTools.Tips.UnitTest.Adapter, Version=10.0.0.0, Culture=neutral, PublicKeyToken=b03f5f7f11d50a3a" className="EnumerableTest.TaskTest, EnumerableTest, Version=0.0.0.0, Culture=neutral, PublicKeyToken=null" name="GetStringsLength_Should_Return_Strings_Length" />
    </UnitTest>
    <UnitTest name="AreNumericListsEqual_Should_Return_Right_Results" storage="f:\учеба\asp_epam\day6.workshop\enumerabletest\bin\debug\enumerabletest.dll" id="d1002e82-3a94-1810-4291-c7e3a753bb07">
      <TestCategory>
        <TestCategoryItem TestCategory="AreNumericListsEqual" />
      </TestCategory>
      <Execution id="95902779-dae6-4d31-a141-b7af0c8e9324" />
      <TestMethod codeBase="F:/учеба/ASP_EPAM/Day6.Workshop/EnumerableTest/bin/Debug/EnumerableTest.DLL" adapterTypeName="Microsoft.VisualStudio.TestTools.TestTypes.Unit.UnitTestAdapter, Microsoft.VisualStudio.QualityTools.Tips.UnitTest.Adapter, Version=10.0.0.0, Culture=neutral, PublicKeyToken=b03f5f7f11d50a3a" className="EnumerableTest.TaskTest, EnumerableTest, Version=0.0.0.0, Culture=neutral, PublicKeyToken=null" name="AreNumericListsEqual_Should_Return_Right_Results" />
    </UnitTest>
    <UnitTest name="GetEvenItems_Should_Return_EvenItems" storage="f:\учеба\asp_epam\day6.workshop\enumerabletest\bin\debug\enumerabletest.dll" id="e48b642c-09f4-0102-7220-3b8e7ff37c88">
      <TestCategory>
        <TestCategoryItem TestCategory="GetEvenItems" />
      </TestCategory>
      <Execution id="0995c9f0-e52e-4d89-9a96-e35cc4ebe1c5" />
      <TestMethod codeBase="F:/учеба/ASP_EPAM/Day6.Workshop/EnumerableTest/bin/Debug/EnumerableTest.DLL" adapterTypeName="Microsoft.VisualStudio.TestTools.TestTypes.Unit.UnitTestAdapter, Microsoft.VisualStudio.QualityTools.Tips.UnitTest.Adapter, Version=10.0.0.0, Culture=neutral, PublicKeyToken=b03f5f7f11d50a3a" className="EnumerableTest.TaskTest, EnumerableTest, Version=0.0.0.0, Culture=neutral, PublicKeyToken=null" name="GetEvenItems_Should_Return_EvenItems" />
    </UnitTest>
    <UnitTest name="GetSumOfAllInts_Should_Return_Right_Results" storage="f:\учеба\asp_epam\day6.workshop\enumerabletest\bin\debug\enumerabletest.dll" id="bc926853-5e8d-4b91-f7a9-538af70e4dc9">
      <TestCategory>
        <TestCategoryItem TestCategory="GetSumOfAllInts" />
      </TestCategory>
      <Execution id="d3bc8de5-d5c2-45d2-8d6a-8674a36951ff" />
      <TestMethod codeBase="F:/учеба/ASP_EPAM/Day6.Workshop/EnumerableTest/bin/Debug/EnumerableTest.DLL" adapterTypeName="Microsoft.VisualStudio.TestTools.TestTypes.Unit.UnitTestAdapter, Microsoft.VisualStudio.QualityTools.Tips.UnitTest.Adapter, Version=10.0.0.0, Culture=neutral, PublicKeyToken=b03f5f7f11d50a3a" className="EnumerableTest.TaskTest, EnumerableTest, Version=0.0.0.0, Culture=neutral, PublicKeyToken=null" name="GetSumOfAllInts_Should_Return_Right_Results" />
    </UnitTest>
    <UnitTest name="GetEvenItems_Should_Return_Empty_If_Sequence_Length_Is_Less_Than_2" storage="f:\учеба\asp_epam\day6.workshop\enumerabletest\bin\debug\enumerabletest.dll" id="a44f1187-d82a-d56b-ebad-aa457d19da97">
      <TestCategory>
        <TestCategoryItem TestCategory="GetEvenItems" />
      </TestCategory>
      <Execution id="7c40ec60-5f84-4b21-a849-9cf5173e1df2" />
      <TestMethod codeBase="F:/учеба/ASP_EPAM/Day6.Workshop/EnumerableTest/bin/Debug/EnumerableTest.DLL" adapterTypeName="Microsoft.VisualStudio.TestTools.TestTypes.Unit.UnitTestAdapter, Microsoft.VisualStudio.QualityTools.Tips.UnitTest.Adapter, Version=10.0.0.0, Culture=neutral, PublicKeyToken=b03f5f7f11d50a3a" className="EnumerableTest.TaskTest, EnumerableTest, Version=0.0.0.0, Culture=neutral, PublicKeyToken=null" name="GetEvenItems_Should_Return_Empty_If_Sequence_Length_Is_Less_Than_2" />
    </UnitTest>
    <UnitTest name="IsSequenceHasNulls_Should_Return_Right_Results" storage="f:\учеба\asp_epam\day6.workshop\enumerabletest\bin\debug\enumerabletest.dll" id="9d4bc957-b6ab-4cff-5705-277f192062d5">
      <TestCategory>
        <TestCategoryItem TestCategory="IsSequenceHasNulls" />
      </TestCategory>
      <Execution id="04fbec53-04f7-460f-b6fe-6e4d671d6ef2" />
      <TestMethod codeBase="F:/учеба/ASP_EPAM/Day6.Workshop/EnumerableTest/bin/Debug/EnumerableTest.DLL" adapterTypeName="Microsoft.VisualStudio.TestTools.TestTypes.Unit.UnitTestAdapter, Microsoft.VisualStudio.QualityTools.Tips.UnitTest.Adapter, Version=10.0.0.0, Culture=neutral, PublicKeyToken=b03f5f7f11d50a3a" className="EnumerableTest.TaskTest, EnumerableTest, Version=0.0.0.0, Culture=neutral, PublicKeyToken=null" name="IsSequenceHasNulls_Should_Return_Right_Results" />
    </UnitTest>
    <UnitTest name="SortStringsByLengthAndAlphabet_Should_Return_Right_Results" storage="f:\учеба\asp_epam\day6.workshop\enumerabletest\bin\debug\enumerabletest.dll" id="83e0f4f5-fabe-f6d3-a9f0-71b579a2d736">
      <TestCategory>
        <TestCategoryItem TestCategory="SortStringsByLengthAndAlphabet" />
      </TestCategory>
      <Execution id="bd4adac0-cb0d-4c7c-b3fe-9c0235e0715a" />
      <TestMethod codeBase="F:/учеба/ASP_EPAM/Day6.Workshop/EnumerableTest/bin/Debug/EnumerableTest.DLL" adapterTypeName="Microsoft.VisualStudio.TestTools.TestTypes.Unit.UnitTestAdapter, Microsoft.VisualStudio.QualityTools.Tips.UnitTest.Adapter, Version=10.0.0.0, Culture=neutral, PublicKeyToken=b03f5f7f11d50a3a" className="EnumerableTest.TaskTest, EnumerableTest, Version=0.0.0.0, Culture=neutral, PublicKeyToken=null" name="SortStringsByLengthAndAlphabet_Should_Return_Right_Results" />
    </UnitTest>
    <UnitTest name="PropagateItemsByPostionIndex_Should_Return_Right_Results" storage="f:\учеба\asp_epam\day6.workshop\enumerabletest\bin\debug\enumerabletest.dll" id="b2ed6984-7457-c58c-2e37-b04fc204b9b6">
      <TestCategory>
        <TestCategoryItem TestCategory="PropagateItemsByPostionIndex" />
      </TestCategory>
      <Execution id="a80e1917-b7d4-433b-b030-4493f667f8cf" />
      <TestMethod codeBase="F:/учеба/ASP_EPAM/Day6.Workshop/EnumerableTest/bin/Debug/EnumerableTest.DLL" adapterTypeName="Microsoft.VisualStudio.TestTools.TestTypes.Unit.UnitTestAdapter, Microsoft.VisualStudio.QualityTools.Tips.UnitTest.Adapter, Version=10.0.0.0, Culture=neutral, PublicKeyToken=b03f5f7f11d50a3a" className="EnumerableTest.TaskTest, EnumerableTest, Version=0.0.0.0, Culture=neutral, PublicKeyToken=null" name="PropagateItemsByPostionIndex_Should_Return_Right_Results" />
    </UnitTest>
    <UnitTest name="GetAllPairs_Should_Return_Right_Results" storage="f:\учеба\asp_epam\day6.workshop\enumerabletest\bin\debug\enumerabletest.dll" id="3a8fc5d7-2837-2826-9502-b64f8bc69515">
      <TestCategory>
        <TestCategoryItem TestCategory="GetAllPairs" />
      </TestCategory>
      <Execution id="aaa5c761-a9cf-415d-9dbe-f1826f88d1cf" />
      <TestMethod codeBase="F:/учеба/ASP_EPAM/Day6.Workshop/EnumerableTest/bin/Debug/EnumerableTest.DLL" adapterTypeName="Microsoft.VisualStudio.TestTools.TestTypes.Unit.UnitTestAdapter, Microsoft.VisualStudio.QualityTools.Tips.UnitTest.Adapter, Version=10.0.0.0, Culture=neutral, PublicKeyToken=b03f5f7f11d50a3a" className="EnumerableTest.TaskTest, EnumerableTest, Version=0.0.0.0, Culture=neutral, PublicKeyToken=null" name="GetAllPairs_Should_Return_Right_Results" />
    </UnitTest>
  </TestDefinitions>
  <TestLists>
    <TestList name="Отсутствующие в списке результаты" id="8c84fa94-04c1-424b-9868-57a2d4851a1d" />
    <TestList name="Все загруженные результаты" id="19431567-8539-422a-85d7-44ee4e166bda" />
  </TestLists>
  <TestEntries>
    <TestEntry testId="045fb746-ba3d-711e-94ba-3ded5d205be1" executionId="33ad1b2d-a772-4c4f-9f29-b11f1c500642" testListId="8c84fa94-04c1-424b-9868-57a2d4851a1d" />
    <TestEntry testId="068a35e1-babe-dd13-85ee-ce6cb79a6f86" executionId="c51b2426-4db9-4b76-8448-78106db1e0b5" testListId="8c84fa94-04c1-424b-9868-57a2d4851a1d" />
    <TestEntry testId="0771890c-c3d7-dcba-b29b-00cbdda92306" executionId="e867f0f6-4941-47be-85a0-8e0ef1c085ce" testListId="8c84fa94-04c1-424b-9868-57a2d4851a1d" />
    <TestEntry testId="11c1deb1-0eef-696f-1bf1-9ebc7303fa37" executionId="8597ae51-7347-41d2-ab5c-6651bb86f103" testListId="8c84fa94-04c1-424b-9868-57a2d4851a1d" />
    <TestEntry testId="1a3ca12f-fd40-063e-1b5e-7b7cacc7a8f9" executionId="e81dfab1-7768-4aff-93b3-f6c89eb018c1" testListId="8c84fa94-04c1-424b-9868-57a2d4851a1d" />
    <TestEntry testId="3a8fc5d7-2837-2826-9502-b64f8bc69515" executionId="aaa5c761-a9cf-415d-9dbe-f1826f88d1cf" testListId="8c84fa94-04c1-424b-9868-57a2d4851a1d" />
    <TestEntry testId="3c334d4c-8dc8-d688-719d-596a1c04a356" executionId="03b2321c-982f-4697-9416-46da712ca7c9" testListId="8c84fa94-04c1-424b-9868-57a2d4851a1d" />
    <TestEntry testId="3e3e5339-fc6a-81ab-04d0-eac57d498273" executionId="b647925b-f8c8-43c1-a0c1-7f243dfe1710" testListId="8c84fa94-04c1-424b-9868-57a2d4851a1d" />
    <TestEntry testId="43c72a8d-c049-5b37-79ec-2fc27da8bc8d" executionId="172fbd6a-565b-47af-93c4-d199ced51d5c" testListId="8c84fa94-04c1-424b-9868-57a2d4851a1d" />
    <TestEntry testId="490f9b19-ece3-4e52-4cc8-91678ac7e694" executionId="ab7e7b8a-8395-4969-a747-5a93cdb370a7" testListId="8c84fa94-04c1-424b-9868-57a2d4851a1d" />
    <TestEntry testId="493d7ab6-74be-557c-936e-edf421905239" executionId="506d6aa7-97ea-4a55-9202-f90a3ca148a9" testListId="8c84fa94-04c1-424b-9868-57a2d4851a1d" />
    <TestEntry testId="4aa0c7c0-5ae9-c68b-8fc7-21a64305d247" executionId="92fddf56-27ce-466a-8d0c-98770e05683f" testListId="8c84fa94-04c1-424b-9868-57a2d4851a1d" />
    <TestEntry testId="4c54e396-1ddd-c0e2-8cd1-002e6ee61220" executionId="bfc2ba92-b3b7-4ca3-93d1-a6a8b9ac088d" testListId="8c84fa94-04c1-424b-9868-57a2d4851a1d" />
    <TestEntry testId="4c6c3795-2b19-e043-e7e0-26eaee4ec22d" executionId="f3722907-b105-41b9-96e0-c326e4f54357" testListId="8c84fa94-04c1-424b-9868-57a2d4851a1d" />
    <TestEntry testId="4dae8c9f-c963-a4c7-f99c-6845e83c59e5" executionId="234753a5-dab1-483f-ba45-5c047eba7fac" testListId="8c84fa94-04c1-424b-9868-57a2d4851a1d" />
    <TestEntry testId="4e4e92b1-cb43-4420-f1d2-e3e8be142f10" executionId="ba8d4d18-b444-466c-83b9-c5446990bc2a" testListId="8c84fa94-04c1-424b-9868-57a2d4851a1d" />
    <TestEntry testId="4e8e8de7-9b72-0cbc-9ab1-45b0e90ac2f5" executionId="78c34925-145a-4fac-acaf-a09f05c47781" testListId="8c84fa94-04c1-424b-9868-57a2d4851a1d" />
    <TestEntry testId="54bfe939-eff8-e58f-ab02-133227efae85" executionId="759da2b4-feb1-457a-9eb8-99dd31062e6d" testListId="8c84fa94-04c1-424b-9868-57a2d4851a1d" />
    <TestEntry testId="59cfd53f-f7e3-6314-32be-e4ed7905d52b" executionId="e7f7b5c8-fc70-4b92-99a7-633e775fb22c" testListId="8c84fa94-04c1-424b-9868-57a2d4851a1d" />
    <TestEntry testId="5b75b77b-328e-1e07-812e-ae5858f99375" executionId="2a003786-59b3-4025-a2a3-d7807b6018b5" testListId="8c84fa94-04c1-424b-9868-57a2d4851a1d" />
    <TestEntry testId="608e8c24-666d-dcf7-c02c-68d28a471684" executionId="47fa0f13-4e7e-475a-b615-18b54bfe0d4a" testListId="8c84fa94-04c1-424b-9868-57a2d4851a1d" />
    <TestEntry testId="6555c6f9-4be4-2bb5-f66b-17e0ac806335" executionId="fc67a367-bfe4-419b-8997-cdffafa5bed0" testListId="8c84fa94-04c1-424b-9868-57a2d4851a1d" />
    <TestEntry testId="7341c297-c057-8ebe-50ef-d6d392dc16f5" executionId="763dd13c-ba75-4250-bcef-f1575a953902" testListId="8c84fa94-04c1-424b-9868-57a2d4851a1d" />
    <TestEntry testId="7b6e24df-00d3-a95f-ea51-95c29ba34c7e" executionId="2ad3fa33-c31e-4200-bcf5-29cd7d14172d" testListId="8c84fa94-04c1-424b-9868-57a2d4851a1d" />
    <TestEntry testId="83e0f4f5-fabe-f6d3-a9f0-71b579a2d736" executionId="bd4adac0-cb0d-4c7c-b3fe-9c0235e0715a" testListId="8c84fa94-04c1-424b-9868-57a2d4851a1d" />
    <TestEntry testId="89ecf07f-9a5c-e329-78c4-b63b2fb8e2c9" executionId="f0931453-4aac-40f0-ad75-3a0502ccf9d8" testListId="8c84fa94-04c1-424b-9868-57a2d4851a1d" />
    <TestEntry testId="9d4bc957-b6ab-4cff-5705-277f192062d5" executionId="04fbec53-04f7-460f-b6fe-6e4d671d6ef2" testListId="8c84fa94-04c1-424b-9868-57a2d4851a1d" />
    <TestEntry testId="a33a0fd4-ff4b-0e60-b661-e1b89609621a" executionId="ac9d143b-9a37-4b57-94f9-8e020ea8dc71" testListId="8c84fa94-04c1-424b-9868-57a2d4851a1d" />
    <TestEntry testId="a44f1187-d82a-d56b-ebad-aa457d19da97" executionId="7c40ec60-5f84-4b21-a849-9cf5173e1df2" testListId="8c84fa94-04c1-424b-9868-57a2d4851a1d" />
    <TestEntry testId="b2ed6984-7457-c58c-2e37-b04fc204b9b6" executionId="a80e1917-b7d4-433b-b030-4493f667f8cf" testListId="8c84fa94-04c1-424b-9868-57a2d4851a1d" />
    <TestEntry testId="b49786a5-3674-e883-0aa2-b7b8dd7bac3c" executionId="b9439964-0f9c-421f-b249-494ec56fdb27" testListId="8c84fa94-04c1-424b-9868-57a2d4851a1d" />
    <TestEntry testId="b71c9ec6-625b-4e8f-1ec8-f546c24b3cdd" executionId="778bd9da-5a35-4246-b305-241365247c48" testListId="8c84fa94-04c1-424b-9868-57a2d4851a1d" />
    <TestEntry testId="bc926853-5e8d-4b91-f7a9-538af70e4dc9" executionId="d3bc8de5-d5c2-45d2-8d6a-8674a36951ff" testListId="8c84fa94-04c1-424b-9868-57a2d4851a1d" />
    <TestEntry testId="c12e3770-66b3-84f2-92aa-d27c4eb76039" executionId="43ca6f53-6803-4e81-9727-de8ab3df9459" testListId="8c84fa94-04c1-424b-9868-57a2d4851a1d" />
    <TestEntry testId="c16c7d47-220f-99a7-bc0c-07aa9bd68b77" executionId="4ab676d1-5cd5-46e6-a439-cfcc48e047e5" testListId="8c84fa94-04c1-424b-9868-57a2d4851a1d" />
    <TestEntry testId="cfe08222-f6de-0def-88d5-c5148407d1d3" executionId="bfc8498d-84a8-4c3d-b876-c3f5f2ebdcbd" testListId="8c84fa94-04c1-424b-9868-57a2d4851a1d" />
    <TestEntry testId="d1002e82-3a94-1810-4291-c7e3a753bb07" executionId="95902779-dae6-4d31-a141-b7af0c8e9324" testListId="8c84fa94-04c1-424b-9868-57a2d4851a1d" />
    <TestEntry testId="d46cfb58-bf8e-887e-ce38-565d152e39c9" executionId="5814a259-1ef4-4f46-a015-4cf334d925b9" testListId="8c84fa94-04c1-424b-9868-57a2d4851a1d" />
    <TestEntry testId="e24fc1e5-5dfe-c952-0f03-ee2451eb399e" executionId="dd26ccde-0017-460e-9940-537dc07a6cdf" testListId="8c84fa94-04c1-424b-9868-57a2d4851a1d" />
    <TestEntry testId="e48b642c-09f4-0102-7220-3b8e7ff37c88" executionId="0995c9f0-e52e-4d89-9a96-e35cc4ebe1c5" testListId="8c84fa94-04c1-424b-9868-57a2d4851a1d" />
    <TestEntry testId="e649b2f4-e915-f12f-449b-cca2c13f2de3" executionId="79987057-56b6-40ca-ad0e-12667ab73f8f" testListId="8c84fa94-04c1-424b-9868-57a2d4851a1d" />
  </TestEntries>
  <Results>
    <UnitTestResult executionId="33ad1b2d-a772-4c4f-9f29-b11f1c500642" testId="045fb746-ba3d-711e-94ba-3ded5d205be1" testName="GetCountOfStrings_Should_Return_Right_Result" computerName="VASELOK-ПК" duration="00:00:00.5100869" startTime="2012-04-04T20:24:46.1870694+03:00" endTime="2012-04-04T20:24:46.9001102+03:00" testType="13cdc9d9-ddb5-4fa4-a97d-d965ccfc6d4b" outcome="Passed" testListId="8c84fa94-04c1-424b-9868-57a2d4851a1d" relativeResultsDirectory="33ad1b2d-a772-4c4f-9f29-b11f1c500642">
    </UnitTestResult>
    <UnitTestResult executionId="c51b2426-4db9-4b76-8448-78106db1e0b5" testId="068a35e1-babe-dd13-85ee-ce6cb79a6f86" testName="GetStringOfSequence_Should_Return_Right_Results" computerName="VASELOK-ПК" duration="00:00:00.0027030" startTime="2012-04-04T20:24:46.9011103+03:00" endTime="2012-04-04T20:24:46.9131109+03:00" testType="13cdc9d9-ddb5-4fa4-a97d-d965ccfc6d4b" outcome="Passed" testListId="8c84fa94-04c1-424b-9868-57a2d4851a1d" relativeResultsDirectory="c51b2426-4db9-4b76-8448-78106db1e0b5">
    </UnitTestResult>
    <UnitTestResult executionId="e867f0f6-4941-47be-85a0-8e0ef1c085ce" testId="0771890c-c3d7-dcba-b29b-00cbdda92306" testName="GetIEnumerableTypesNames_Should_Throw_ArgumentNullException_If_assembly_Is_Null" computerName="VASELOK-ПК" duration="00:00:00.0031127" startTime="2012-04-04T20:24:46.9151111+03:00" endTime="2012-04-04T20:24:46.9231115+03:00" testType="13cdc9d9-ddb5-4fa4-a97d-d965ccfc6d4b" outcome="Passed" testListId="8c84fa94-04c1-424b-9868-57a2d4851a1d" relativeResultsDirectory="e867f0f6-4941-47be-85a0-8e0ef1c085ce">
    </UnitTestResult>
    <UnitTestResult executionId="8597ae51-7347-41d2-ab5c-6651bb86f103" testId="11c1deb1-0eef-696f-1bf1-9ebc7303fa37" testName="GetPrefixItems_Should_Return_Empty_Sequence_If_No_Items_With_Required_Prefix" computerName="VASELOK-ПК" duration="00:00:00.0008313" startTime="2012-04-04T20:24:46.9241116+03:00" endTime="2012-04-04T20:24:46.9311120+03:00" testType="13cdc9d9-ddb5-4fa4-a97d-d965ccfc6d4b" outcome="Passed" testListId="8c84fa94-04c1-424b-9868-57a2d4851a1d" relativeResultsDirectory="8597ae51-7347-41d2-ab5c-6651bb86f103">
    </UnitTestResult>
    <UnitTestResult executionId="e81dfab1-7768-4aff-93b3-f6c89eb018c1" testId="1a3ca12f-fd40-063e-1b5e-7b7cacc7a8f9" testName="GetCountOfGreaterThen10_Should_Return_Right_Result" computerName="VASELOK-ПК" duration="00:00:00.0011182" startTime="2012-04-04T20:24:46.9331121+03:00" endTime="2012-04-04T20:24:46.9391124+03:00" testType="13cdc9d9-ddb5-4fa4-a97d-d965ccfc6d4b" outcome="Passed" testListId="8c84fa94-04c1-424b-9868-57a2d4851a1d" relativeResultsDirectory="e81dfab1-7768-4aff-93b3-f6c89eb018c1">
    </UnitTestResult>
    <UnitTestResult executionId="aaa5c761-a9cf-415d-9dbe-f1826f88d1cf" testId="3a8fc5d7-2837-2826-9502-b64f8bc69515" testName="GetAllPairs_Should_Return_Right_Results" computerName="VASELOK-ПК" duration="00:00:00.0122481" startTime="2012-04-04T20:24:46.9401125+03:00" endTime="2012-04-04T20:24:46.9571135+03:00" testType="13cdc9d9-ddb5-4fa4-a97d-d965ccfc6d4b" outcome="Failed" testListId="8c84fa94-04c1-424b-9868-57a2d4851a1d" relativeResultsDirectory="aaa5c761-a9cf-415d-9dbe-f1826f88d1cf">
      <Output>
        <ErrorInfo>
          <Message>Метод проверки EnumerableTest.TaskTest.GetAllPairs_Should_Return_Right_Results выдал исключение: System.NotImplementedException: Метод или операция не реализована..</Message>
          <StackTrace>    в EnumerableTask.Task.GetAllPairs(IEnumerable`1 boys, IEnumerable`1 girls) в F:\учеба\ASP_EPAM\Day6.Workshop\Enumerable\Task.cs:строка 722
   в EnumerableTest.TaskTest.GetAllPairsTest(IEnumerable`1 boys, IEnumerable`1 girls, IEnumerable`1 expected, String assertMessage) в F:\учеба\ASP_EPAM\Day6.Workshop\EnumerableTest\TaskTest.cs:строка 1169
   в EnumerableTest.TaskTest.GetAllPairs_Should_Return_Right_Results() в F:\учеба\ASP_EPAM\Day6.Workshop\EnumerableTest\TaskTest.cs:строка 1176
</StackTrace>
        </ErrorInfo>
      </Output>
    </UnitTestResult>
    <UnitTestResult executionId="03b2321c-982f-4697-9416-46da712ca7c9" testId="3c334d4c-8dc8-d688-719d-596a1c04a356" testName="GetDigitCharsCount_Should_Throw_ArgumentException_If_data_Is_Null" computerName="VASELOK-ПК" duration="00:00:00.0010605" startTime="2012-04-04T20:24:46.9591136+03:00" endTime="2012-04-04T20:24:46.9671140+03:00" testType="13cdc9d9-ddb5-4fa4-a97d-d965ccfc6d4b" outcome="Passed" testListId="8c84fa94-04c1-424b-9868-57a2d4851a1d" relativeResultsDirectory="03b2321c-982f-4697-9416-46da712ca7c9">
    </UnitTestResult>
    <UnitTestResult executionId="b647925b-f8c8-43c1-a0c1-7f243dfe1710" testId="3e3e5339-fc6a-81ab-04d0-eac57d498273" testName="GetFirstContainsFirst_Should_Return_Right_Result" computerName="VASELOK-ПК" duration="00:00:00.0019953" startTime="2012-04-04T20:24:46.9721143+03:00" endTime="2012-04-04T20:24:46.9791147+03:00" testType="13cdc9d9-ddb5-4fa4-a97d-d965ccfc6d4b" outcome="Failed" testListId="8c84fa94-04c1-424b-9868-57a2d4851a1d" relativeResultsDirectory="b647925b-f8c8-43c1-a0c1-7f243dfe1710">
      <Output>
        <ErrorInfo>
          <Message>Метод проверки EnumerableTest.TaskTest.GetFirstContainsFirst_Should_Return_Right_Result выдал исключение: System.ArgumentNullException: Значение не может быть неопределенным.
Имя параметра: predicate.</Message>
          <StackTrace>    в System.Linq.Enumerable.FirstOrDefault[TSource](IEnumerable`1 source, Func`2 predicate)
   в EnumerableTask.Task.GetFirstContainsFirst(IEnumerable`1 data) в F:\учеба\ASP_EPAM\Day6.Workshop\Enumerable\Task.cs:строка 247
   в EnumerableTest.TaskTest.GetFirstContainsFirstTest(IEnumerable`1 data, String expected, String assertMessage) в F:\учеба\ASP_EPAM\Day6.Workshop\EnumerableTest\TaskTest.cs:строка 381
   в EnumerableTest.TaskTest.GetFirstContainsFirst_Should_Return_Right_Result() в F:\учеба\ASP_EPAM\Day6.Workshop\EnumerableTest\TaskTest.cs:строка 387
</StackTrace>
        </ErrorInfo>
      </Output>
    </UnitTestResult>
    <UnitTestResult executionId="172fbd6a-565b-47af-93c4-d199ced51d5c" testId="43c72a8d-c049-5b37-79ec-2fc27da8bc8d" testName="GetSquareSequence_Should_Return_Square_Items" computerName="VASELOK-ПК" duration="00:00:00.0015377" startTime="2012-04-04T20:24:46.9811148+03:00" endTime="2012-04-04T20:24:46.9881152+03:00" testType="13cdc9d9-ddb5-4fa4-a97d-d965ccfc6d4b" outcome="Passed" testListId="8c84fa94-04c1-424b-9868-57a2d4851a1d" relativeResultsDirectory="172fbd6a-565b-47af-93c4-d199ced51d5c">
    </UnitTestResult>
    <UnitTestResult executionId="ab7e7b8a-8395-4969-a747-5a93cdb370a7" testId="490f9b19-ece3-4e52-4cc8-91678ac7e694" testName="GetAverageOfDoubleValues_Should_Return_Right_Results" computerName="VASELOK-ПК" duration="00:00:00.0021419" startTime="2012-04-04T20:24:46.9901153+03:00" endTime="2012-04-04T20:24:46.9981158+03:00" testType="13cdc9d9-ddb5-4fa4-a97d-d965ccfc6d4b" outcome="Failed" testListId="8c84fa94-04c1-424b-9868-57a2d4851a1d" relativeResultsDirectory="ab7e7b8a-8395-4969-a747-5a93cdb370a7">
      <Output>
        <ErrorInfo>
          <Message>Метод проверки EnumerableTest.TaskTest.GetAverageOfDoubleValues_Should_Return_Right_Results выдал исключение: System.NotImplementedException: Метод или операция не реализована..</Message>
          <StackTrace>    в EnumerableTask.Task.GetAverageOfDoubleValues(IEnumerable`1 data) в F:\учеба\ASP_EPAM\Day6.Workshop\Enumerable\Task.cs:строка 741
   в EnumerableTest.TaskTest.GetAverageOfDoubleValuesTest(IEnumerable`1 data, Double expected, String assertMessage) в F:\учеба\ASP_EPAM\Day6.Workshop\EnumerableTest\TaskTest.cs:строка 1207
   в EnumerableTest.TaskTest.GetAverageOfDoubleValues_Should_Return_Right_Results() в F:\учеба\ASP_EPAM\Day6.Workshop\EnumerableTest\TaskTest.cs:строка 1214
</StackTrace>
        </ErrorInfo>
      </Output>
    </UnitTestResult>
    <UnitTestResult executionId="506d6aa7-97ea-4a55-9202-f90a3ca148a9" testId="493d7ab6-74be-557c-936e-edf421905239" testName="GetFirstNegativeSubsequence_Should_Return_Right_Results" computerName="VASELOK-ПК" duration="00:00:00.0019901" startTime="2012-04-04T20:24:46.9991159+03:00" endTime="2012-04-04T20:24:47.0061163+03:00" testType="13cdc9d9-ddb5-4fa4-a97d-d965ccfc6d4b" outcome="Passed" testListId="8c84fa94-04c1-424b-9868-57a2d4851a1d" relativeResultsDirectory="506d6aa7-97ea-4a55-9202-f90a3ca148a9">
    </UnitTestResult>
    <UnitTestResult executionId="92fddf56-27ce-466a-8d0c-98770e05683f" testId="4aa0c7c0-5ae9-c68b-8fc7-21a64305d247" testName="CombineNumbersAndFruits_Should_Return_Right_Results" computerName="VASELOK-ПК" duration="00:00:00.0014453" startTime="2012-04-04T20:24:47.0081164+03:00" endTime="2012-04-04T20:24:47.0151168+03:00" testType="13cdc9d9-ddb5-4fa4-a97d-d965ccfc6d4b" outcome="Passed" testListId="8c84fa94-04c1-424b-9868-57a2d4851a1d" relativeResultsDirectory="92fddf56-27ce-466a-8d0c-98770e05683f">
    </UnitTestResult>
    <UnitTestResult executionId="bfc2ba92-b3b7-4ca3-93d1-a6a8b9ac088d" testId="4c54e396-1ddd-c0e2-8cd1-002e6ee61220" testName="Get3TopItems_Should_Return_Square_Items" computerName="VASELOK-ПК" duration="00:00:00.0009878" startTime="2012-04-04T20:24:47.0171169+03:00" endTime="2012-04-04T20:24:47.0231172+03:00" testType="13cdc9d9-ddb5-4fa4-a97d-d965ccfc6d4b" outcome="Passed" testListId="8c84fa94-04c1-424b-9868-57a2d4851a1d" relativeResultsDirectory="bfc2ba92-b3b7-4ca3-93d1-a6a8b9ac088d">
    </UnitTestResult>
    <UnitTestResult executionId="f3722907-b105-41b9-96e0-c326e4f54357" testId="4c6c3795-2b19-e043-e7e0-26eaee4ec22d" testName="GetMovingSumSequence_Should_Return_Moving_Sum_Items" computerName="VASELOK-ПК" duration="00:00:00.0011310" startTime="2012-04-04T20:24:47.0251174+03:00" endTime="2012-04-04T20:24:47.0311177+03:00" testType="13cdc9d9-ddb5-4fa4-a97d-d965ccfc6d4b" outcome="Passed" testListId="8c84fa94-04c1-424b-9868-57a2d4851a1d" relativeResultsDirectory="f3722907-b105-41b9-96e0-c326e4f54357">
    </UnitTestResult>
    <UnitTestResult executionId="234753a5-dab1-483f-ba45-5c047eba7fac" testId="4dae8c9f-c963-a4c7-f99c-6845e83c59e5" testName="GetUsedChars_Should_Return_List_of_Chars" computerName="VASELOK-ПК" duration="00:00:00.0017336" startTime="2012-04-04T20:24:47.0331178+03:00" endTime="2012-04-04T20:24:47.0401182+03:00" testType="13cdc9d9-ddb5-4fa4-a97d-d965ccfc6d4b" outcome="Passed" testListId="8c84fa94-04c1-424b-9868-57a2d4851a1d" relativeResultsDirectory="234753a5-dab1-483f-ba45-5c047eba7fac">
    </UnitTestResult>
    <UnitTestResult executionId="ba8d4d18-b444-466c-83b9-c5446990bc2a" testId="4e4e92b1-cb43-4420-f1d2-e3e8be142f10" testName="GetMissingDigits_Should_Return_Right_Results" computerName="VASELOK-ПК" duration="00:00:00.0008343" startTime="2012-04-04T20:24:47.0421183+03:00" endTime="2012-04-04T20:24:47.0481187+03:00" testType="13cdc9d9-ddb5-4fa4-a97d-d965ccfc6d4b" outcome="Passed" testListId="8c84fa94-04c1-424b-9868-57a2d4851a1d" relativeResultsDirectory="ba8d4d18-b444-466c-83b9-c5446990bc2a">
    </UnitTestResult>
    <UnitTestResult executionId="78c34925-145a-4fac-acaf-a09f05c47781" testId="4e8e8de7-9b72-0cbc-9ab1-45b0e90ac2f5" testName="GetSpecificEventEntriesCount_Should_Return_Right_Result" computerName="VASELOK-ПК" duration="00:00:00.0026350" startTime="2012-04-04T20:24:47.0501188+03:00" endTime="2012-04-04T20:24:47.0581192+03:00" testType="13cdc9d9-ddb5-4fa4-a97d-d965ccfc6d4b" outcome="Failed" testListId="8c84fa94-04c1-424b-9868-57a2d4851a1d" relativeResultsDirectory="78c34925-145a-4fac-acaf-a09f05c47781">
      <Output>
        <ErrorInfo>
          <Message>Метод проверки EnumerableTest.TaskTest.GetSpecificEventEntriesCount_Should_Return_Right_Result выдал исключение: System.NotImplementedException: Метод или операция не реализована..</Message>
          <StackTrace>    в EnumerableTask.Task.GetSpecificEventEntriesCount(EventLogEntryType value) в F:\учеба\ASP_EPAM\Day6.Workshop\Enumerable\Task.cs:строка 353
   в EnumerableTest.TaskTest.GetSpecificEventEntriesCount_Should_Return_Right_Result() в F:\учеба\ASP_EPAM\Day6.Workshop\EnumerableTest\TaskTest.cs:строка 531
</StackTrace>
        </ErrorInfo>
      </Output>
    </UnitTestResult>
    <UnitTestResult executionId="759da2b4-feb1-457a-9eb8-99dd31062e6d" testId="54bfe939-eff8-e58f-ab02-133227efae85" testName="GetIEnumerableTypesNames_Should_Return_Right_Results" computerName="VASELOK-ПК" duration="00:00:00.0022831" startTime="2012-04-04T20:24:47.0601194+03:00" endTime="2012-04-04T20:24:47.0691199+03:00" testType="13cdc9d9-ddb5-4fa4-a97d-d965ccfc6d4b" outcome="Failed" testListId="8c84fa94-04c1-424b-9868-57a2d4851a1d" relativeResultsDirectory="759da2b4-feb1-457a-9eb8-99dd31062e6d">
      <Output>
        <ErrorInfo>
          <Message>Метод проверки EnumerableTest.TaskTest.GetIEnumerableTypesNames_Should_Return_Right_Results выдал исключение: System.NotImplementedException: Метод или операция не реализована..</Message>
          <StackTrace>    в EnumerableTask.Task.GetIEnumerableTypesNames(Assembly assembly) в F:\учеба\ASP_EPAM\Day6.Workshop\Enumerable\Task.cs:строка 378
   в EnumerableTest.TaskTest.GetIEnumerableTypesNamesTest(Assembly assembly, String[] expected, String assertMessage) в F:\учеба\ASP_EPAM\Day6.Workshop\EnumerableTest\TaskTest.cs:строка 576
   в EnumerableTest.TaskTest.GetIEnumerableTypesNames_Should_Return_Right_Results() в F:\учеба\ASP_EPAM\Day6.Workshop\EnumerableTest\TaskTest.cs:строка 583
</StackTrace>
        </ErrorInfo>
      </Output>
    </UnitTestResult>
    <UnitTestResult executionId="e7f7b5c8-fc70-4b92-99a7-633e775fb22c" testId="59cfd53f-f7e3-6314-32be-e4ed7905d52b" testName="GetQuarterSales_Should_Return_Right_Results" computerName="VASELOK-ПК" duration="00:00:00.0024169" startTime="2012-04-04T20:24:47.0711200+03:00" endTime="2012-04-04T20:24:47.0771203+03:00" testType="13cdc9d9-ddb5-4fa4-a97d-d965ccfc6d4b" outcome="Failed" testListId="8c84fa94-04c1-424b-9868-57a2d4851a1d" relativeResultsDirectory="e7f7b5c8-fc70-4b92-99a7-633e775fb22c">
      <Output>
        <ErrorInfo>
          <Message>Метод проверки EnumerableTest.TaskTest.GetQuarterSales_Should_Return_Right_Results выдал исключение: System.NotImplementedException: Метод или операция не реализована..</Message>
          <StackTrace>    в EnumerableTask.Task.GetQuarterSales(IEnumerable`1 sales) в F:\учеба\ASP_EPAM\Day6.Workshop\Enumerable\Task.cs:строка 397
   в EnumerableTest.TaskTest.GetQuarterSalesTest(IEnumerable`1 data, Int32[] expected, String assertMessage) в F:\учеба\ASP_EPAM\Day6.Workshop\EnumerableTest\TaskTest.cs:строка 606
   в EnumerableTest.TaskTest.GetQuarterSales_Should_Return_Right_Results() в F:\учеба\ASP_EPAM\Day6.Workshop\EnumerableTest\TaskTest.cs:строка 613
</StackTrace>
        </ErrorInfo>
      </Output>
    </UnitTestResult>
    <UnitTestResult executionId="2a003786-59b3-4025-a2a3-d7807b6018b5" testId="5b75b77b-328e-1e07-812e-ae5858f99375" testName="GetPrefixItems_Should_Return_Items_Started_With_Required_Prefix" computerName="VASELOK-ПК" duration="00:00:00.0004673" startTime="2012-04-04T20:24:47.0791204+03:00" endTime="2012-04-04T20:24:47.0851208+03:00" testType="13cdc9d9-ddb5-4fa4-a97d-d965ccfc6d4b" outcome="Passed" testListId="8c84fa94-04c1-424b-9868-57a2d4851a1d" relativeResultsDirectory="2a003786-59b3-4025-a2a3-d7807b6018b5">
    </UnitTestResult>
    <UnitTestResult executionId="47fa0f13-4e7e-475a-b615-18b54bfe0d4a" testId="608e8c24-666d-dcf7-c02c-68d28a471684" testName="GetPrefixItems_Should_Raise_Exception_If_Prefix_Is_Null" computerName="VASELOK-ПК" duration="00:00:00.0006251" startTime="2012-04-04T20:24:47.0871209+03:00" endTime="2012-04-04T20:24:47.0931212+03:00" testType="13cdc9d9-ddb5-4fa4-a97d-d965ccfc6d4b" outcome="Passed" testListId="8c84fa94-04c1-424b-9868-57a2d4851a1d" relativeResultsDirectory="47fa0f13-4e7e-475a-b615-18b54bfe0d4a">
    </UnitTestResult>
    <UnitTestResult executionId="fc67a367-bfe4-419b-8997-cdffafa5bed0" testId="6555c6f9-4be4-2bb5-f66b-17e0ac806335" testName="GetTotalStringsLength_Should_Return_Right_Results" computerName="VASELOK-ПК" duration="00:00:00.0008402" startTime="2012-04-04T20:24:47.0951214+03:00" endTime="2012-04-04T20:24:47.1001216+03:00" testType="13cdc9d9-ddb5-4fa4-a97d-d965ccfc6d4b" outcome="Passed" testListId="8c84fa94-04c1-424b-9868-57a2d4851a1d" relativeResultsDirectory="fc67a367-bfe4-419b-8997-cdffafa5bed0">
    </UnitTestResult>
    <UnitTestResult executionId="763dd13c-ba75-4250-bcef-f1575a953902" testId="7341c297-c057-8ebe-50ef-d6d392dc16f5" testName="IsAllStringsAreUppercase_Should_Return_Right_Results" computerName="VASELOK-ПК" duration="00:00:00.0007385" startTime="2012-04-04T20:24:47.1021218+03:00" endTime="2012-04-04T20:24:47.1081221+03:00" testType="13cdc9d9-ddb5-4fa4-a97d-d965ccfc6d4b" outcome="Passed" testListId="8c84fa94-04c1-424b-9868-57a2d4851a1d" relativeResultsDirectory="763dd13c-ba75-4250-bcef-f1575a953902">
    </UnitTestResult>
    <UnitTestResult executionId="2ad3fa33-c31e-4200-bcf5-29cd7d14172d" testId="7b6e24df-00d3-a95f-ea51-95c29ba34c7e" testName="GetCommonChars_Should_Return_Right_Results" computerName="VASELOK-ПК" duration="00:00:00.0008539" startTime="2012-04-04T20:24:47.1101222+03:00" endTime="2012-04-04T20:24:47.1161226+03:00" testType="13cdc9d9-ddb5-4fa4-a97d-d965ccfc6d4b" outcome="Passed" testListId="8c84fa94-04c1-424b-9868-57a2d4851a1d" relativeResultsDirectory="2ad3fa33-c31e-4200-bcf5-29cd7d14172d">
    </UnitTestResult>
    <UnitTestResult executionId="bd4adac0-cb0d-4c7c-b3fe-9c0235e0715a" testId="83e0f4f5-fabe-f6d3-a9f0-71b579a2d736" testName="SortStringsByLengthAndAlphabet_Should_Return_Right_Results" computerName="VASELOK-ПК" duration="00:00:00.0012469" startTime="2012-04-04T20:24:47.1181227+03:00" endTime="2012-04-04T20:24:47.1241230+03:00" testType="13cdc9d9-ddb5-4fa4-a97d-d965ccfc6d4b" outcome="Passed" testListId="8c84fa94-04c1-424b-9868-57a2d4851a1d" relativeResultsDirectory="bd4adac0-cb0d-4c7c-b3fe-9c0235e0715a">
    </UnitTestResult>
    <UnitTestResult executionId="f0931453-4aac-40f0-ad75-3a0502ccf9d8" testId="89ecf07f-9a5c-e329-78c4-b63b2fb8e2c9" testName="GetUppercaseStrings_Should_Return_Uppercased_Strings" computerName="VASELOK-ПК" duration="00:00:00.0008727" startTime="2012-04-04T20:24:47.1261231+03:00" endTime="2012-04-04T20:24:47.1331235+03:00" testType="13cdc9d9-ddb5-4fa4-a97d-d965ccfc6d4b" outcome="Passed" testListId="8c84fa94-04c1-424b-9868-57a2d4851a1d" relativeResultsDirectory="f0931453-4aac-40f0-ad75-3a0502ccf9d8">
    </UnitTestResult>
    <UnitTestResult executionId="04fbec53-04f7-460f-b6fe-6e4d671d6ef2" testId="9d4bc957-b6ab-4cff-5705-277f192062d5" testName="IsSequenceHasNulls_Should_Return_Right_Results" computerName="VASELOK-ПК" duration="00:00:00.0007410" startTime="2012-04-04T20:24:47.1341236+03:00" endTime="2012-04-04T20:24:47.1401239+03:00" testType="13cdc9d9-ddb5-4fa4-a97d-d965ccfc6d4b" outcome="Passed" testListId="8c84fa94-04c1-424b-9868-57a2d4851a1d" relativeResultsDirectory="04fbec53-04f7-460f-b6fe-6e4d671d6ef2">
    </UnitTestResult>
    <UnitTestResult executionId="ac9d143b-9a37-4b57-94f9-8e020ea8dc71" testId="a33a0fd4-ff4b-0e60-b661-e1b89609621a" testName="GetStringsLength_Should_Return_Strings_Length" computerName="VASELOK-ПК" duration="00:00:00.0008757" startTime="2012-04-04T20:24:47.1421240+03:00" endTime="2012-04-04T20:24:47.1481244+03:00" testType="13cdc9d9-ddb5-4fa4-a97d-d965ccfc6d4b" outcome="Passed" testListId="8c84fa94-04c1-424b-9868-57a2d4851a1d" relativeResultsDirectory="ac9d143b-9a37-4b57-94f9-8e020ea8dc71">
    </UnitTestResult>
    <UnitTestResult executionId="7c40ec60-5f84-4b21-a849-9cf5173e1df2" testId="a44f1187-d82a-d56b-ebad-aa457d19da97" testName="GetEvenItems_Should_Return_Empty_If_Sequence_Length_Is_Less_Than_2" computerName="VASELOK-ПК" duration="00:00:00.0010874" startTime="2012-04-04T20:24:47.1491244+03:00" endTime="2012-04-04T20:24:47.1551248+03:00" testType="13cdc9d9-ddb5-4fa4-a97d-d965ccfc6d4b" outcome="Passed" testListId="8c84fa94-04c1-424b-9868-57a2d4851a1d" relativeResultsDirectory="7c40ec60-5f84-4b21-a849-9cf5173e1df2">
    </UnitTestResult>
    <UnitTestResult executionId="a80e1917-b7d4-433b-b030-4493f667f8cf" testId="b2ed6984-7457-c58c-2e37-b04fc204b9b6" testName="PropagateItemsByPostionIndex_Should_Return_Right_Results" computerName="VASELOK-ПК" duration="00:00:00.0012512" startTime="2012-04-04T20:24:47.1571249+03:00" endTime="2012-04-04T20:24:47.1631252+03:00" testType="13cdc9d9-ddb5-4fa4-a97d-d965ccfc6d4b" outcome="Passed" testListId="8c84fa94-04c1-424b-9868-57a2d4851a1d" relativeResultsDirectory="a80e1917-b7d4-433b-b030-4493f667f8cf">
    </UnitTestResult>
    <UnitTestResult executionId="b9439964-0f9c-421f-b249-494ec56fdb27" testId="b49786a5-3674-e883-0aa2-b7b8dd7bac3c" testName="GetDigitCharsCount_Should_Return_Number_Of_Digit_Chars" computerName="VASELOK-ПК" duration="00:00:00.0002933" startTime="2012-04-04T20:24:47.1651254+03:00" endTime="2012-04-04T20:24:47.1701256+03:00" testType="13cdc9d9-ddb5-4fa4-a97d-d965ccfc6d4b" outcome="Passed" testListId="8c84fa94-04c1-424b-9868-57a2d4851a1d" relativeResultsDirectory="b9439964-0f9c-421f-b249-494ec56fdb27">
    </UnitTestResult>
    <UnitTestResult executionId="778bd9da-5a35-4246-b305-241365247c48" testId="b71c9ec6-625b-4e8f-1ec8-f546c24b3cdd" testName="GetNextVersionFromList_Should_Return_Right_Results" computerName="VASELOK-ПК" duration="00:00:00.0074809" startTime="2012-04-04T20:24:47.1721258+03:00" endTime="2012-04-04T20:24:47.1851265+03:00" testType="13cdc9d9-ddb5-4fa4-a97d-d965ccfc6d4b" outcome="Failed" testListId="8c84fa94-04c1-424b-9868-57a2d4851a1d" relativeResultsDirectory="778bd9da-5a35-4246-b305-241365247c48">
      <Output>
        <ErrorInfo>
          <Message>Ошибка в Assert.AreEqual. Ожидается: &lt;1.5&gt;. Фактически: &lt;(null)&gt;. GetNextVersionFromList should return right results</Message>
          <StackTrace>   в EnumerableTest.TaskTest.GetNextVersionFromListTest(IEnumerable`1 data, String currVersion, String expected, String assertMessage) в F:\учеба\ASP_EPAM\Day6.Workshop\EnumerableTest\TaskTest.cs:строка 1081
   в EnumerableTest.TaskTest.GetNextVersionFromList_Should_Return_Right_Results() в F:\учеба\ASP_EPAM\Day6.Workshop\EnumerableTest\TaskTest.cs:строка 1087
</StackTrace>
        </ErrorInfo>
      </Output>
    </UnitTestResult>
    <UnitTestResult executionId="d3bc8de5-d5c2-45d2-8d6a-8674a36951ff" testId="bc926853-5e8d-4b91-f7a9-538af70e4dc9" testName="GetSumOfAllInts_Should_Return_Right_Results" computerName="VASELOK-ПК" duration="00:00:00.0009989" startTime="2012-04-04T20:24:47.1871266+03:00" endTime="2012-04-04T20:24:47.1931270+03:00" testType="13cdc9d9-ddb5-4fa4-a97d-d965ccfc6d4b" outcome="Passed" testListId="8c84fa94-04c1-424b-9868-57a2d4851a1d" relativeResultsDirectory="d3bc8de5-d5c2-45d2-8d6a-8674a36951ff">
    </UnitTestResult>
    <UnitTestResult executionId="43ca6f53-6803-4e81-9727-de8ab3df9459" testId="c12e3770-66b3-84f2-92aa-d27c4eb76039" testName="SortDigitNamesByNumericOrder_Should_Return_Right_Results" computerName="VASELOK-ПК" duration="00:00:00.0011674" startTime="2012-04-04T20:24:47.1961271+03:00" endTime="2012-04-04T20:24:47.2021275+03:00" testType="13cdc9d9-ddb5-4fa4-a97d-d965ccfc6d4b" outcome="Passed" testListId="8c84fa94-04c1-424b-9868-57a2d4851a1d" relativeResultsDirectory="43ca6f53-6803-4e81-9727-de8ab3df9459">
    </UnitTestResult>
    <UnitTestResult executionId="4ab676d1-5cd5-46e6-a439-cfcc48e047e5" testId="c16c7d47-220f-99a7-bc0c-07aa9bd68b77" testName="GetCountOfStringsWithMaxLenght_Should_Return_Right_Result" computerName="VASELOK-ПК" duration="00:00:00.0013453" startTime="2012-04-04T20:24:47.2041276+03:00" endTime="2012-04-04T20:24:47.2101279+03:00" testType="13cdc9d9-ddb5-4fa4-a97d-d965ccfc6d4b" outcome="Passed" testListId="8c84fa94-04c1-424b-9868-57a2d4851a1d" relativeResultsDirectory="4ab676d1-5cd5-46e6-a439-cfcc48e047e5">
    </UnitTestResult>
    <UnitTestResult executionId="bfc8498d-84a8-4c3d-b876-c3f5f2ebdcbd" testId="cfe08222-f6de-0def-88d5-c5148407d1d3" testName="GetSumOfVectors_Should_Return_Right_Results" computerName="VASELOK-ПК" duration="00:00:00.0021548" startTime="2012-04-04T20:24:47.2121280+03:00" endTime="2012-04-04T20:24:47.2211286+03:00" testType="13cdc9d9-ddb5-4fa4-a97d-d965ccfc6d4b" outcome="Failed" testListId="8c84fa94-04c1-424b-9868-57a2d4851a1d" relativeResultsDirectory="bfc8498d-84a8-4c3d-b876-c3f5f2ebdcbd">
      <Output>
        <ErrorInfo>
          <Message>Метод проверки EnumerableTest.TaskTest.GetSumOfVectors_Should_Return_Right_Results выдал исключение: System.NotImplementedException: Метод или операция не реализована..</Message>
          <StackTrace>    в EnumerableTask.Task.GetSumOfVectors(IEnumerable`1 vector1, IEnumerable`1 vector2) в F:\учеба\ASP_EPAM\Day6.Workshop\Enumerable\Task.cs:строка 683
   в EnumerableTest.TaskTest.GetSumOfVectorsTest(IEnumerable`1 v1, IEnumerable`1 v2, IEnumerable`1 expected, String assertMessage) в F:\учеба\ASP_EPAM\Day6.Workshop\EnumerableTest\TaskTest.cs:строка 1106
   в EnumerableTest.TaskTest.GetSumOfVectors_Should_Return_Right_Results() в F:\учеба\ASP_EPAM\Day6.Workshop\EnumerableTest\TaskTest.cs:строка 1113
</StackTrace>
        </ErrorInfo>
      </Output>
    </UnitTestResult>
    <UnitTestResult executionId="95902779-dae6-4d31-a141-b7af0c8e9324" testId="d1002e82-3a94-1810-4291-c7e3a753bb07" testName="AreNumericListsEqual_Should_Return_Right_Results" computerName="VASELOK-ПК" duration="00:00:00.0012786" startTime="2012-04-04T20:24:47.2251288+03:00" endTime="2012-04-04T20:24:47.2311291+03:00" testType="13cdc9d9-ddb5-4fa4-a97d-d965ccfc6d4b" outcome="Passed" testListId="8c84fa94-04c1-424b-9868-57a2d4851a1d" relativeResultsDirectory="95902779-dae6-4d31-a141-b7af0c8e9324">
    </UnitTestResult>
    <UnitTestResult executionId="5814a259-1ef4-4f46-a015-4cf334d925b9" testId="d46cfb58-bf8e-887e-ce38-565d152e39c9" testName="GetCountOfStringsWithLengthEqualsTo3_Should_Return_Right_Result" computerName="VASELOK-ПК" duration="00:00:00.0007782" startTime="2012-04-04T20:24:47.2331292+03:00" endTime="2012-04-04T20:24:47.2391296+03:00" testType="13cdc9d9-ddb5-4fa4-a97d-d965ccfc6d4b" outcome="Passed" testListId="8c84fa94-04c1-424b-9868-57a2d4851a1d" relativeResultsDirectory="5814a259-1ef4-4f46-a015-4cf334d925b9">
    </UnitTestResult>
    <UnitTestResult executionId="dd26ccde-0017-460e-9940-537dc07a6cdf" testId="e24fc1e5-5dfe-c952-0f03-ee2451eb399e" testName="GetProductOfVectors_Should_Return_Right_Results" computerName="VASELOK-ПК" duration="00:00:00.0022429" startTime="2012-04-04T20:24:47.2401296+03:00" endTime="2012-04-04T20:24:47.2481301+03:00" testType="13cdc9d9-ddb5-4fa4-a97d-d965ccfc6d4b" outcome="Failed" testListId="8c84fa94-04c1-424b-9868-57a2d4851a1d" relativeResultsDirectory="dd26ccde-0017-460e-9940-537dc07a6cdf">
      <Output>
        <ErrorInfo>
          <Message>Метод проверки EnumerableTest.TaskTest.GetProductOfVectors_Should_Return_Right_Results выдал исключение: System.NotImplementedException: Метод или операция не реализована..</Message>
          <StackTrace>    в EnumerableTask.Task.GetProductOfVectors(IEnumerable`1 vector1, IEnumerable`1 vector2) в F:\учеба\ASP_EPAM\Day6.Workshop\Enumerable\Task.cs:строка 702
   в EnumerableTest.TaskTest.GetProductOfVectorsTest(IEnumerable`1 v1, IEnumerable`1 v2, Int32 expected, String assertMessage) в F:\учеба\ASP_EPAM\Day6.Workshop\EnumerableTest\TaskTest.cs:строка 1138
   в EnumerableTest.TaskTest.GetProductOfVectors_Should_Return_Right_Results() в F:\учеба\ASP_EPAM\Day6.Workshop\EnumerableTest\TaskTest.cs:строка 1145
</StackTrace>
        </ErrorInfo>
      </Output>
    </UnitTestResult>
    <UnitTestResult executionId="0995c9f0-e52e-4d89-9a96-e35cc4ebe1c5" testId="e48b642c-09f4-0102-7220-3b8e7ff37c88" testName="GetEvenItems_Should_Return_EvenItems" computerName="VASELOK-ПК" duration="00:00:00.0003540" startTime="2012-04-04T20:24:47.2501302+03:00" endTime="2012-04-04T20:24:47.2551305+03:00" testType="13cdc9d9-ddb5-4fa4-a97d-d965ccfc6d4b" outcome="Passed" testListId="8c84fa94-04c1-424b-9868-57a2d4851a1d" relativeResultsDirectory="0995c9f0-e52e-4d89-9a96-e35cc4ebe1c5">
    </UnitTestResult>
    <UnitTestResult executionId="79987057-56b6-40ca-ad0e-12667ab73f8f" testId="e649b2f4-e915-f12f-449b-cca2c13f2de3" testName="GetStringsOnly_Should_Return_Right_Results" computerName="VASELOK-ПК" duration="00:00:00.0007598" startTime="2012-04-04T20:24:47.2571306+03:00" endTime="2012-04-04T20:24:47.2631310+03:00" testType="13cdc9d9-ddb5-4fa4-a97d-d965ccfc6d4b" outcome="Passed" testListId="8c84fa94-04c1-424b-9868-57a2d4851a1d" relativeResultsDirectory="79987057-56b6-40ca-ad0e-12667ab73f8f">
    </UnitTestResult>
  </Results>
</TestRun>