<?xml version="1.0" encoding="utf-8" standalone="no"?>
<!--This file represents the results of running a test suite-->
<test-results name="e:\#Worckspace\#Training\OlegKlevzhic\My.Calculator\My.Calculator.Tests\bin\Debug\My.Calculator.Tests.exe" total="6" errors="0" failures="0" not-run="0" inconclusive="0" ignored="0" skipped="0" invalid="0" date="2012-03-15" time="23:24:47">
  <environment nunit-version="2.6.0.12051" clr-version="4.0.30319.239" os-version="Microsoft Windows NT 6.1.7601 Service Pack 1" platform="Win32NT" cwd="e:\#Worckspace\#Training\OlegKlevzhic\My.Calculator\My.Calculator.Tests\bin\Debug" machine-name="PC-ASSASSIN" user="Assassin" user-domain="PC-Assassin" />
  <culture-info current-culture="ru-RU" current-uiculture="ru-RU" />
  <test-suite type="Assembly" name="e:\#Worckspace\#Training\OlegKlevzhic\My.Calculator\My.Calculator.Tests\bin\Debug\My.Calculator.Tests.exe" executed="True" result="Success" success="True" time="2.900" asserts="0">
    <results>
      <test-suite type="Namespace" name="My" executed="True" result="Success" success="True" time="2.884" asserts="0">
        <results>
          <test-suite type="Namespace" name="Calculator" executed="True" result="Success" success="True" time="2.884" asserts="0">
            <results>
              <test-suite type="Namespace" name="Tests" executed="True" result="Success" success="True" time="2.884" asserts="0">
                <results>
                  <test-suite type="Namespace" name="CalculatorComplex" executed="True" result="Success" success="True" time="2.884" asserts="0">
                    <results>
                      <test-suite type="TestFixture" name="Tests" executed="True" result="Success" success="True" time="2.884" asserts="0">
                        <results>
                          <test-case name="My.Calculator.Tests.CalculatorComplex.Tests.AddTest" executed="True" result="Success" success="True" time="0.081" asserts="1" />
                          <test-case name="My.Calculator.Tests.CalculatorComplex.Tests.DivideByZeroTest" executed="True" result="Success" success="True" time="2.783" asserts="0" />
                          <test-case name="My.Calculator.Tests.CalculatorComplex.Tests.DivideTest" executed="True" result="Success" success="True" time="0.000" asserts="1" />
                          <test-case name="My.Calculator.Tests.CalculatorComplex.Tests.Equals" executed="True" result="Success" success="True" time="0.000" asserts="2" />
                          <test-case name="My.Calculator.Tests.CalculatorComplex.Tests.MultiplyTest" executed="True" result="Success" success="True" time="0.016" asserts="1" />
                          <test-case name="My.Calculator.Tests.CalculatorComplex.Tests.SubtrachtTest" executed="True" result="Success" success="True" time="0.000" asserts="1" />
                        </results>
                      </test-suite>
                    </results>
                  </test-suite>
                </results>
              </test-suite>
            </results>
          </test-suite>
        </results>
      </test-suite>
    </results>
  </test-suite>
</test-results>