<?xml version="1.0" encoding="utf-8" standalone="no"?>
<!--This file represents the results of running a test suite-->
<test-results name="D:\Dropbox\My Docs\RegEx\TestRegEx\bin\Debug\TestRegEx.dll" total="15" errors="0" failures="0" not-run="0" inconclusive="0" ignored="0" skipped="0" invalid="0" date="2012-03-28" time="09:55:10">
  <environment nunit-version="2.6.0.12051" clr-version="2.0.50727.3625" os-version="Microsoft Windows NT 5.1.2600 Service Pack 3" platform="Win32NT" cwd="D:\Dropbox\My Docs\RegEx\TestRegEx\bin\Debug" machine-name="BPKX104" user="Bpkx1041" user-domain="BPKX104" />
  <culture-info current-culture="ru-RU" current-uiculture="ru-RU" />
  <test-suite type="Assembly" name="D:\Dropbox\My Docs\RegEx\TestRegEx\bin\Debug\TestRegEx.dll" executed="True" result="Success" success="True" time="0.953" asserts="0">
    <results>
      <test-suite type="Namespace" name="TestRegEx" executed="True" result="Success" success="True" time="0.938" asserts="0">
        <results>
          <test-suite type="TestFixture" name="MyRegExTests" executed="True" result="Success" success="True" time="0.938" asserts="0">
            <results>
              <test-case name="TestRegEx.MyRegExTests.CheckWhiteSpace" executed="True" result="Success" success="True" time="0.203" asserts="1" />
              <test-case name="TestRegEx.MyRegExTests.TestCountOfSentences" executed="True" result="Success" success="True" time="0.000" asserts="1" />
              <test-case name="TestRegEx.MyRegExTests.TestCountOfWords" executed="True" result="Success" success="True" time="0.000" asserts="1" />
              <test-case name="TestRegEx.MyRegExTests.TestDateReplace" executed="True" result="Success" success="True" time="0.000" asserts="1" />
              <test-case name="TestRegEx.MyRegExTests.TestGetCountOFFoundWords" executed="True" result="Success" success="True" time="0.000" asserts="1" />
              <test-case name="TestRegEx.MyRegExTests.TestGetFileName" executed="True" result="Success" success="True" time="0.000" asserts="1" />
              <test-case name="TestRegEx.MyRegExTests.TestMailReplace" executed="True" result="Success" success="True" time="0.000" asserts="1" />
              <test-case name="TestRegEx.MyRegExTests.TestRemoveHTMLTags" executed="True" result="Success" success="True" time="0.000" asserts="1" />
              <test-case name="TestRegEx.MyRegExTests.TestRemoveWhiteSpaces" executed="True" result="Success" success="True" time="0.000" asserts="1" />
              <test-case name="TestRegEx.MyRegExTests.TestReplaceBucks" executed="True" result="Success" success="True" time="0.000" asserts="1" />
              <test-case name="TestRegEx.MyRegExTests.TestReplaceCode" executed="True" result="Success" success="True" time="0.000" asserts="1" />
              <test-case name="TestRegEx.MyRegExTests.TestReplaceNumber" executed="True" result="Success" success="True" time="0.000" asserts="1" />
              <test-case name="TestRegEx.MyRegExTests.TestReplaceQuotes" executed="True" result="Success" success="True" time="0.000" asserts="1" />
              <test-case name="TestRegEx.MyRegExTests.TestSelectWords" executed="True" result="Success" success="True" time="0.188" asserts="1" />
              <test-case name="TestRegEx.MyRegExTests.TestURLReplace" executed="True" result="Success" success="True" time="0.000" asserts="1" />
            </results>
          </test-suite>
        </results>
      </test-suite>
    </results>
  </test-suite>
</test-results>