<?xml version="1.0" encoding="UTF-8"?>
<TestRun id="273835a3-1be3-4fc0-b803-53d431d734d8" name="vaselOK@VASELOK-ПК 2012-04-04 20:25:57" runUser="vaselOK-ПК\vaselOK" xmlns="http://microsoft.com/schemas/VisualStudio/TeamTest/2010">
  <TestSettings name="Параметры тестирования по умолчанию" id="b78b1ba8-7fe3-400f-9300-3f1640bb01e8">
    <Deployment runDeploymentRoot="vaselOK_VASELOK-ПК 2012-04-04 20_25_57">
      <DeploymentItem filename="F:\учеба\ASP_EPAM\Day6.Workshop\Enumerable\bin\Debug\Enumerable.dll" />
    </Deployment>
    <Execution>
      <TestTypeSpecific />
      <AgentRule name="Execution Agents">
      </AgentRule>
    </Execution>
  </TestSettings>
  <Times creation="2012-04-04T20:25:57.6431565+03:00" queuing="2012-04-04T20:25:57.9201723+03:00" start="2012-04-04T20:25:57.9381733+03:00" finish="2012-04-04T20:25:59.0622376+03:00" />
  <ResultSummary outcome="Failed">
    <Counters total="41" executed="41" passed="32" error="0" failed="9" timeout="0" aborted="0" inconclusive="0" passedButRunAborted="0" notRunnable="0" notExecuted="0" disconnected="0" warning="0" completed="0" inProgress="0" pending="0" />
  </ResultSummary>
  <TestDefinitions>
    <UnitTest name="GetCountOfStrings_Should_Return_Right_Result" storage="f:\учеба\asp_epam\day6.workshop\enumerabletest\bin\debug\enumerabletest.dll" id="045fb746-ba3d-711e-94ba-3ded5d205be1">
      <TestCategory>
        <TestCategoryItem TestCategory="GetCountOfStrings" />
      </TestCategory>
      <Execution id="a8da30b3-e0f7-484e-af77-84e363e60f63" />
      <TestMethod codeBase="F:/учеба/ASP_EPAM/Day6.Workshop/EnumerableTest/bin/Debug/EnumerableTest.DLL" adapterTypeName="Microsoft.VisualStudio.TestTools.TestTypes.Unit.UnitTestAdapter, Microsoft.VisualStudio.QualityTools.Tips.UnitTest.Adapter, Version=10.0.0.0, Culture=neutral, PublicKeyToken=b03f5f7f11d50a3a" className="EnumerableTest.TaskTest, EnumerableTest, Version=0.0.0.0, Culture=neutral, PublicKeyToken=null" name="GetCountOfStrings_Should_Return_Right_Result" />
    </UnitTest>
    <UnitTest name="GetNextVersionFromList_Should_Return_Right_Results" storage="f:\учеба\asp_epam\day6.workshop\enumerabletest\bin\debug\enumerabletest.dll" id="b71c9ec6-625b-4e8f-1ec8-f546c24b3cdd">
      <TestCategory>
        <TestCategoryItem TestCategory="GetNextVersionFromList" />
      </TestCategory>
      <Execution id="07e0997f-798e-44a4-9bfc-a3de74aa0949" />
      <TestMethod codeBase="F:/учеба/ASP_EPAM/Day6.Workshop/EnumerableTest/bin/Debug/EnumerableTest.DLL" adapterTypeName="Microsoft.VisualStudio.TestTools.TestTypes.Unit.UnitTestAdapter, Microsoft.VisualStudio.QualityTools.Tips.UnitTest.Adapter, Version=10.0.0.0, Culture=neutral, PublicKeyToken=b03f5f7f11d50a3a" className="EnumerableTest.TaskTest, EnumerableTest, Version=0.0.0.0, Culture=neutral, PublicKeyToken=null" name="GetNextVersionFromList_Should_Return_Right_Results" />
    </UnitTest>
    <UnitTest name="GetSumOfVectors_Should_Return_Right_Results" storage="f:\учеба\asp_epam\day6.workshop\enumerabletest\bin\debug\enumerabletest.dll" id="cfe08222-f6de-0def-88d5-c5148407d1d3">
      <TestCategory>
        <TestCategoryItem TestCategory="GetSumOfVectors" />
      </TestCategory>
      <Execution id="e7821f17-e780-43cd-86d4-8a1543bd864b" />
      <TestMethod codeBase="F:/учеба/ASP_EPAM/Day6.Workshop/EnumerableTest/bin/Debug/EnumerableTest.DLL" adapterTypeName="Microsoft.VisualStudio.TestTools.TestTypes.Unit.UnitTestAdapter, Microsoft.VisualStudio.QualityTools.Tips.UnitTest.Adapter, Version=10.0.0.0, Culture=neutral, PublicKeyToken=b03f5f7f11d50a3a" className="EnumerableTest.TaskTest, EnumerableTest, Version=0.0.0.0, Culture=neutral, PublicKeyToken=null" name="GetSumOfVectors_Should_Return_Right_Results" />
    </UnitTest>
    <UnitTest name="GetPrefixItems_Should_Raise_Exception_If_Prefix_Is_Null" storage="f:\учеба\asp_epam\day6.workshop\enumerabletest\bin\debug\enumerabletest.dll" id="608e8c24-666d-dcf7-c02c-68d28a471684">
      <TestCategory>
        <TestCategoryItem TestCategory="GetPrefixItems" />
      </TestCategory>
      <Execution id="5e6c452d-60b9-4469-8fc7-938cdca0a4ff" />
      <TestMethod codeBase="F:/учеба/ASP_EPAM/Day6.Workshop/EnumerableTest/bin/Debug/EnumerableTest.DLL" adapterTypeName="Microsoft.VisualStudio.TestTools.TestTypes.Unit.UnitTestAdapter, Microsoft.VisualStudio.QualityTools.Tips.UnitTest.Adapter, Version=10.0.0.0, Culture=neutral, PublicKeyToken=b03f5f7f11d50a3a" className="EnumerableTest.TaskTest, EnumerableTest, Version=0.0.0.0, Culture=neutral, PublicKeyToken=null" name="GetPrefixItems_Should_Raise_Exception_If_Prefix_Is_Null" />
    </UnitTest>
    <UnitTest name="GetCountOfGreaterThen10_Should_Return_Right_Result" storage="f:\учеба\asp_epam\day6.workshop\enumerabletest\bin\debug\enumerabletest.dll" id="1a3ca12f-fd40-063e-1b5e-7b7cacc7a8f9">
      <TestCategory>
        <TestCategoryItem TestCategory="GetCountOfGreaterThen10" />
      </TestCategory>
      <Execution id="81241718-ab10-43a0-8cae-533f3ae37390" />
      <TestMethod codeBase="F:/учеба/ASP_EPAM/Day6.Workshop/EnumerableTest/bin/Debug/EnumerableTest.DLL" adapterTypeName="Microsoft.VisualStudio.TestTools.TestTypes.Unit.UnitTestAdapter, Microsoft.VisualStudio.QualityTools.Tips.UnitTest.Adapter, Version=10.0.0.0, Culture=neutral, PublicKeyToken=b03f5f7f11d50a3a" className="EnumerableTest.TaskTest, EnumerableTest, Version=0.0.0.0, Culture=neutral, PublicKeyToken=null" name="GetCountOfGreaterThen10_Should_Return_Right_Result" />
    </UnitTest>
    <UnitTest name="GetQuarterSales_Should_Return_Right_Results" storage="f:\учеба\asp_epam\day6.workshop\enumerabletest\bin\debug\enumerabletest.dll" id="59cfd53f-f7e3-6314-32be-e4ed7905d52b">
      <TestCategory>
        <TestCategoryItem TestCategory="GetQuarterSales" />
      </TestCategory>
      <Execution id="220a9743-af88-449e-aa65-c698c8ea9015" />
      <TestMethod codeBase="F:/учеба/ASP_EPAM/Day6.Workshop/EnumerableTest/bin/Debug/EnumerableTest.DLL" adapterTypeName="Microsoft.VisualStudio.TestTools.TestTypes.Unit.UnitTestAdapter, Microsoft.VisualStudio.QualityTools.Tips.UnitTest.Adapter, Version=10.0.0.0, Culture=neutral, PublicKeyToken=b03f5f7f11d50a3a" className="EnumerableTest.TaskTest, EnumerableTest, Version=0.0.0.0, Culture=neutral, PublicKeyToken=null" name="GetQuarterSales_Should_Return_Right_Results" />
    </UnitTest>
    <UnitTest name="GetProductOfVectors_Should_Return_Right_Results" storage="f:\учеба\asp_epam\day6.workshop\enumerabletest\bin\debug\enumerabletest.dll" id="e24fc1e5-5dfe-c952-0f03-ee2451eb399e">
      <TestCategory>
        <TestCategoryItem TestCategory="GetProductOfVectors" />
      </TestCategory>
      <Execution id="b834ac0d-75ca-4a85-ac5c-25858330196b" />
      <TestMethod codeBase="F:/учеба/ASP_EPAM/Day6.Workshop/EnumerableTest/bin/Debug/EnumerableTest.DLL" adapterTypeName="Microsoft.VisualStudio.TestTools.TestTypes.Unit.UnitTestAdapter, Microsoft.VisualStudio.QualityTools.Tips.UnitTest.Adapter, Version=10.0.0.0, Culture=neutral, PublicKeyToken=b03f5f7f11d50a3a" className="EnumerableTest.TaskTest, EnumerableTest, Version=0.0.0.0, Culture=neutral, PublicKeyToken=null" name="GetProductOfVectors_Should_Return_Right_Results" />
    </UnitTest>
    <UnitTest name="GetUsedChars_Should_Return_List_of_Chars" storage="f:\учеба\asp_epam\day6.workshop\enumerabletest\bin\debug\enumerabletest.dll" id="4dae8c9f-c963-a4c7-f99c-6845e83c59e5">
      <TestCategory>
        <TestCategoryItem TestCategory="GetUsedChars" />
      </TestCategory>
      <Execution id="f37fe0b9-2192-44e4-a607-4c75cb37673d" />
      <TestMethod codeBase="F:/учеба/ASP_EPAM/Day6.Workshop/EnumerableTest/bin/Debug/EnumerableTest.DLL" adapterTypeName="Microsoft.VisualStudio.TestTools.TestTypes.Unit.UnitTestAdapter, Microsoft.VisualStudio.QualityTools.Tips.UnitTest.Adapter, Version=10.0.0.0, Culture=neutral, PublicKeyToken=b03f5f7f11d50a3a" className="EnumerableTest.TaskTest, EnumerableTest, Version=0.0.0.0, Culture=neutral, PublicKeyToken=null" name="GetUsedChars_Should_Return_List_of_Chars" />
    </UnitTest>
    <UnitTest name="GetDigitCharsCount_Should_Return_Number_Of_Digit_Chars" storage="f:\учеба\asp_epam\day6.workshop\enumerabletest\bin\debug\enumerabletest.dll" id="b49786a5-3674-e883-0aa2-b7b8dd7bac3c">
      <TestCategory>
        <TestCategoryItem TestCategory="GetDigitCharsCount" />
      </TestCategory>
      <Execution id="00f7a218-f410-48a7-ab27-374bd003e33b" />
      <TestMethod codeBase="F:/учеба/ASP_EPAM/Day6.Workshop/EnumerableTest/bin/Debug/EnumerableTest.DLL" adapterTypeName="Microsoft.VisualStudio.TestTools.TestTypes.Unit.UnitTestAdapter, Microsoft.VisualStudio.QualityTools.Tips.UnitTest.Adapter, Version=10.0.0.0, Culture=neutral, PublicKeyToken=b03f5f7f11d50a3a" className="EnumerableTest.TaskTest, EnumerableTest, Version=0.0.0.0, Culture=neutral, PublicKeyToken=null" name="GetDigitCharsCount_Should_Return_Number_Of_Digit_Chars" />
    </UnitTest>
    <UnitTest name="GetSquareSequence_Should_Return_Square_Items" storage="f:\учеба\asp_epam\day6.workshop\enumerabletest\bin\debug\enumerabletest.dll" id="43c72a8d-c049-5b37-79ec-2fc27da8bc8d">
      <TestCategory>
        <TestCategoryItem TestCategory="GetSquareSequence" />
      </TestCategory>
      <Execution id="377482c0-0487-4236-bd69-8c897983cc58" />
      <TestMethod codeBase="F:/учеба/ASP_EPAM/Day6.Workshop/EnumerableTest/bin/Debug/EnumerableTest.DLL" adapterTypeName="Microsoft.VisualStudio.TestTools.TestTypes.Unit.UnitTestAdapter, Microsoft.VisualStudio.QualityTools.Tips.UnitTest.Adapter, Version=10.0.0.0, Culture=neutral, PublicKeyToken=b03f5f7f11d50a3a" className="EnumerableTest.TaskTest, EnumerableTest, Version=0.0.0.0, Culture=neutral, PublicKeyToken=null" name="GetSquareSequence_Should_Return_Square_Items" />
    </UnitTest>
    <UnitTest name="GetPrefixItems_Should_Return_Items_Started_With_Required_Prefix" storage="f:\учеба\asp_epam\day6.workshop\enumerabletest\bin\debug\enumerabletest.dll" id="5b75b77b-328e-1e07-812e-ae5858f99375">
      <TestCategory>
        <TestCategoryItem TestCategory="GetPrefixItems" />
      </TestCategory>
      <Execution id="1f46a490-8af9-45eb-b39e-15e41c024b4c" />
      <TestMethod codeBase="F:/учеба/ASP_EPAM/Day6.Workshop/EnumerableTest/bin/Debug/EnumerableTest.DLL" adapterTypeName="Microsoft.VisualStudio.TestTools.TestTypes.Unit.UnitTestAdapter, Microsoft.VisualStudio.QualityTools.Tips.UnitTest.Adapter, Version=10.0.0.0, Culture=neutral, PublicKeyToken=b03f5f7f11d50a3a" className="EnumerableTest.TaskTest, EnumerableTest, Version=0.0.0.0, Culture=neutral, PublicKeyToken=null" name="GetPrefixItems_Should_Return_Items_Started_With_Required_Prefix" />
    </UnitTest>
    <UnitTest name="GetFirstNegativeSubsequence_Should_Return_Right_Results" storage="f:\учеба\asp_epam\day6.workshop\enumerabletest\bin\debug\enumerabletest.dll" id="493d7ab6-74be-557c-936e-edf421905239">
      <TestCategory>
        <TestCategoryItem TestCategory="GetFirstNegativeSubsequence" />
      </TestCategory>
      <Execution id="087febd1-ff53-4aa2-9f44-cc6111ac594b" />
      <TestMethod codeBase="F:/учеба/ASP_EPAM/Day6.Workshop/EnumerableTest/bin/Debug/EnumerableTest.DLL" adapterTypeName="Microsoft.VisualStudio.TestTools.TestTypes.Unit.UnitTestAdapter, Microsoft.VisualStudio.QualityTools.Tips.UnitTest.Adapter, Version=10.0.0.0, Culture=neutral, PublicKeyToken=b03f5f7f11d50a3a" className="EnumerableTest.TaskTest, EnumerableTest, Version=0.0.0.0, Culture=neutral, PublicKeyToken=null" name="GetFirstNegativeSubsequence_Should_Return_Right_Results" />
    </UnitTest>
    <UnitTest name="GetCountOfStringsWithMaxLenght_Should_Return_Right_Result" storage="f:\учеба\asp_epam\day6.workshop\enumerabletest\bin\debug\enumerabletest.dll" id="c16c7d47-220f-99a7-bc0c-07aa9bd68b77">
      <TestCategory>
        <TestCategoryItem TestCategory="GetCountOfStringsWithMaxLenght" />
      </TestCategory>
      <Execution id="6ddcbc59-9d1b-4ad2-a4d8-ec04914429dc" />
      <TestMethod codeBase="F:/учеба/ASP_EPAM/Day6.Workshop/EnumerableTest/bin/Debug/EnumerableTest.DLL" adapterTypeName="Microsoft.VisualStudio.TestTools.TestTypes.Unit.UnitTestAdapter, Microsoft.VisualStudio.QualityTools.Tips.UnitTest.Adapter, Version=10.0.0.0, Culture=neutral, PublicKeyToken=b03f5f7f11d50a3a" className="EnumerableTest.TaskTest, EnumerableTest, Version=0.0.0.0, Culture=neutral, PublicKeyToken=null" name="GetCountOfStringsWithMaxLenght_Should_Return_Right_Result" />
    </UnitTest>
    <UnitTest name="GetPrefixItems_Should_Return_Empty_Sequence_If_No_Items_With_Required_Prefix" storage="f:\учеба\asp_epam\day6.workshop\enumerabletest\bin\debug\enumerabletest.dll" id="11c1deb1-0eef-696f-1bf1-9ebc7303fa37">
      <TestCategory>
        <TestCategoryItem TestCategory="GetPrefixItems" />
      </TestCategory>
      <Execution id="4cf64a4b-6be9-44c3-870c-794d967dd80e" />
      <TestMethod codeBase="F:/учеба/ASP_EPAM/Day6.Workshop/EnumerableTest/bin/Debug/EnumerableTest.DLL" adapterTypeName="Microsoft.VisualStudio.TestTools.TestTypes.Unit.UnitTestAdapter, Microsoft.VisualStudio.QualityTools.Tips.UnitTest.Adapter, Version=10.0.0.0, Culture=neutral, PublicKeyToken=b03f5f7f11d50a3a" className="EnumerableTest.TaskTest, EnumerableTest, Version=0.0.0.0, Culture=neutral, PublicKeyToken=null" name="GetPrefixItems_Should_Return_Empty_Sequence_If_No_Items_With_Required_Prefix" />
    </UnitTest>
    <UnitTest name="GetFirstContainsFirst_Should_Return_Right_Result" storage="f:\учеба\asp_epam\day6.workshop\enumerabletest\bin\debug\enumerabletest.dll" id="3e3e5339-fc6a-81ab-04d0-eac57d498273">
      <TestCategory>
        <TestCategoryItem TestCategory="GetFirstContainsFirst" />
      </TestCategory>
      <Execution id="a0ed0508-59da-4ac3-bde2-cc03946f5402" />
      <TestMethod codeBase="F:/учеба/ASP_EPAM/Day6.Workshop/EnumerableTest/bin/Debug/EnumerableTest.DLL" adapterTypeName="Microsoft.VisualStudio.TestTools.TestTypes.Unit.UnitTestAdapter, Microsoft.VisualStudio.QualityTools.Tips.UnitTest.Adapter, Version=10.0.0.0, Culture=neutral, PublicKeyToken=b03f5f7f11d50a3a" className="EnumerableTest.TaskTest, EnumerableTest, Version=0.0.0.0, Culture=neutral, PublicKeyToken=null" name="GetFirstContainsFirst_Should_Return_Right_Result" />
    </UnitTest>
    <UnitTest name="IsAllStringsAreUppercase_Should_Return_Right_Results" storage="f:\учеба\asp_epam\day6.workshop\enumerabletest\bin\debug\enumerabletest.dll" id="7341c297-c057-8ebe-50ef-d6d392dc16f5">
      <TestCategory>
        <TestCategoryItem TestCategory="IsAllStringsAreUppercase" />
      </TestCategory>
      <Execution id="c2d5df91-23e5-4500-98ff-6a7b11f66c38" />
      <TestMethod codeBase="F:/учеба/ASP_EPAM/Day6.Workshop/EnumerableTest/bin/Debug/EnumerableTest.DLL" adapterTypeName="Microsoft.VisualStudio.TestTools.TestTypes.Unit.UnitTestAdapter, Microsoft.VisualStudio.QualityTools.Tips.UnitTest.Adapter, Version=10.0.0.0, Culture=neutral, PublicKeyToken=b03f5f7f11d50a3a" className="EnumerableTest.TaskTest, EnumerableTest, Version=0.0.0.0, Culture=neutral, PublicKeyToken=null" name="IsAllStringsAreUppercase_Should_Return_Right_Results" />
    </UnitTest>
    <UnitTest name="Get3TopItems_Should_Return_Square_Items" storage="f:\учеба\asp_epam\day6.workshop\enumerabletest\bin\debug\enumerabletest.dll" id="4c54e396-1ddd-c0e2-8cd1-002e6ee61220">
      <TestCategory>
        <TestCategoryItem TestCategory="Get3TopItems" />
      </TestCategory>
      <Execution id="740f7055-6d2d-417e-b76d-fd3c25335509" />
      <TestMethod codeBase="F:/учеба/ASP_EPAM/Day6.Workshop/EnumerableTest/bin/Debug/EnumerableTest.DLL" adapterTypeName="Microsoft.VisualStudio.TestTools.TestTypes.Unit.UnitTestAdapter, Microsoft.VisualStudio.QualityTools.Tips.UnitTest.Adapter, Version=10.0.0.0, Culture=neutral, PublicKeyToken=b03f5f7f11d50a3a" className="EnumerableTest.TaskTest, EnumerableTest, Version=0.0.0.0, Culture=neutral, PublicKeyToken=null" name="Get3TopItems_Should_Return_Square_Items" />
    </UnitTest>
    <UnitTest name="GetCountOfStringsWithLengthEqualsTo3_Should_Return_Right_Result" storage="f:\учеба\asp_epam\day6.workshop\enumerabletest\bin\debug\enumerabletest.dll" id="d46cfb58-bf8e-887e-ce38-565d152e39c9">
      <TestCategory>
        <TestCategoryItem TestCategory="GetCountOfStringsWithLengthEqualsTo3" />
      </TestCategory>
      <Execution id="6d17d8b7-e768-466f-a11e-ee2f5d1bf2d4" />
      <TestMethod codeBase="F:/учеба/ASP_EPAM/Day6.Workshop/EnumerableTest/bin/Debug/EnumerableTest.DLL" adapterTypeName="Microsoft.VisualStudio.TestTools.TestTypes.Unit.UnitTestAdapter, Microsoft.VisualStudio.QualityTools.Tips.UnitTest.Adapter, Version=10.0.0.0, Culture=neutral, PublicKeyToken=b03f5f7f11d50a3a" className="EnumerableTest.TaskTest, EnumerableTest, Version=0.0.0.0, Culture=neutral, PublicKeyToken=null" name="GetCountOfStringsWithLengthEqualsTo3_Should_Return_Right_Result" />
    </UnitTest>
    <UnitTest name="CombineNumbersAndFruits_Should_Return_Right_Results" storage="f:\учеба\asp_epam\day6.workshop\enumerabletest\bin\debug\enumerabletest.dll" id="4aa0c7c0-5ae9-c68b-8fc7-21a64305d247">
      <TestCategory>
        <TestCategoryItem TestCategory="CombineNumbersAndFruits" />
      </TestCategory>
      <Execution id="a04cccb4-1371-42b5-abdc-900943474583" />
      <TestMethod codeBase="F:/учеба/ASP_EPAM/Day6.Workshop/EnumerableTest/bin/Debug/EnumerableTest.DLL" adapterTypeName="Microsoft.VisualStudio.TestTools.TestTypes.Unit.UnitTestAdapter, Microsoft.VisualStudio.QualityTools.Tips.UnitTest.Adapter, Version=10.0.0.0, Culture=neutral, PublicKeyToken=b03f5f7f11d50a3a" className="EnumerableTest.TaskTest, EnumerableTest, Version=0.0.0.0, Culture=neutral, PublicKeyToken=null" name="CombineNumbersAndFruits_Should_Return_Right_Results" />
    </UnitTest>
    <UnitTest name="GetStringOfSequence_Should_Return_Right_Results" storage="f:\учеба\asp_epam\day6.workshop\enumerabletest\bin\debug\enumerabletest.dll" id="068a35e1-babe-dd13-85ee-ce6cb79a6f86">
      <TestCategory>
        <TestCategoryItem TestCategory="GetStringOfSequence" />
      </TestCategory>
      <Execution id="1139fcc9-ca7d-42e2-8093-0ca0e56e759a" />
      <TestMethod codeBase="F:/учеба/ASP_EPAM/Day6.Workshop/EnumerableTest/bin/Debug/EnumerableTest.DLL" adapterTypeName="Microsoft.VisualStudio.TestTools.TestTypes.Unit.UnitTestAdapter, Microsoft.VisualStudio.QualityTools.Tips.UnitTest.Adapter, Version=10.0.0.0, Culture=neutral, PublicKeyToken=b03f5f7f11d50a3a" className="EnumerableTest.TaskTest, EnumerableTest, Version=0.0.0.0, Culture=neutral, PublicKeyToken=null" name="GetStringOfSequence_Should_Return_Right_Results" />
    </UnitTest>
    <UnitTest name="GetStringsOnly_Should_Return_Right_Results" storage="f:\учеба\asp_epam\day6.workshop\enumerabletest\bin\debug\enumerabletest.dll" id="e649b2f4-e915-f12f-449b-cca2c13f2de3">
      <TestCategory>
        <TestCategoryItem TestCategory="GetStringsOnly" />
      </TestCategory>
      <Execution id="f44acb78-0755-45c4-a5d5-1d8db6384fbf" />
      <TestMethod codeBase="F:/учеба/ASP_EPAM/Day6.Workshop/EnumerableTest/bin/Debug/EnumerableTest.DLL" adapterTypeName="Microsoft.VisualStudio.TestTools.TestTypes.Unit.UnitTestAdapter, Microsoft.VisualStudio.QualityTools.Tips.UnitTest.Adapter, Version=10.0.0.0, Culture=neutral, PublicKeyToken=b03f5f7f11d50a3a" className="EnumerableTest.TaskTest, EnumerableTest, Version=0.0.0.0, Culture=neutral, PublicKeyToken=null" name="GetStringsOnly_Should_Return_Right_Results" />
    </UnitTest>
    <UnitTest name="GetIEnumerableTypesNames_Should_Return_Right_Results" storage="f:\учеба\asp_epam\day6.workshop\enumerabletest\bin\debug\enumerabletest.dll" id="54bfe939-eff8-e58f-ab02-133227efae85">
      <TestCategory>
        <TestCategoryItem TestCategory="GetIEnumerableTypesNames" />
      </TestCategory>
      <Execution id="e5e9e775-ce25-4255-8696-5dbc84b99289" />
      <TestMethod codeBase="F:/учеба/ASP_EPAM/Day6.Workshop/EnumerableTest/bin/Debug/EnumerableTest.DLL" adapterTypeName="Microsoft.VisualStudio.TestTools.TestTypes.Unit.UnitTestAdapter, Microsoft.VisualStudio.QualityTools.Tips.UnitTest.Adapter, Version=10.0.0.0, Culture=neutral, PublicKeyToken=b03f5f7f11d50a3a" className="EnumerableTest.TaskTest, EnumerableTest, Version=0.0.0.0, Culture=neutral, PublicKeyToken=null" name="GetIEnumerableTypesNames_Should_Return_Right_Results" />
    </UnitTest>
    <UnitTest name="GetDigitCharsCount_Should_Throw_ArgumentException_If_data_Is_Null" storage="f:\учеба\asp_epam\day6.workshop\enumerabletest\bin\debug\enumerabletest.dll" id="3c334d4c-8dc8-d688-719d-596a1c04a356">
      <TestCategory>
        <TestCategoryItem TestCategory="GetDigitCharsCount" />
      </TestCategory>
      <Execution id="ac01ae9c-0791-405a-84f6-8e607cb02816" />
      <TestMethod codeBase="F:/учеба/ASP_EPAM/Day6.Workshop/EnumerableTest/bin/Debug/EnumerableTest.DLL" adapterTypeName="Microsoft.VisualStudio.TestTools.TestTypes.Unit.UnitTestAdapter, Microsoft.VisualStudio.QualityTools.Tips.UnitTest.Adapter, Version=10.0.0.0, Culture=neutral, PublicKeyToken=b03f5f7f11d50a3a" className="EnumerableTest.TaskTest, EnumerableTest, Version=0.0.0.0, Culture=neutral, PublicKeyToken=null" name="GetDigitCharsCount_Should_Throw_ArgumentException_If_data_Is_Null" />
    </UnitTest>
    <UnitTest name="GetUppercaseStrings_Should_Return_Uppercased_Strings" storage="f:\учеба\asp_epam\day6.workshop\enumerabletest\bin\debug\enumerabletest.dll" id="89ecf07f-9a5c-e329-78c4-b63b2fb8e2c9">
      <TestCategory>
        <TestCategoryItem TestCategory="GetUppercaseStrings" />
      </TestCategory>
      <Execution id="3e33f0e0-5788-4b6d-8d09-a0230a469f68" />
      <TestMethod codeBase="F:/учеба/ASP_EPAM/Day6.Workshop/EnumerableTest/bin/Debug/EnumerableTest.DLL" adapterTypeName="Microsoft.VisualStudio.TestTools.TestTypes.Unit.UnitTestAdapter, Microsoft.VisualStudio.QualityTools.Tips.UnitTest.Adapter, Version=10.0.0.0, Culture=neutral, PublicKeyToken=b03f5f7f11d50a3a" className="EnumerableTest.TaskTest, EnumerableTest, Version=0.0.0.0, Culture=neutral, PublicKeyToken=null" name="GetUppercaseStrings_Should_Return_Uppercased_Strings" />
    </UnitTest>
    <UnitTest name="GetAverageOfDoubleValues_Should_Return_Right_Results" storage="f:\учеба\asp_epam\day6.workshop\enumerabletest\bin\debug\enumerabletest.dll" id="490f9b19-ece3-4e52-4cc8-91678ac7e694">
      <TestCategory>
        <TestCategoryItem TestCategory="GetAverageOfDoubleValues" />
      </TestCategory>
      <Execution id="bd531382-4725-488b-bbaa-950958be2a4d" />
      <TestMethod codeBase="F:/учеба/ASP_EPAM/Day6.Workshop/EnumerableTest/bin/Debug/EnumerableTest.DLL" adapterTypeName="Microsoft.VisualStudio.TestTools.TestTypes.Unit.UnitTestAdapter, Microsoft.VisualStudio.QualityTools.Tips.UnitTest.Adapter, Version=10.0.0.0, Culture=neutral, PublicKeyToken=b03f5f7f11d50a3a" className="EnumerableTest.TaskTest, EnumerableTest, Version=0.0.0.0, Culture=neutral, PublicKeyToken=null" name="GetAverageOfDoubleValues_Should_Return_Right_Results" />
    </UnitTest>
    <UnitTest name="SortDigitNamesByNumericOrder_Should_Return_Right_Results" storage="f:\учеба\asp_epam\day6.workshop\enumerabletest\bin\debug\enumerabletest.dll" id="c12e3770-66b3-84f2-92aa-d27c4eb76039">
      <TestCategory>
        <TestCategoryItem TestCategory="SortDigitNamesByNumericOrder" />
      </TestCategory>
      <Execution id="6b761dcf-9634-4b25-9ff2-562db3564278" />
      <TestMethod codeBase="F:/учеба/ASP_EPAM/Day6.Workshop/EnumerableTest/bin/Debug/EnumerableTest.DLL" adapterTypeName="Microsoft.VisualStudio.TestTools.TestTypes.Unit.UnitTestAdapter, Microsoft.VisualStudio.QualityTools.Tips.UnitTest.Adapter, Version=10.0.0.0, Culture=neutral, PublicKeyToken=b03f5f7f11d50a3a" className="EnumerableTest.TaskTest, EnumerableTest, Version=0.0.0.0, Culture=neutral, PublicKeyToken=null" name="SortDigitNamesByNumericOrder_Should_Return_Right_Results" />
    </UnitTest>
    <UnitTest name="GetSpecificEventEntriesCount_Should_Return_Right_Result" storage="f:\учеба\asp_epam\day6.workshop\enumerabletest\bin\debug\enumerabletest.dll" id="4e8e8de7-9b72-0cbc-9ab1-45b0e90ac2f5">
      <TestCategory>
        <TestCategoryItem TestCategory="GetSpecificEventEntriesCount" />
      </TestCategory>
      <Execution id="0d0048a6-0dee-40bb-a57d-bdf4d1a4a979" />
      <TestMethod codeBase="F:/учеба/ASP_EPAM/Day6.Workshop/EnumerableTest/bin/Debug/EnumerableTest.DLL" adapterTypeName="Microsoft.VisualStudio.TestTools.TestTypes.Unit.UnitTestAdapter, Microsoft.VisualStudio.QualityTools.Tips.UnitTest.Adapter, Version=10.0.0.0, Culture=neutral, PublicKeyToken=b03f5f7f11d50a3a" className="EnumerableTest.TaskTest, EnumerableTest, Version=0.0.0.0, Culture=neutral, PublicKeyToken=null" name="GetSpecificEventEntriesCount_Should_Return_Right_Result" />
    </UnitTest>
    <UnitTest name="GetCommonChars_Should_Return_Right_Results" storage="f:\учеба\asp_epam\day6.workshop\enumerabletest\bin\debug\enumerabletest.dll" id="7b6e24df-00d3-a95f-ea51-95c29ba34c7e">
      <TestCategory>
        <TestCategoryItem TestCategory="GetCommonChars" />
      </TestCategory>
      <Execution id="50c9b522-ded2-419a-9450-eada9ecfbcac" />
      <TestMethod codeBase="F:/учеба/ASP_EPAM/Day6.Workshop/EnumerableTest/bin/Debug/EnumerableTest.DLL" adapterTypeName="Microsoft.VisualStudio.TestTools.TestTypes.Unit.UnitTestAdapter, Microsoft.VisualStudio.QualityTools.Tips.UnitTest.Adapter, Version=10.0.0.0, Culture=neutral, PublicKeyToken=b03f5f7f11d50a3a" className="EnumerableTest.TaskTest, EnumerableTest, Version=0.0.0.0, Culture=neutral, PublicKeyToken=null" name="GetCommonChars_Should_Return_Right_Results" />
    </UnitTest>
    <UnitTest name="GetTotalStringsLength_Should_Return_Right_Results" storage="f:\учеба\asp_epam\day6.workshop\enumerabletest\bin\debug\enumerabletest.dll" id="6555c6f9-4be4-2bb5-f66b-17e0ac806335">
      <TestCategory>
        <TestCategoryItem TestCategory="GetTotalStringsLength" />
      </TestCategory>
      <Execution id="7483f075-3d43-4465-99c9-29df46c008f5" />
      <TestMethod codeBase="F:/учеба/ASP_EPAM/Day6.Workshop/EnumerableTest/bin/Debug/EnumerableTest.DLL" adapterTypeName="Microsoft.VisualStudio.TestTools.TestTypes.Unit.UnitTestAdapter, Microsoft.VisualStudio.QualityTools.Tips.UnitTest.Adapter, Version=10.0.0.0, Culture=neutral, PublicKeyToken=b03f5f7f11d50a3a" className="EnumerableTest.TaskTest, EnumerableTest, Version=0.0.0.0, Culture=neutral, PublicKeyToken=null" name="GetTotalStringsLength_Should_Return_Right_Results" />
    </UnitTest>
    <UnitTest name="GetMissingDigits_Should_Return_Right_Results" storage="f:\учеба\asp_epam\day6.workshop\enumerabletest\bin\debug\enumerabletest.dll" id="4e4e92b1-cb43-4420-f1d2-e3e8be142f10">
      <TestCategory>
        <TestCategoryItem TestCategory="GetMissingDigits" />
      </TestCategory>
      <Execution id="993dde5d-e6b2-45de-b93f-0a7899ccbed3" />
      <TestMethod codeBase="F:/учеба/ASP_EPAM/Day6.Workshop/EnumerableTest/bin/Debug/EnumerableTest.DLL" adapterTypeName="Microsoft.VisualStudio.TestTools.TestTypes.Unit.UnitTestAdapter, Microsoft.VisualStudio.QualityTools.Tips.UnitTest.Adapter, Version=10.0.0.0, Culture=neutral, PublicKeyToken=b03f5f7f11d50a3a" className="EnumerableTest.TaskTest, EnumerableTest, Version=0.0.0.0, Culture=neutral, PublicKeyToken=null" name="GetMissingDigits_Should_Return_Right_Results" />
    </UnitTest>
    <UnitTest name="GetMovingSumSequence_Should_Return_Moving_Sum_Items" storage="f:\учеба\asp_epam\day6.workshop\enumerabletest\bin\debug\enumerabletest.dll" id="4c6c3795-2b19-e043-e7e0-26eaee4ec22d">
      <TestCategory>
        <TestCategoryItem TestCategory="GetMovingSumSequence" />
      </TestCategory>
      <Execution id="28d16a69-8e95-4f5e-8faa-ed0885ba43c5" />
      <TestMethod codeBase="F:/учеба/ASP_EPAM/Day6.Workshop/EnumerableTest/bin/Debug/EnumerableTest.DLL" adapterTypeName="Microsoft.VisualStudio.TestTools.TestTypes.Unit.UnitTestAdapter, Microsoft.VisualStudio.QualityTools.Tips.UnitTest.Adapter, Version=10.0.0.0, Culture=neutral, PublicKeyToken=b03f5f7f11d50a3a" className="EnumerableTest.TaskTest, EnumerableTest, Version=0.0.0.0, Culture=neutral, PublicKeyToken=null" name="GetMovingSumSequence_Should_Return_Moving_Sum_Items" />
    </UnitTest>
    <UnitTest name="GetIEnumerableTypesNames_Should_Throw_ArgumentNullException_If_assembly_Is_Null" storage="f:\учеба\asp_epam\day6.workshop\enumerabletest\bin\debug\enumerabletest.dll" id="0771890c-c3d7-dcba-b29b-00cbdda92306">
      <TestCategory>
        <TestCategoryItem TestCategory="GetIEnumerableTypesNames" />
      </TestCategory>
      <Execution id="4d29a315-3d8b-48b1-b68e-7afb7d760f6e" />
      <TestMethod codeBase="F:/учеба/ASP_EPAM/Day6.Workshop/EnumerableTest/bin/Debug/EnumerableTest.DLL" adapterTypeName="Microsoft.VisualStudio.TestTools.TestTypes.Unit.UnitTestAdapter, Microsoft.VisualStudio.QualityTools.Tips.UnitTest.Adapter, Version=10.0.0.0, Culture=neutral, PublicKeyToken=b03f5f7f11d50a3a" className="EnumerableTest.TaskTest, EnumerableTest, Version=0.0.0.0, Culture=neutral, PublicKeyToken=null" name="GetIEnumerableTypesNames_Should_Throw_ArgumentNullException_If_assembly_Is_Null" />
    </UnitTest>
    <UnitTest name="GetStringsLength_Should_Return_Strings_Length" storage="f:\учеба\asp_epam\day6.workshop\enumerabletest\bin\debug\enumerabletest.dll" id="a33a0fd4-ff4b-0e60-b661-e1b89609621a">
      <TestCategory>
        <TestCategoryItem TestCategory="GetStringsLength" />
      </TestCategory>
      <Execution id="f8570429-afa2-43c5-8d9a-aea37f2ce6ad" />
      <TestMethod codeBase="F:/учеба/ASP_EPAM/Day6.Workshop/EnumerableTest/bin/Debug/EnumerableTest.DLL" adapterTypeName="Microsoft.VisualStudio.TestTools.TestTypes.Unit.UnitTestAdapter, Microsoft.VisualStudio.QualityTools.Tips.UnitTest.Adapter, Version=10.0.0.0, Culture=neutral, PublicKeyToken=b03f5f7f11d50a3a" className="EnumerableTest.TaskTest, EnumerableTest, Version=0.0.0.0, Culture=neutral, PublicKeyToken=null" name="GetStringsLength_Should_Return_Strings_Length" />
    </UnitTest>
    <UnitTest name="AreNumericListsEqual_Should_Return_Right_Results" storage="f:\учеба\asp_epam\day6.workshop\enumerabletest\bin\debug\enumerabletest.dll" id="d1002e82-3a94-1810-4291-c7e3a753bb07">
      <TestCategory>
        <TestCategoryItem TestCategory="AreNumericListsEqual" />
      </TestCategory>
      <Execution id="48a3abd4-6346-4a2d-93d3-7a6d2435a620" />
      <TestMethod codeBase="F:/учеба/ASP_EPAM/Day6.Workshop/EnumerableTest/bin/Debug/EnumerableTest.DLL" adapterTypeName="Microsoft.VisualStudio.TestTools.TestTypes.Unit.UnitTestAdapter, Microsoft.VisualStudio.QualityTools.Tips.UnitTest.Adapter, Version=10.0.0.0, Culture=neutral, PublicKeyToken=b03f5f7f11d50a3a" className="EnumerableTest.TaskTest, EnumerableTest, Version=0.0.0.0, Culture=neutral, PublicKeyToken=null" name="AreNumericListsEqual_Should_Return_Right_Results" />
    </UnitTest>
    <UnitTest name="GetEvenItems_Should_Return_EvenItems" storage="f:\учеба\asp_epam\day6.workshop\enumerabletest\bin\debug\enumerabletest.dll" id="e48b642c-09f4-0102-7220-3b8e7ff37c88">
      <TestCategory>
        <TestCategoryItem TestCategory="GetEvenItems" />
      </TestCategory>
      <Execution id="d452fe2e-3b9f-4573-8cd4-6b4d22048a65" />
      <TestMethod codeBase="F:/учеба/ASP_EPAM/Day6.Workshop/EnumerableTest/bin/Debug/EnumerableTest.DLL" adapterTypeName="Microsoft.VisualStudio.TestTools.TestTypes.Unit.UnitTestAdapter, Microsoft.VisualStudio.QualityTools.Tips.UnitTest.Adapter, Version=10.0.0.0, Culture=neutral, PublicKeyToken=b03f5f7f11d50a3a" className="EnumerableTest.TaskTest, EnumerableTest, Version=0.0.0.0, Culture=neutral, PublicKeyToken=null" name="GetEvenItems_Should_Return_EvenItems" />
    </UnitTest>
    <UnitTest name="GetSumOfAllInts_Should_Return_Right_Results" storage="f:\учеба\asp_epam\day6.workshop\enumerabletest\bin\debug\enumerabletest.dll" id="bc926853-5e8d-4b91-f7a9-538af70e4dc9">
      <TestCategory>
        <TestCategoryItem TestCategory="GetSumOfAllInts" />
      </TestCategory>
      <Execution id="64c47813-1921-44d5-844c-1dfbc0c95c9e" />
      <TestMethod codeBase="F:/учеба/ASP_EPAM/Day6.Workshop/EnumerableTest/bin/Debug/EnumerableTest.DLL" adapterTypeName="Microsoft.VisualStudio.TestTools.TestTypes.Unit.UnitTestAdapter, Microsoft.VisualStudio.QualityTools.Tips.UnitTest.Adapter, Version=10.0.0.0, Culture=neutral, PublicKeyToken=b03f5f7f11d50a3a" className="EnumerableTest.TaskTest, EnumerableTest, Version=0.0.0.0, Culture=neutral, PublicKeyToken=null" name="GetSumOfAllInts_Should_Return_Right_Results" />
    </UnitTest>
    <UnitTest name="GetEvenItems_Should_Return_Empty_If_Sequence_Length_Is_Less_Than_2" storage="f:\учеба\asp_epam\day6.workshop\enumerabletest\bin\debug\enumerabletest.dll" id="a44f1187-d82a-d56b-ebad-aa457d19da97">
      <TestCategory>
        <TestCategoryItem TestCategory="GetEvenItems" />
      </TestCategory>
      <Execution id="53a29e41-eeec-4ef6-95b5-d520c7eb6924" />
      <TestMethod codeBase="F:/учеба/ASP_EPAM/Day6.Workshop/EnumerableTest/bin/Debug/EnumerableTest.DLL" adapterTypeName="Microsoft.VisualStudio.TestTools.TestTypes.Unit.UnitTestAdapter, Microsoft.VisualStudio.QualityTools.Tips.UnitTest.Adapter, Version=10.0.0.0, Culture=neutral, PublicKeyToken=b03f5f7f11d50a3a" className="EnumerableTest.TaskTest, EnumerableTest, Version=0.0.0.0, Culture=neutral, PublicKeyToken=null" name="GetEvenItems_Should_Return_Empty_If_Sequence_Length_Is_Less_Than_2" />
    </UnitTest>
    <UnitTest name="IsSequenceHasNulls_Should_Return_Right_Results" storage="f:\учеба\asp_epam\day6.workshop\enumerabletest\bin\debug\enumerabletest.dll" id="9d4bc957-b6ab-4cff-5705-277f192062d5">
      <TestCategory>
        <TestCategoryItem TestCategory="IsSequenceHasNulls" />
      </TestCategory>
      <Execution id="14abd5eb-dec5-493d-bea6-f56656636934" />
      <TestMethod codeBase="F:/учеба/ASP_EPAM/Day6.Workshop/EnumerableTest/bin/Debug/EnumerableTest.DLL" adapterTypeName="Microsoft.VisualStudio.TestTools.TestTypes.Unit.UnitTestAdapter, Microsoft.VisualStudio.QualityTools.Tips.UnitTest.Adapter, Version=10.0.0.0, Culture=neutral, PublicKeyToken=b03f5f7f11d50a3a" className="EnumerableTest.TaskTest, EnumerableTest, Version=0.0.0.0, Culture=neutral, PublicKeyToken=null" name="IsSequenceHasNulls_Should_Return_Right_Results" />
    </UnitTest>
    <UnitTest name="SortStringsByLengthAndAlphabet_Should_Return_Right_Results" storage="f:\учеба\asp_epam\day6.workshop\enumerabletest\bin\debug\enumerabletest.dll" id="83e0f4f5-fabe-f6d3-a9f0-71b579a2d736">
      <TestCategory>
        <TestCategoryItem TestCategory="SortStringsByLengthAndAlphabet" />
      </TestCategory>
      <Execution id="eaeb7dde-47f2-4b80-82c4-c16b6177c586" />
      <TestMethod codeBase="F:/учеба/ASP_EPAM/Day6.Workshop/EnumerableTest/bin/Debug/EnumerableTest.DLL" adapterTypeName="Microsoft.VisualStudio.TestTools.TestTypes.Unit.UnitTestAdapter, Microsoft.VisualStudio.QualityTools.Tips.UnitTest.Adapter, Version=10.0.0.0, Culture=neutral, PublicKeyToken=b03f5f7f11d50a3a" className="EnumerableTest.TaskTest, EnumerableTest, Version=0.0.0.0, Culture=neutral, PublicKeyToken=null" name="SortStringsByLengthAndAlphabet_Should_Return_Right_Results" />
    </UnitTest>
    <UnitTest name="PropagateItemsByPostionIndex_Should_Return_Right_Results" storage="f:\учеба\asp_epam\day6.workshop\enumerabletest\bin\debug\enumerabletest.dll" id="b2ed6984-7457-c58c-2e37-b04fc204b9b6">
      <TestCategory>
        <TestCategoryItem TestCategory="PropagateItemsByPostionIndex" />
      </TestCategory>
      <Execution id="34dfad02-23df-41b2-9416-a3dcfc62de14" />
      <TestMethod codeBase="F:/учеба/ASP_EPAM/Day6.Workshop/EnumerableTest/bin/Debug/EnumerableTest.DLL" adapterTypeName="Microsoft.VisualStudio.TestTools.TestTypes.Unit.UnitTestAdapter, Microsoft.VisualStudio.QualityTools.Tips.UnitTest.Adapter, Version=10.0.0.0, Culture=neutral, PublicKeyToken=b03f5f7f11d50a3a" className="EnumerableTest.TaskTest, EnumerableTest, Version=0.0.0.0, Culture=neutral, PublicKeyToken=null" name="PropagateItemsByPostionIndex_Should_Return_Right_Results" />
    </UnitTest>
    <UnitTest name="GetAllPairs_Should_Return_Right_Results" storage="f:\учеба\asp_epam\day6.workshop\enumerabletest\bin\debug\enumerabletest.dll" id="3a8fc5d7-2837-2826-9502-b64f8bc69515">
      <TestCategory>
        <TestCategoryItem TestCategory="GetAllPairs" />
      </TestCategory>
      <Execution id="d3980a54-d70e-4c8b-a624-81f78813726e" />
      <TestMethod codeBase="F:/учеба/ASP_EPAM/Day6.Workshop/EnumerableTest/bin/Debug/EnumerableTest.DLL" adapterTypeName="Microsoft.VisualStudio.TestTools.TestTypes.Unit.UnitTestAdapter, Microsoft.VisualStudio.QualityTools.Tips.UnitTest.Adapter, Version=10.0.0.0, Culture=neutral, PublicKeyToken=b03f5f7f11d50a3a" className="EnumerableTest.TaskTest, EnumerableTest, Version=0.0.0.0, Culture=neutral, PublicKeyToken=null" name="GetAllPairs_Should_Return_Right_Results" />
    </UnitTest>
  </TestDefinitions>
  <TestLists>
    <TestList name="Отсутствующие в списке результаты" id="8c84fa94-04c1-424b-9868-57a2d4851a1d" />
    <TestList name="Все загруженные результаты" id="19431567-8539-422a-85d7-44ee4e166bda" />
  </TestLists>
  <TestEntries>
    <TestEntry testId="045fb746-ba3d-711e-94ba-3ded5d205be1" executionId="a8da30b3-e0f7-484e-af77-84e363e60f63" testListId="8c84fa94-04c1-424b-9868-57a2d4851a1d" />
    <TestEntry testId="068a35e1-babe-dd13-85ee-ce6cb79a6f86" executionId="1139fcc9-ca7d-42e2-8093-0ca0e56e759a" testListId="8c84fa94-04c1-424b-9868-57a2d4851a1d" />
    <TestEntry testId="0771890c-c3d7-dcba-b29b-00cbdda92306" executionId="4d29a315-3d8b-48b1-b68e-7afb7d760f6e" testListId="8c84fa94-04c1-424b-9868-57a2d4851a1d" />
    <TestEntry testId="11c1deb1-0eef-696f-1bf1-9ebc7303fa37" executionId="4cf64a4b-6be9-44c3-870c-794d967dd80e" testListId="8c84fa94-04c1-424b-9868-57a2d4851a1d" />
    <TestEntry testId="1a3ca12f-fd40-063e-1b5e-7b7cacc7a8f9" executionId="81241718-ab10-43a0-8cae-533f3ae37390" testListId="8c84fa94-04c1-424b-9868-57a2d4851a1d" />
    <TestEntry testId="3a8fc5d7-2837-2826-9502-b64f8bc69515" executionId="d3980a54-d70e-4c8b-a624-81f78813726e" testListId="8c84fa94-04c1-424b-9868-57a2d4851a1d" />
    <TestEntry testId="3c334d4c-8dc8-d688-719d-596a1c04a356" executionId="ac01ae9c-0791-405a-84f6-8e607cb02816" testListId="8c84fa94-04c1-424b-9868-57a2d4851a1d" />
    <TestEntry testId="3e3e5339-fc6a-81ab-04d0-eac57d498273" executionId="a0ed0508-59da-4ac3-bde2-cc03946f5402" testListId="8c84fa94-04c1-424b-9868-57a2d4851a1d" />
    <TestEntry testId="43c72a8d-c049-5b37-79ec-2fc27da8bc8d" executionId="377482c0-0487-4236-bd69-8c897983cc58" testListId="8c84fa94-04c1-424b-9868-57a2d4851a1d" />
    <TestEntry testId="490f9b19-ece3-4e52-4cc8-91678ac7e694" executionId="bd531382-4725-488b-bbaa-950958be2a4d" testListId="8c84fa94-04c1-424b-9868-57a2d4851a1d" />
    <TestEntry testId="493d7ab6-74be-557c-936e-edf421905239" executionId="087febd1-ff53-4aa2-9f44-cc6111ac594b" testListId="8c84fa94-04c1-424b-9868-57a2d4851a1d" />
    <TestEntry testId="4aa0c7c0-5ae9-c68b-8fc7-21a64305d247" executionId="a04cccb4-1371-42b5-abdc-900943474583" testListId="8c84fa94-04c1-424b-9868-57a2d4851a1d" />
    <TestEntry testId="4c54e396-1ddd-c0e2-8cd1-002e6ee61220" executionId="740f7055-6d2d-417e-b76d-fd3c25335509" testListId="8c84fa94-04c1-424b-9868-57a2d4851a1d" />
    <TestEntry testId="4c6c3795-2b19-e043-e7e0-26eaee4ec22d" executionId="28d16a69-8e95-4f5e-8faa-ed0885ba43c5" testListId="8c84fa94-04c1-424b-9868-57a2d4851a1d" />
    <TestEntry testId="4dae8c9f-c963-a4c7-f99c-6845e83c59e5" executionId="f37fe0b9-2192-44e4-a607-4c75cb37673d" testListId="8c84fa94-04c1-424b-9868-57a2d4851a1d" />
    <TestEntry testId="4e4e92b1-cb43-4420-f1d2-e3e8be142f10" executionId="993dde5d-e6b2-45de-b93f-0a7899ccbed3" testListId="8c84fa94-04c1-424b-9868-57a2d4851a1d" />
    <TestEntry testId="4e8e8de7-9b72-0cbc-9ab1-45b0e90ac2f5" executionId="0d0048a6-0dee-40bb-a57d-bdf4d1a4a979" testListId="8c84fa94-04c1-424b-9868-57a2d4851a1d" />
    <TestEntry testId="54bfe939-eff8-e58f-ab02-133227efae85" executionId="e5e9e775-ce25-4255-8696-5dbc84b99289" testListId="8c84fa94-04c1-424b-9868-57a2d4851a1d" />
    <TestEntry testId="59cfd53f-f7e3-6314-32be-e4ed7905d52b" executionId="220a9743-af88-449e-aa65-c698c8ea9015" testListId="8c84fa94-04c1-424b-9868-57a2d4851a1d" />
    <TestEntry testId="5b75b77b-328e-1e07-812e-ae5858f99375" executionId="1f46a490-8af9-45eb-b39e-15e41c024b4c" testListId="8c84fa94-04c1-424b-9868-57a2d4851a1d" />
    <TestEntry testId="608e8c24-666d-dcf7-c02c-68d28a471684" executionId="5e6c452d-60b9-4469-8fc7-938cdca0a4ff" testListId="8c84fa94-04c1-424b-9868-57a2d4851a1d" />
    <TestEntry testId="6555c6f9-4be4-2bb5-f66b-17e0ac806335" executionId="7483f075-3d43-4465-99c9-29df46c008f5" testListId="8c84fa94-04c1-424b-9868-57a2d4851a1d" />
    <TestEntry testId="7341c297-c057-8ebe-50ef-d6d392dc16f5" executionId="c2d5df91-23e5-4500-98ff-6a7b11f66c38" testListId="8c84fa94-04c1-424b-9868-57a2d4851a1d" />
    <TestEntry testId="7b6e24df-00d3-a95f-ea51-95c29ba34c7e" executionId="50c9b522-ded2-419a-9450-eada9ecfbcac" testListId="8c84fa94-04c1-424b-9868-57a2d4851a1d" />
    <TestEntry testId="83e0f4f5-fabe-f6d3-a9f0-71b579a2d736" executionId="eaeb7dde-47f2-4b80-82c4-c16b6177c586" testListId="8c84fa94-04c1-424b-9868-57a2d4851a1d" />
    <TestEntry testId="89ecf07f-9a5c-e329-78c4-b63b2fb8e2c9" executionId="3e33f0e0-5788-4b6d-8d09-a0230a469f68" testListId="8c84fa94-04c1-424b-9868-57a2d4851a1d" />
    <TestEntry testId="9d4bc957-b6ab-4cff-5705-277f192062d5" executionId="14abd5eb-dec5-493d-bea6-f56656636934" testListId="8c84fa94-04c1-424b-9868-57a2d4851a1d" />
    <TestEntry testId="a33a0fd4-ff4b-0e60-b661-e1b89609621a" executionId="f8570429-afa2-43c5-8d9a-aea37f2ce6ad" testListId="8c84fa94-04c1-424b-9868-57a2d4851a1d" />
    <TestEntry testId="a44f1187-d82a-d56b-ebad-aa457d19da97" executionId="53a29e41-eeec-4ef6-95b5-d520c7eb6924" testListId="8c84fa94-04c1-424b-9868-57a2d4851a1d" />
    <TestEntry testId="b2ed6984-7457-c58c-2e37-b04fc204b9b6" executionId="34dfad02-23df-41b2-9416-a3dcfc62de14" testListId="8c84fa94-04c1-424b-9868-57a2d4851a1d" />
    <TestEntry testId="b49786a5-3674-e883-0aa2-b7b8dd7bac3c" executionId="00f7a218-f410-48a7-ab27-374bd003e33b" testListId="8c84fa94-04c1-424b-9868-57a2d4851a1d" />
    <TestEntry testId="b71c9ec6-625b-4e8f-1ec8-f546c24b3cdd" executionId="07e0997f-798e-44a4-9bfc-a3de74aa0949" testListId="8c84fa94-04c1-424b-9868-57a2d4851a1d" />
    <TestEntry testId="bc926853-5e8d-4b91-f7a9-538af70e4dc9" executionId="64c47813-1921-44d5-844c-1dfbc0c95c9e" testListId="8c84fa94-04c1-424b-9868-57a2d4851a1d" />
    <TestEntry testId="c12e3770-66b3-84f2-92aa-d27c4eb76039" executionId="6b761dcf-9634-4b25-9ff2-562db3564278" testListId="8c84fa94-04c1-424b-9868-57a2d4851a1d" />
    <TestEntry testId="c16c7d47-220f-99a7-bc0c-07aa9bd68b77" executionId="6ddcbc59-9d1b-4ad2-a4d8-ec04914429dc" testListId="8c84fa94-04c1-424b-9868-57a2d4851a1d" />
    <TestEntry testId="cfe08222-f6de-0def-88d5-c5148407d1d3" executionId="e7821f17-e780-43cd-86d4-8a1543bd864b" testListId="8c84fa94-04c1-424b-9868-57a2d4851a1d" />
    <TestEntry testId="d1002e82-3a94-1810-4291-c7e3a753bb07" executionId="48a3abd4-6346-4a2d-93d3-7a6d2435a620" testListId="8c84fa94-04c1-424b-9868-57a2d4851a1d" />
    <TestEntry testId="d46cfb58-bf8e-887e-ce38-565d152e39c9" executionId="6d17d8b7-e768-466f-a11e-ee2f5d1bf2d4" testListId="8c84fa94-04c1-424b-9868-57a2d4851a1d" />
    <TestEntry testId="e24fc1e5-5dfe-c952-0f03-ee2451eb399e" executionId="b834ac0d-75ca-4a85-ac5c-25858330196b" testListId="8c84fa94-04c1-424b-9868-57a2d4851a1d" />
    <TestEntry testId="e48b642c-09f4-0102-7220-3b8e7ff37c88" executionId="d452fe2e-3b9f-4573-8cd4-6b4d22048a65" testListId="8c84fa94-04c1-424b-9868-57a2d4851a1d" />
    <TestEntry testId="e649b2f4-e915-f12f-449b-cca2c13f2de3" executionId="f44acb78-0755-45c4-a5d5-1d8db6384fbf" testListId="8c84fa94-04c1-424b-9868-57a2d4851a1d" />
  </TestEntries>
  <Results>
    <UnitTestResult executionId="a8da30b3-e0f7-484e-af77-84e363e60f63" testId="045fb746-ba3d-711e-94ba-3ded5d205be1" testName="GetCountOfStrings_Should_Return_Right_Result" computerName="VASELOK-ПК" duration="00:00:00.5348342" startTime="2012-04-04T20:25:57.9421736+03:00" endTime="2012-04-04T20:25:58.6802158+03:00" testType="13cdc9d9-ddb5-4fa4-a97d-d965ccfc6d4b" outcome="Passed" testListId="8c84fa94-04c1-424b-9868-57a2d4851a1d" relativeResultsDirectory="a8da30b3-e0f7-484e-af77-84e363e60f63">
    </UnitTestResult>
    <UnitTestResult executionId="1139fcc9-ca7d-42e2-8093-0ca0e56e759a" testId="068a35e1-babe-dd13-85ee-ce6cb79a6f86" testName="GetStringOfSequence_Should_Return_Right_Results" computerName="VASELOK-ПК" duration="00:00:00.0021244" startTime="2012-04-04T20:25:58.6822159+03:00" endTime="2012-04-04T20:25:58.6892163+03:00" testType="13cdc9d9-ddb5-4fa4-a97d-d965ccfc6d4b" outcome="Passed" testListId="8c84fa94-04c1-424b-9868-57a2d4851a1d" relativeResultsDirectory="1139fcc9-ca7d-42e2-8093-0ca0e56e759a">
    </UnitTestResult>
    <UnitTestResult executionId="4d29a315-3d8b-48b1-b68e-7afb7d760f6e" testId="0771890c-c3d7-dcba-b29b-00cbdda92306" testName="GetIEnumerableTypesNames_Should_Throw_ArgumentNullException_If_assembly_Is_Null" computerName="VASELOK-ПК" duration="00:00:00.0029044" startTime="2012-04-04T20:25:58.6912164+03:00" endTime="2012-04-04T20:25:58.6992169+03:00" testType="13cdc9d9-ddb5-4fa4-a97d-d965ccfc6d4b" outcome="Passed" testListId="8c84fa94-04c1-424b-9868-57a2d4851a1d" relativeResultsDirectory="4d29a315-3d8b-48b1-b68e-7afb7d760f6e">
    </UnitTestResult>
    <UnitTestResult executionId="4cf64a4b-6be9-44c3-870c-794d967dd80e" testId="11c1deb1-0eef-696f-1bf1-9ebc7303fa37" testName="GetPrefixItems_Should_Return_Empty_Sequence_If_No_Items_With_Required_Prefix" computerName="VASELOK-ПК" duration="00:00:00.0009950" startTime="2012-04-04T20:25:58.7012170+03:00" endTime="2012-04-04T20:25:58.7072173+03:00" testType="13cdc9d9-ddb5-4fa4-a97d-d965ccfc6d4b" outcome="Passed" testListId="8c84fa94-04c1-424b-9868-57a2d4851a1d" relativeResultsDirectory="4cf64a4b-6be9-44c3-870c-794d967dd80e">
    </UnitTestResult>
    <UnitTestResult executionId="81241718-ab10-43a0-8cae-533f3ae37390" testId="1a3ca12f-fd40-063e-1b5e-7b7cacc7a8f9" testName="GetCountOfGreaterThen10_Should_Return_Right_Result" computerName="VASELOK-ПК" duration="00:00:00.0010630" startTime="2012-04-04T20:25:58.7082174+03:00" endTime="2012-04-04T20:25:58.7152178+03:00" testType="13cdc9d9-ddb5-4fa4-a97d-d965ccfc6d4b" outcome="Passed" testListId="8c84fa94-04c1-424b-9868-57a2d4851a1d" relativeResultsDirectory="81241718-ab10-43a0-8cae-533f3ae37390">
    </UnitTestResult>
    <UnitTestResult executionId="d3980a54-d70e-4c8b-a624-81f78813726e" testId="3a8fc5d7-2837-2826-9502-b64f8bc69515" testName="GetAllPairs_Should_Return_Right_Results" computerName="VASELOK-ПК" duration="00:00:00.0180429" startTime="2012-04-04T20:25:58.7162178+03:00" endTime="2012-04-04T20:25:58.7392192+03:00" testType="13cdc9d9-ddb5-4fa4-a97d-d965ccfc6d4b" outcome="Failed" testListId="8c84fa94-04c1-424b-9868-57a2d4851a1d" relativeResultsDirectory="d3980a54-d70e-4c8b-a624-81f78813726e">
      <Output>
        <ErrorInfo>
          <Message>Метод проверки EnumerableTest.TaskTest.GetAllPairs_Should_Return_Right_Results выдал исключение: System.NotImplementedException: Метод или операция не реализована..</Message>
          <StackTrace>    в EnumerableTask.Task.GetAllPairs(IEnumerable`1 boys, IEnumerable`1 girls) в F:\учеба\ASP_EPAM\Day6.Workshop\Enumerable\Task.cs:строка 722
   в EnumerableTest.TaskTest.GetAllPairsTest(IEnumerable`1 boys, IEnumerable`1 girls, IEnumerable`1 expected, String assertMessage) в F:\учеба\ASP_EPAM\Day6.Workshop\EnumerableTest\TaskTest.cs:строка 1169
   в EnumerableTest.TaskTest.GetAllPairs_Should_Return_Right_Results() в F:\учеба\ASP_EPAM\Day6.Workshop\EnumerableTest\TaskTest.cs:строка 1176
</StackTrace>
        </ErrorInfo>
      </Output>
    </UnitTestResult>
    <UnitTestResult executionId="ac01ae9c-0791-405a-84f6-8e607cb02816" testId="3c334d4c-8dc8-d688-719d-596a1c04a356" testName="GetDigitCharsCount_Should_Throw_ArgumentException_If_data_Is_Null" computerName="VASELOK-ПК" duration="00:00:00.0008266" startTime="2012-04-04T20:25:58.7412193+03:00" endTime="2012-04-04T20:25:58.7462196+03:00" testType="13cdc9d9-ddb5-4fa4-a97d-d965ccfc6d4b" outcome="Passed" testListId="8c84fa94-04c1-424b-9868-57a2d4851a1d" relativeResultsDirectory="ac01ae9c-0791-405a-84f6-8e607cb02816">
    </UnitTestResult>
    <UnitTestResult executionId="a0ed0508-59da-4ac3-bde2-cc03946f5402" testId="3e3e5339-fc6a-81ab-04d0-eac57d498273" testName="GetFirstContainsFirst_Should_Return_Right_Result" computerName="VASELOK-ПК" duration="00:00:00.0022741" startTime="2012-04-04T20:25:58.7482197+03:00" endTime="2012-04-04T20:25:58.7562201+03:00" testType="13cdc9d9-ddb5-4fa4-a97d-d965ccfc6d4b" outcome="Failed" testListId="8c84fa94-04c1-424b-9868-57a2d4851a1d" relativeResultsDirectory="a0ed0508-59da-4ac3-bde2-cc03946f5402">
      <Output>
        <ErrorInfo>
          <Message>Метод проверки EnumerableTest.TaskTest.GetFirstContainsFirst_Should_Return_Right_Result выдал исключение: System.ArgumentNullException: Значение не может быть неопределенным.
Имя параметра: predicate.</Message>
          <StackTrace>    в System.Linq.Enumerable.FirstOrDefault[TSource](IEnumerable`1 source, Func`2 predicate)
   в EnumerableTask.Task.GetFirstContainsFirst(IEnumerable`1 data) в F:\учеба\ASP_EPAM\Day6.Workshop\Enumerable\Task.cs:строка 247
   в EnumerableTest.TaskTest.GetFirstContainsFirstTest(IEnumerable`1 data, String expected, String assertMessage) в F:\учеба\ASP_EPAM\Day6.Workshop\EnumerableTest\TaskTest.cs:строка 381
   в EnumerableTest.TaskTest.GetFirstContainsFirst_Should_Return_Right_Result() в F:\учеба\ASP_EPAM\Day6.Workshop\EnumerableTest\TaskTest.cs:строка 387
</StackTrace>
        </ErrorInfo>
      </Output>
    </UnitTestResult>
    <UnitTestResult executionId="377482c0-0487-4236-bd69-8c897983cc58" testId="43c72a8d-c049-5b37-79ec-2fc27da8bc8d" testName="GetSquareSequence_Should_Return_Square_Items" computerName="VASELOK-ПК" duration="00:00:00.0011853" startTime="2012-04-04T20:25:58.7582203+03:00" endTime="2012-04-04T20:25:58.7652207+03:00" testType="13cdc9d9-ddb5-4fa4-a97d-d965ccfc6d4b" outcome="Passed" testListId="8c84fa94-04c1-424b-9868-57a2d4851a1d" relativeResultsDirectory="377482c0-0487-4236-bd69-8c897983cc58">
    </UnitTestResult>
    <UnitTestResult executionId="bd531382-4725-488b-bbaa-950958be2a4d" testId="490f9b19-ece3-4e52-4cc8-91678ac7e694" testName="GetAverageOfDoubleValues_Should_Return_Right_Results" computerName="VASELOK-ПК" duration="00:00:00.0023156" startTime="2012-04-04T20:25:58.7672208+03:00" endTime="2012-04-04T20:25:58.7742212+03:00" testType="13cdc9d9-ddb5-4fa4-a97d-d965ccfc6d4b" outcome="Failed" testListId="8c84fa94-04c1-424b-9868-57a2d4851a1d" relativeResultsDirectory="bd531382-4725-488b-bbaa-950958be2a4d">
      <Output>
        <ErrorInfo>
          <Message>Метод проверки EnumerableTest.TaskTest.GetAverageOfDoubleValues_Should_Return_Right_Results выдал исключение: System.NotImplementedException: Метод или операция не реализована..</Message>
          <StackTrace>    в EnumerableTask.Task.GetAverageOfDoubleValues(IEnumerable`1 data) в F:\учеба\ASP_EPAM\Day6.Workshop\Enumerable\Task.cs:строка 741
   в EnumerableTest.TaskTest.GetAverageOfDoubleValuesTest(IEnumerable`1 data, Double expected, String assertMessage) в F:\учеба\ASP_EPAM\Day6.Workshop\EnumerableTest\TaskTest.cs:строка 1207
   в EnumerableTest.TaskTest.GetAverageOfDoubleValues_Should_Return_Right_Results() в F:\учеба\ASP_EPAM\Day6.Workshop\EnumerableTest\TaskTest.cs:строка 1214
</StackTrace>
        </ErrorInfo>
      </Output>
    </UnitTestResult>
    <UnitTestResult executionId="087febd1-ff53-4aa2-9f44-cc6111ac594b" testId="493d7ab6-74be-557c-936e-edf421905239" testName="GetFirstNegativeSubsequence_Should_Return_Right_Results" computerName="VASELOK-ПК" duration="00:00:00.0020795" startTime="2012-04-04T20:25:58.7762213+03:00" endTime="2012-04-04T20:25:58.7822216+03:00" testType="13cdc9d9-ddb5-4fa4-a97d-d965ccfc6d4b" outcome="Passed" testListId="8c84fa94-04c1-424b-9868-57a2d4851a1d" relativeResultsDirectory="087febd1-ff53-4aa2-9f44-cc6111ac594b">
    </UnitTestResult>
    <UnitTestResult executionId="a04cccb4-1371-42b5-abdc-900943474583" testId="4aa0c7c0-5ae9-c68b-8fc7-21a64305d247" testName="CombineNumbersAndFruits_Should_Return_Right_Results" computerName="VASELOK-ПК" duration="00:00:00.0015471" startTime="2012-04-04T20:25:58.7842217+03:00" endTime="2012-04-04T20:25:58.7932223+03:00" testType="13cdc9d9-ddb5-4fa4-a97d-d965ccfc6d4b" outcome="Passed" testListId="8c84fa94-04c1-424b-9868-57a2d4851a1d" relativeResultsDirectory="a04cccb4-1371-42b5-abdc-900943474583">
    </UnitTestResult>
    <UnitTestResult executionId="740f7055-6d2d-417e-b76d-fd3c25335509" testId="4c54e396-1ddd-c0e2-8cd1-002e6ee61220" testName="Get3TopItems_Should_Return_Square_Items" computerName="VASELOK-ПК" duration="00:00:00.0007338" startTime="2012-04-04T20:25:58.7952224+03:00" endTime="2012-04-04T20:25:58.8002227+03:00" testType="13cdc9d9-ddb5-4fa4-a97d-d965ccfc6d4b" outcome="Passed" testListId="8c84fa94-04c1-424b-9868-57a2d4851a1d" relativeResultsDirectory="740f7055-6d2d-417e-b76d-fd3c25335509">
    </UnitTestResult>
    <UnitTestResult executionId="28d16a69-8e95-4f5e-8faa-ed0885ba43c5" testId="4c6c3795-2b19-e043-e7e0-26eaee4ec22d" testName="GetMovingSumSequence_Should_Return_Moving_Sum_Items" computerName="VASELOK-ПК" duration="00:00:00.0011019" startTime="2012-04-04T20:25:58.8032228+03:00" endTime="2012-04-04T20:25:58.8092232+03:00" testType="13cdc9d9-ddb5-4fa4-a97d-d965ccfc6d4b" outcome="Passed" testListId="8c84fa94-04c1-424b-9868-57a2d4851a1d" relativeResultsDirectory="28d16a69-8e95-4f5e-8faa-ed0885ba43c5">
    </UnitTestResult>
    <UnitTestResult executionId="f37fe0b9-2192-44e4-a607-4c75cb37673d" testId="4dae8c9f-c963-a4c7-f99c-6845e83c59e5" testName="GetUsedChars_Should_Return_List_of_Chars" computerName="VASELOK-ПК" duration="00:00:00.0019662" startTime="2012-04-04T20:25:58.8112233+03:00" endTime="2012-04-04T20:25:58.8172236+03:00" testType="13cdc9d9-ddb5-4fa4-a97d-d965ccfc6d4b" outcome="Passed" testListId="8c84fa94-04c1-424b-9868-57a2d4851a1d" relativeResultsDirectory="f37fe0b9-2192-44e4-a607-4c75cb37673d">
    </UnitTestResult>
    <UnitTestResult executionId="993dde5d-e6b2-45de-b93f-0a7899ccbed3" testId="4e4e92b1-cb43-4420-f1d2-e3e8be142f10" testName="GetMissingDigits_Should_Return_Right_Results" computerName="VASELOK-ПК" duration="00:00:00.0008227" startTime="2012-04-04T20:25:58.8192237+03:00" endTime="2012-04-04T20:25:58.8252241+03:00" testType="13cdc9d9-ddb5-4fa4-a97d-d965ccfc6d4b" outcome="Passed" testListId="8c84fa94-04c1-424b-9868-57a2d4851a1d" relativeResultsDirectory="993dde5d-e6b2-45de-b93f-0a7899ccbed3">
    </UnitTestResult>
    <UnitTestResult executionId="0d0048a6-0dee-40bb-a57d-bdf4d1a4a979" testId="4e8e8de7-9b72-0cbc-9ab1-45b0e90ac2f5" testName="GetSpecificEventEntriesCount_Should_Return_Right_Result" computerName="VASELOK-ПК" duration="00:00:00.0030314" startTime="2012-04-04T20:25:58.8272242+03:00" endTime="2012-04-04T20:25:58.8342246+03:00" testType="13cdc9d9-ddb5-4fa4-a97d-d965ccfc6d4b" outcome="Failed" testListId="8c84fa94-04c1-424b-9868-57a2d4851a1d" relativeResultsDirectory="0d0048a6-0dee-40bb-a57d-bdf4d1a4a979">
      <Output>
        <ErrorInfo>
          <Message>Метод проверки EnumerableTest.TaskTest.GetSpecificEventEntriesCount_Should_Return_Right_Result выдал исключение: System.NotImplementedException: Метод или операция не реализована..</Message>
          <StackTrace>    в EnumerableTask.Task.GetSpecificEventEntriesCount(EventLogEntryType value) в F:\учеба\ASP_EPAM\Day6.Workshop\Enumerable\Task.cs:строка 353
   в EnumerableTest.TaskTest.GetSpecificEventEntriesCount_Should_Return_Right_Result() в F:\учеба\ASP_EPAM\Day6.Workshop\EnumerableTest\TaskTest.cs:строка 531
</StackTrace>
        </ErrorInfo>
      </Output>
    </UnitTestResult>
    <UnitTestResult executionId="e5e9e775-ce25-4255-8696-5dbc84b99289" testId="54bfe939-eff8-e58f-ab02-133227efae85" testName="GetIEnumerableTypesNames_Should_Return_Right_Results" computerName="VASELOK-ПК" duration="00:00:00.0022228" startTime="2012-04-04T20:25:58.8372248+03:00" endTime="2012-04-04T20:25:58.8432251+03:00" testType="13cdc9d9-ddb5-4fa4-a97d-d965ccfc6d4b" outcome="Failed" testListId="8c84fa94-04c1-424b-9868-57a2d4851a1d" relativeResultsDirectory="e5e9e775-ce25-4255-8696-5dbc84b99289">
      <Output>
        <ErrorInfo>
          <Message>Метод проверки EnumerableTest.TaskTest.GetIEnumerableTypesNames_Should_Return_Right_Results выдал исключение: System.NotImplementedException: Метод или операция не реализована..</Message>
          <StackTrace>    в EnumerableTask.Task.GetIEnumerableTypesNames(Assembly assembly) в F:\учеба\ASP_EPAM\Day6.Workshop\Enumerable\Task.cs:строка 378
   в EnumerableTest.TaskTest.GetIEnumerableTypesNamesTest(Assembly assembly, String[] expected, String assertMessage) в F:\учеба\ASP_EPAM\Day6.Workshop\EnumerableTest\TaskTest.cs:строка 576
   в EnumerableTest.TaskTest.GetIEnumerableTypesNames_Should_Return_Right_Results() в F:\учеба\ASP_EPAM\Day6.Workshop\EnumerableTest\TaskTest.cs:строка 583
</StackTrace>
        </ErrorInfo>
      </Output>
    </UnitTestResult>
    <UnitTestResult executionId="220a9743-af88-449e-aa65-c698c8ea9015" testId="59cfd53f-f7e3-6314-32be-e4ed7905d52b" testName="GetQuarterSales_Should_Return_Right_Results" computerName="VASELOK-ПК" duration="00:00:00.0024922" startTime="2012-04-04T20:25:58.8462253+03:00" endTime="2012-04-04T20:25:58.8532257+03:00" testType="13cdc9d9-ddb5-4fa4-a97d-d965ccfc6d4b" outcome="Failed" testListId="8c84fa94-04c1-424b-9868-57a2d4851a1d" relativeResultsDirectory="220a9743-af88-449e-aa65-c698c8ea9015">
      <Output>
        <ErrorInfo>
          <Message>Метод проверки EnumerableTest.TaskTest.GetQuarterSales_Should_Return_Right_Results выдал исключение: System.NotImplementedException: Метод или операция не реализована..</Message>
          <StackTrace>    в EnumerableTask.Task.GetQuarterSales(IEnumerable`1 sales) в F:\учеба\ASP_EPAM\Day6.Workshop\Enumerable\Task.cs:строка 397
   в EnumerableTest.TaskTest.GetQuarterSalesTest(IEnumerable`1 data, Int32[] expected, String assertMessage) в F:\учеба\ASP_EPAM\Day6.Workshop\EnumerableTest\TaskTest.cs:строка 606
   в EnumerableTest.TaskTest.GetQuarterSales_Should_Return_Right_Results() в F:\учеба\ASP_EPAM\Day6.Workshop\EnumerableTest\TaskTest.cs:строка 613
</StackTrace>
        </ErrorInfo>
      </Output>
    </UnitTestResult>
    <UnitTestResult executionId="1f46a490-8af9-45eb-b39e-15e41c024b4c" testId="5b75b77b-328e-1e07-812e-ae5858f99375" testName="GetPrefixItems_Should_Return_Items_Started_With_Required_Prefix" computerName="VASELOK-ПК" duration="00:00:00.0003634" startTime="2012-04-04T20:25:58.8552258+03:00" endTime="2012-04-04T20:25:58.8612261+03:00" testType="13cdc9d9-ddb5-4fa4-a97d-d965ccfc6d4b" outcome="Passed" testListId="8c84fa94-04c1-424b-9868-57a2d4851a1d" relativeResultsDirectory="1f46a490-8af9-45eb-b39e-15e41c024b4c">
    </UnitTestResult>
    <UnitTestResult executionId="5e6c452d-60b9-4469-8fc7-938cdca0a4ff" testId="608e8c24-666d-dcf7-c02c-68d28a471684" testName="GetPrefixItems_Should_Raise_Exception_If_Prefix_Is_Null" computerName="VASELOK-ПК" duration="00:00:00.0005302" startTime="2012-04-04T20:25:58.8632263+03:00" endTime="2012-04-04T20:25:58.8692266+03:00" testType="13cdc9d9-ddb5-4fa4-a97d-d965ccfc6d4b" outcome="Passed" testListId="8c84fa94-04c1-424b-9868-57a2d4851a1d" relativeResultsDirectory="5e6c452d-60b9-4469-8fc7-938cdca0a4ff">
    </UnitTestResult>
    <UnitTestResult executionId="7483f075-3d43-4465-99c9-29df46c008f5" testId="6555c6f9-4be4-2bb5-f66b-17e0ac806335" testName="GetTotalStringsLength_Should_Return_Right_Results" computerName="VASELOK-ПК" duration="00:00:00.0009779" startTime="2012-04-04T20:25:58.8712267+03:00" endTime="2012-04-04T20:25:58.8772271+03:00" testType="13cdc9d9-ddb5-4fa4-a97d-d965ccfc6d4b" outcome="Passed" testListId="8c84fa94-04c1-424b-9868-57a2d4851a1d" relativeResultsDirectory="7483f075-3d43-4465-99c9-29df46c008f5">
    </UnitTestResult>
    <UnitTestResult executionId="c2d5df91-23e5-4500-98ff-6a7b11f66c38" testId="7341c297-c057-8ebe-50ef-d6d392dc16f5" testName="IsAllStringsAreUppercase_Should_Return_Right_Results" computerName="VASELOK-ПК" duration="00:00:00.0009972" startTime="2012-04-04T20:25:58.8782271+03:00" endTime="2012-04-04T20:25:58.8842275+03:00" testType="13cdc9d9-ddb5-4fa4-a97d-d965ccfc6d4b" outcome="Passed" testListId="8c84fa94-04c1-424b-9868-57a2d4851a1d" relativeResultsDirectory="c2d5df91-23e5-4500-98ff-6a7b11f66c38">
    </UnitTestResult>
    <UnitTestResult executionId="50c9b522-ded2-419a-9450-eada9ecfbcac" testId="7b6e24df-00d3-a95f-ea51-95c29ba34c7e" testName="GetCommonChars_Should_Return_Right_Results" computerName="VASELOK-ПК" duration="00:00:00.0010943" startTime="2012-04-04T20:25:58.8862276+03:00" endTime="2012-04-04T20:25:58.8922279+03:00" testType="13cdc9d9-ddb5-4fa4-a97d-d965ccfc6d4b" outcome="Passed" testListId="8c84fa94-04c1-424b-9868-57a2d4851a1d" relativeResultsDirectory="50c9b522-ded2-419a-9450-eada9ecfbcac">
    </UnitTestResult>
    <UnitTestResult executionId="eaeb7dde-47f2-4b80-82c4-c16b6177c586" testId="83e0f4f5-fabe-f6d3-a9f0-71b579a2d736" testName="SortStringsByLengthAndAlphabet_Should_Return_Right_Results" computerName="VASELOK-ПК" duration="00:00:00.0011092" startTime="2012-04-04T20:25:58.8942280+03:00" endTime="2012-04-04T20:25:58.9012284+03:00" testType="13cdc9d9-ddb5-4fa4-a97d-d965ccfc6d4b" outcome="Passed" testListId="8c84fa94-04c1-424b-9868-57a2d4851a1d" relativeResultsDirectory="eaeb7dde-47f2-4b80-82c4-c16b6177c586">
    </UnitTestResult>
    <UnitTestResult executionId="3e33f0e0-5788-4b6d-8d09-a0230a469f68" testId="89ecf07f-9a5c-e329-78c4-b63b2fb8e2c9" testName="GetUppercaseStrings_Should_Return_Uppercased_Strings" computerName="VASELOK-ПК" duration="00:00:00.0009369" startTime="2012-04-04T20:25:58.9022285+03:00" endTime="2012-04-04T20:25:58.9082288+03:00" testType="13cdc9d9-ddb5-4fa4-a97d-d965ccfc6d4b" outcome="Passed" testListId="8c84fa94-04c1-424b-9868-57a2d4851a1d" relativeResultsDirectory="3e33f0e0-5788-4b6d-8d09-a0230a469f68">
    </UnitTestResult>
    <UnitTestResult executionId="14abd5eb-dec5-493d-bea6-f56656636934" testId="9d4bc957-b6ab-4cff-5705-277f192062d5" testName="IsSequenceHasNulls_Should_Return_Right_Results" computerName="VASELOK-ПК" duration="00:00:00.0006589" startTime="2012-04-04T20:25:58.9102289+03:00" endTime="2012-04-04T20:25:58.9162293+03:00" testType="13cdc9d9-ddb5-4fa4-a97d-d965ccfc6d4b" outcome="Passed" testListId="8c84fa94-04c1-424b-9868-57a2d4851a1d" relativeResultsDirectory="14abd5eb-dec5-493d-bea6-f56656636934">
    </UnitTestResult>
    <UnitTestResult executionId="f8570429-afa2-43c5-8d9a-aea37f2ce6ad" testId="a33a0fd4-ff4b-0e60-b661-e1b89609621a" testName="GetStringsLength_Should_Return_Strings_Length" computerName="VASELOK-ПК" duration="00:00:00.0011041" startTime="2012-04-04T20:25:58.9182294+03:00" endTime="2012-04-04T20:25:58.9242297+03:00" testType="13cdc9d9-ddb5-4fa4-a97d-d965ccfc6d4b" outcome="Passed" testListId="8c84fa94-04c1-424b-9868-57a2d4851a1d" relativeResultsDirectory="f8570429-afa2-43c5-8d9a-aea37f2ce6ad">
    </UnitTestResult>
    <UnitTestResult executionId="53a29e41-eeec-4ef6-95b5-d520c7eb6924" testId="a44f1187-d82a-d56b-ebad-aa457d19da97" testName="GetEvenItems_Should_Return_Empty_If_Sequence_Length_Is_Less_Than_2" computerName="VASELOK-ПК" duration="00:00:00.0009347" startTime="2012-04-04T20:25:58.9252298+03:00" endTime="2012-04-04T20:25:58.9312301+03:00" testType="13cdc9d9-ddb5-4fa4-a97d-d965ccfc6d4b" outcome="Passed" testListId="8c84fa94-04c1-424b-9868-57a2d4851a1d" relativeResultsDirectory="53a29e41-eeec-4ef6-95b5-d520c7eb6924">
    </UnitTestResult>
    <UnitTestResult executionId="34dfad02-23df-41b2-9416-a3dcfc62de14" testId="b2ed6984-7457-c58c-2e37-b04fc204b9b6" testName="PropagateItemsByPostionIndex_Should_Return_Right_Results" computerName="VASELOK-ПК" duration="00:00:00.0013850" startTime="2012-04-04T20:25:58.9332303+03:00" endTime="2012-04-04T20:25:58.9412307+03:00" testType="13cdc9d9-ddb5-4fa4-a97d-d965ccfc6d4b" outcome="Passed" testListId="8c84fa94-04c1-424b-9868-57a2d4851a1d" relativeResultsDirectory="34dfad02-23df-41b2-9416-a3dcfc62de14">
    </UnitTestResult>
    <UnitTestResult executionId="00f7a218-f410-48a7-ab27-374bd003e33b" testId="b49786a5-3674-e883-0aa2-b7b8dd7bac3c" testName="GetDigitCharsCount_Should_Return_Number_Of_Digit_Chars" computerName="VASELOK-ПК" duration="00:00:00.0003870" startTime="2012-04-04T20:25:58.9452309+03:00" endTime="2012-04-04T20:25:58.9512313+03:00" testType="13cdc9d9-ddb5-4fa4-a97d-d965ccfc6d4b" outcome="Passed" testListId="8c84fa94-04c1-424b-9868-57a2d4851a1d" relativeResultsDirectory="00f7a218-f410-48a7-ab27-374bd003e33b">
    </UnitTestResult>
    <UnitTestResult executionId="07e0997f-798e-44a4-9bfc-a3de74aa0949" testId="b71c9ec6-625b-4e8f-1ec8-f546c24b3cdd" testName="GetNextVersionFromList_Should_Return_Right_Results" computerName="VASELOK-ПК" duration="00:00:00.0087099" startTime="2012-04-04T20:25:58.9532314+03:00" endTime="2012-04-04T20:25:58.9672322+03:00" testType="13cdc9d9-ddb5-4fa4-a97d-d965ccfc6d4b" outcome="Failed" testListId="8c84fa94-04c1-424b-9868-57a2d4851a1d" relativeResultsDirectory="07e0997f-798e-44a4-9bfc-a3de74aa0949">
      <Output>
        <ErrorInfo>
          <Message>Ошибка в Assert.AreEqual. Ожидается: &lt;1.5&gt;. Фактически: &lt;(null)&gt;. GetNextVersionFromList should return right results</Message>
          <StackTrace>   в EnumerableTest.TaskTest.GetNextVersionFromListTest(IEnumerable`1 data, String currVersion, String expected, String assertMessage) в F:\учеба\ASP_EPAM\Day6.Workshop\EnumerableTest\TaskTest.cs:строка 1081
   в EnumerableTest.TaskTest.GetNextVersionFromList_Should_Return_Right_Results() в F:\учеба\ASP_EPAM\Day6.Workshop\EnumerableTest\TaskTest.cs:строка 1087
</StackTrace>
        </ErrorInfo>
      </Output>
    </UnitTestResult>
    <UnitTestResult executionId="64c47813-1921-44d5-844c-1dfbc0c95c9e" testId="bc926853-5e8d-4b91-f7a9-538af70e4dc9" testName="GetSumOfAllInts_Should_Return_Right_Results" computerName="VASELOK-ПК" duration="00:00:00.0007821" startTime="2012-04-04T20:25:58.9692323+03:00" endTime="2012-04-04T20:25:58.9752327+03:00" testType="13cdc9d9-ddb5-4fa4-a97d-d965ccfc6d4b" outcome="Passed" testListId="8c84fa94-04c1-424b-9868-57a2d4851a1d" relativeResultsDirectory="64c47813-1921-44d5-844c-1dfbc0c95c9e">
    </UnitTestResult>
    <UnitTestResult executionId="6b761dcf-9634-4b25-9ff2-562db3564278" testId="c12e3770-66b3-84f2-92aa-d27c4eb76039" testName="SortDigitNamesByNumericOrder_Should_Return_Right_Results" computerName="VASELOK-ПК" duration="00:00:00.0009634" startTime="2012-04-04T20:25:58.9782328+03:00" endTime="2012-04-04T20:25:58.9832331+03:00" testType="13cdc9d9-ddb5-4fa4-a97d-d965ccfc6d4b" outcome="Passed" testListId="8c84fa94-04c1-424b-9868-57a2d4851a1d" relativeResultsDirectory="6b761dcf-9634-4b25-9ff2-562db3564278">
    </UnitTestResult>
    <UnitTestResult executionId="6ddcbc59-9d1b-4ad2-a4d8-ec04914429dc" testId="c16c7d47-220f-99a7-bc0c-07aa9bd68b77" testName="GetCountOfStringsWithMaxLenght_Should_Return_Right_Result" computerName="VASELOK-ПК" duration="00:00:00.0015236" startTime="2012-04-04T20:25:58.9862333+03:00" endTime="2012-04-04T20:25:58.9932337+03:00" testType="13cdc9d9-ddb5-4fa4-a97d-d965ccfc6d4b" outcome="Passed" testListId="8c84fa94-04c1-424b-9868-57a2d4851a1d" relativeResultsDirectory="6ddcbc59-9d1b-4ad2-a4d8-ec04914429dc">
    </UnitTestResult>
    <UnitTestResult executionId="e7821f17-e780-43cd-86d4-8a1543bd864b" testId="cfe08222-f6de-0def-88d5-c5148407d1d3" testName="GetSumOfVectors_Should_Return_Right_Results" computerName="VASELOK-ПК" duration="00:00:00.0022437" startTime="2012-04-04T20:25:58.9952338+03:00" endTime="2012-04-04T20:25:59.0022342+03:00" testType="13cdc9d9-ddb5-4fa4-a97d-d965ccfc6d4b" outcome="Failed" testListId="8c84fa94-04c1-424b-9868-57a2d4851a1d" relativeResultsDirectory="e7821f17-e780-43cd-86d4-8a1543bd864b">
      <Output>
        <ErrorInfo>
          <Message>Метод проверки EnumerableTest.TaskTest.GetSumOfVectors_Should_Return_Right_Results выдал исключение: System.NotImplementedException: Метод или операция не реализована..</Message>
          <StackTrace>    в EnumerableTask.Task.GetSumOfVectors(IEnumerable`1 vector1, IEnumerable`1 vector2) в F:\учеба\ASP_EPAM\Day6.Workshop\Enumerable\Task.cs:строка 683
   в EnumerableTest.TaskTest.GetSumOfVectorsTest(IEnumerable`1 v1, IEnumerable`1 v2, IEnumerable`1 expected, String assertMessage) в F:\учеба\ASP_EPAM\Day6.Workshop\EnumerableTest\TaskTest.cs:строка 1106
   в EnumerableTest.TaskTest.GetSumOfVectors_Should_Return_Right_Results() в F:\учеба\ASP_EPAM\Day6.Workshop\EnumerableTest\TaskTest.cs:строка 1113
</StackTrace>
        </ErrorInfo>
      </Output>
    </UnitTestResult>
    <UnitTestResult executionId="48a3abd4-6346-4a2d-93d3-7a6d2435a620" testId="d1002e82-3a94-1810-4291-c7e3a753bb07" testName="AreNumericListsEqual_Should_Return_Right_Results" computerName="VASELOK-ПК" duration="00:00:00.0012174" startTime="2012-04-04T20:25:59.0042343+03:00" endTime="2012-04-04T20:25:59.0112347+03:00" testType="13cdc9d9-ddb5-4fa4-a97d-d965ccfc6d4b" outcome="Passed" testListId="8c84fa94-04c1-424b-9868-57a2d4851a1d" relativeResultsDirectory="48a3abd4-6346-4a2d-93d3-7a6d2435a620">
    </UnitTestResult>
    <UnitTestResult executionId="6d17d8b7-e768-466f-a11e-ee2f5d1bf2d4" testId="d46cfb58-bf8e-887e-ce38-565d152e39c9" testName="GetCountOfStringsWithLengthEqualsTo3_Should_Return_Right_Result" computerName="VASELOK-ПК" duration="00:00:00.0011379" startTime="2012-04-04T20:25:59.0132348+03:00" endTime="2012-04-04T20:25:59.0182351+03:00" testType="13cdc9d9-ddb5-4fa4-a97d-d965ccfc6d4b" outcome="Passed" testListId="8c84fa94-04c1-424b-9868-57a2d4851a1d" relativeResultsDirectory="6d17d8b7-e768-466f-a11e-ee2f5d1bf2d4">
    </UnitTestResult>
    <UnitTestResult executionId="b834ac0d-75ca-4a85-ac5c-25858330196b" testId="e24fc1e5-5dfe-c952-0f03-ee2451eb399e" testName="GetProductOfVectors_Should_Return_Right_Results" computerName="VASELOK-ПК" duration="00:00:00.0020637" startTime="2012-04-04T20:25:59.0202352+03:00" endTime="2012-04-04T20:25:59.0282357+03:00" testType="13cdc9d9-ddb5-4fa4-a97d-d965ccfc6d4b" outcome="Failed" testListId="8c84fa94-04c1-424b-9868-57a2d4851a1d" relativeResultsDirectory="b834ac0d-75ca-4a85-ac5c-25858330196b">
      <Output>
        <ErrorInfo>
          <Message>Метод проверки EnumerableTest.TaskTest.GetProductOfVectors_Should_Return_Right_Results выдал исключение: System.NotImplementedException: Метод или операция не реализована..</Message>
          <StackTrace>    в EnumerableTask.Task.GetProductOfVectors(IEnumerable`1 vector1, IEnumerable`1 vector2) в F:\учеба\ASP_EPAM\Day6.Workshop\Enumerable\Task.cs:строка 702
   в EnumerableTest.TaskTest.GetProductOfVectorsTest(IEnumerable`1 v1, IEnumerable`1 v2, Int32 expected, String assertMessage) в F:\учеба\ASP_EPAM\Day6.Workshop\EnumerableTest\TaskTest.cs:строка 1138
   в EnumerableTest.TaskTest.GetProductOfVectors_Should_Return_Right_Results() в F:\учеба\ASP_EPAM\Day6.Workshop\EnumerableTest\TaskTest.cs:строка 1145
</StackTrace>
        </ErrorInfo>
      </Output>
    </UnitTestResult>
    <UnitTestResult executionId="d452fe2e-3b9f-4573-8cd4-6b4d22048a65" testId="e48b642c-09f4-0102-7220-3b8e7ff37c88" testName="GetEvenItems_Should_Return_EvenItems" computerName="VASELOK-ПК" duration="00:00:00.0002262" startTime="2012-04-04T20:25:59.0302358+03:00" endTime="2012-04-04T20:25:59.0362362+03:00" testType="13cdc9d9-ddb5-4fa4-a97d-d965ccfc6d4b" outcome="Passed" testListId="8c84fa94-04c1-424b-9868-57a2d4851a1d" relativeResultsDirectory="d452fe2e-3b9f-4573-8cd4-6b4d22048a65">
    </UnitTestResult>
    <UnitTestResult executionId="f44acb78-0755-45c4-a5d5-1d8db6384fbf" testId="e649b2f4-e915-f12f-449b-cca2c13f2de3" testName="GetStringsOnly_Should_Return_Right_Results" computerName="VASELOK-ПК" duration="00:00:00.0011088" startTime="2012-04-04T20:25:59.0382363+03:00" endTime="2012-04-04T20:25:59.0442366+03:00" testType="13cdc9d9-ddb5-4fa4-a97d-d965ccfc6d4b" outcome="Passed" testListId="8c84fa94-04c1-424b-9868-57a2d4851a1d" relativeResultsDirectory="f44acb78-0755-45c4-a5d5-1d8db6384fbf">
    </UnitTestResult>
  </Results>
</TestRun>